<?xml version="1.0" encoding="UTF-8"?>
<coverage generated="1748028730061" clover="3.2.0">
  <project timestamp="1748028730061" name="All files">
    <metrics statements="71" coveredstatements="68" conditionals="20" coveredconditionals="12" methods="19" coveredmethods="19" elements="110" coveredelements="99" complexity="0" loc="71" ncloc="71" packages="2" files="5" classes="5"/>
    <package name="src">
      <metrics statements="67" coveredstatements="64" conditionals="20" coveredconditionals="12" methods="17" coveredmethods="17"/>
      <file name="CliWrapper.ts" path="/mnt/workspace/workspace/decaf/decaf-ts/cli/src/CliWrapper.ts">
        <metrics statements="49" coveredstatements="47" conditionals="16" coveredconditionals="11" methods="9" coveredmethods="9"/>
        <line num="1" count="2" type="stmt"/>
        <line num="2" count="2" type="stmt"/>
        <line num="3" count="2" type="stmt"/>
        <line num="4" count="2" type="stmt"/>
        <line num="5" count="2" type="stmt"/>
        <line num="16" count="2" type="stmt"/>
        <line num="18" count="4" type="stmt"/>
        <line num="21" count="4" type="cond" truecount="0" falsecount="1"/>
        <line num="22" count="4" type="cond" truecount="1" falsecount="0"/>
        <line num="30" count="10" type="cond" truecount="1" falsecount="0"/>
        <line num="31" count="2" type="stmt"/>
        <line num="32" count="2" type="stmt"/>
        <line num="34" count="10" type="stmt"/>
        <line num="48" count="9" type="stmt"/>
        <line num="49" count="9" type="stmt"/>
        <line num="50" count="5" type="stmt"/>
        <line num="51" count="5" type="stmt"/>
        <line num="52" count="5" type="stmt"/>
        <line num="53" count="5" type="stmt"/>
        <line num="54" count="5" type="cond" truecount="0" falsecount="1"/>
        <line num="55" count="5" type="stmt"/>
        <line num="57" count="4" type="stmt"/>
        <line num="61" count="5" type="stmt"/>
        <line num="70" count="4" type="stmt"/>
        <line num="71" count="4" type="stmt"/>
        <line num="72" count="4" type="stmt"/>
        <line num="73" count="8" type="cond" truecount="0" falsecount="1"/>
        <line num="74" count="0" type="stmt"/>
        <line num="77" count="8" type="stmt"/>
        <line num="78" count="8" type="stmt"/>
        <line num="80" count="4" type="stmt"/>
        <line num="81" count="4" type="stmt"/>
        <line num="84" count="4" type="cond" truecount="1" falsecount="0"/>
        <line num="86" count="2" type="stmt"/>
        <line num="89" count="2" type="stmt"/>
        <line num="90" count="2" type="stmt"/>
        <line num="92" count="0" type="stmt"/>
        <line num="95" count="4" type="stmt"/>
        <line num="97" count="4" type="stmt"/>
        <line num="109" count="5878" type="cond" truecount="1" falsecount="0"/>
        <line num="110" count="3792" type="stmt"/>
        <line num="111" count="30065" type="stmt"/>
        <line num="112" count="30065" type="cond" truecount="2" falsecount="0"/>
        <line num="113" count="5873" type="stmt"/>
        <line num="114" count="24192" type="cond" truecount="1" falsecount="0"/>
        <line num="115" count="9" type="stmt"/>
        <line num="117" count="30065" type="stmt"/>
        <line num="127" count="3" type="stmt"/>
        <line num="128" count="3" type="stmt"/>
      </file>
      <file name="constants.ts" path="/mnt/workspace/workspace/decaf/decaf-ts/cli/src/constants.ts">
        <metrics statements="1" coveredstatements="1" conditionals="0" coveredconditionals="0" methods="0" coveredmethods="0"/>
        <line num="11" count="3" type="stmt"/>
      </file>
      <file name="index.ts" path="/mnt/workspace/workspace/decaf/decaf-ts/cli/src/index.ts">
        <metrics statements="2" coveredstatements="2" conditionals="0" coveredconditionals="0" methods="0" coveredmethods="0"/>
        <line num="1" count="2" type="stmt"/>
        <line num="38" count="2" type="stmt"/>
      </file>
      <file name="utils.ts" path="/mnt/workspace/workspace/decaf/decaf-ts/cli/src/utils.ts">
        <metrics statements="15" coveredstatements="14" conditionals="4" coveredconditionals="1" methods="8" coveredmethods="8"/>
        <line num="1" count="3" type="stmt"/>
        <line num="2" count="3" type="stmt"/>
        <line num="12" count="3" type="stmt"/>
        <line num="19" count="12" type="stmt"/>
        <line num="20" count="12" type="stmt"/>
        <line num="22" count="0" type="stmt"/>
        <line num="38" count="12" type="stmt"/>
        <line num="39" count="6" type="cond" truecount="1" falsecount="1"/>
        <line num="50" count="7" type="stmt"/>
        <line num="51" count="7" type="stmt"/>
        <line num="64" count="15" type="stmt"/>
        <line num="65" count="15" type="stmt"/>
        <line num="69" count="1" type="stmt"/>
        <line num="78" count="7" type="stmt"/>
        <line num="86" count="7" type="stmt"/>
      </file>
    </package>
    <package name="src.demo">
      <metrics statements="4" coveredstatements="4" conditionals="0" coveredconditionals="0" methods="2" coveredmethods="2"/>
      <file name="cli-module.ts" path="/mnt/workspace/workspace/decaf/decaf-ts/cli/src/demo/cli-module.ts">
        <metrics statements="4" coveredstatements="4" conditionals="0" coveredconditionals="0" methods="2" coveredmethods="2"/>
        <line num="1" count="1" type="stmt"/>
        <line num="28" count="1" type="stmt"/>
        <line num="29" count="1" type="stmt"/>
        <line num="33" count="1" type="stmt"/>
      </file>
    </package>
  </project>
</coverage>
