{"/home/tvenceslau/local-workspace/decaf-ts/cli/lib/cjs/CliWrapper.js": {"path":"/home/tvenceslau/local-workspace/decaf-ts/cli/lib/cjs/CliWrapper.js","statementMap":{"0":{"start":{"line":1,"column":0},"end":{"line":1,"column":36}},"1":{"start":{"line":2,"column":0},"end":{"line":2,"column":20}},"2":{"start":{"line":3,"column":0},"end":{"line":3,"column":24}},"3":{"start":{"line":4,"column":0},"end":{"line":4,"column":47}},"4":{"start":{"line":5,"column":0},"end":{"line":5,"column":38}},"5":{"start":{"line":6,"column":0},"end":{"line":6,"column":68}},"6":{"start":{"line":7,"column":0},"end":{"line":7,"column":54}},"7":{"start":{"line":8,"column":0},"end":{"line":8,"column":43}},"8":{"start":{"line":9,"column":0},"end":{"line":9,"column":56}},"9":{"start":{"line":10,"column":0},"end":{"line":10,"column":55}},"10":{"start":{"line":11,"column":0},"end":{"line":11,"column":59}},"11":{"start":{"line":12,"column":0},"end":{"line":12,"column":55}},"12":{"start":{"line":13,"column":25},"end":{"line":13,"column":27}},"13":{"start":{"line":14,"column":26},"end":{"line":14,"column":39}},"14":{"start":{"line":15,"column":24},"end":{"line":15,"column":93}},"15":{"start":{"line":16,"column":25},"end":{"line":18,"column":32}},"16":{"start":{"line":19,"column":29},"end":{"line":22,"column":54}},"17":{"start":{"line":23,"column":25},"end":{"line":25,"column":36}},"18":{"start":{"line":26,"column":27},"end":{"line":32,"column":1}},"19":{"start":{"line":27,"column":4},"end":{"line":31,"column":7}},"20":{"start":{"line":33,"column":25},"end":{"line":33,"column":40}},"21":{"start":{"line":34,"column":34},"end":{"line":38,"column":2}},"22":{"start":{"line":39,"column":22},"end":{"line":49,"column":2}},"23":{"start":{"line":42,"column":8},"end":{"line":43,"column":29}},"24":{"start":{"line":43,"column":12},"end":{"line":43,"column":29}},"25":{"start":{"line":44,"column":8},"end":{"line":44,"column":50}},"26":{"start":{"line":47,"column":8},"end":{"line":47,"column":55}},"27":{"start":{"line":50,"column":0},"end":{"line":55,"column":1}},"28":{"start":{"line":51,"column":4},"end":{"line":51,"column":36}},"29":{"start":{"line":54,"column":4},"end":{"line":54,"column":77}},"30":{"start":{"line":56,"column":0},"end":{"line":56,"column":38}},"31":{"start":{"line":75,"column":13},"end":{"line":75,"column":45}},"32":{"start":{"line":77,"column":8},"end":{"line":77,"column":16}},"33":{"start":{"line":78,"column":8},"end":{"line":78,"column":33}},"34":{"start":{"line":79,"column":8},"end":{"line":79,"column":39}},"35":{"start":{"line":80,"column":8},"end":{"line":80,"column":26}},"36":{"start":{"line":81,"column":8},"end":{"line":81,"column":45}},"37":{"start":{"line":82,"column":8},"end":{"line":82,"column":32}},"38":{"start":{"line":83,"column":8},"end":{"line":83,"column":32}},"39":{"start":{"line":84,"column":8},"end":{"line":84,"column":46}},"40":{"start":{"line":85,"column":8},"end":{"line":85,"column":35}},"41":{"start":{"line":86,"column":8},"end":{"line":86,"column":75}},"42":{"start":{"line":95,"column":8},"end":{"line":98,"column":9}},"43":{"start":{"line":96,"column":12},"end":{"line":96,"column":42}},"44":{"start":{"line":97,"column":12},"end":{"line":97,"column":62}},"45":{"start":{"line":99,"column":8},"end":{"line":99,"column":29}},"46":{"start":{"line":129,"column":20},"end":{"line":129,"column":43}},"47":{"start":{"line":131,"column":8},"end":{"line":151,"column":9}},"48":{"start":{"line":132,"column":25},"end":{"line":132,"column":62}},"49":{"start":{"line":133,"column":12},"end":{"line":133,"column":31}},"50":{"start":{"line":134,"column":12},"end":{"line":135,"column":34}},"51":{"start":{"line":135,"column":16},"end":{"line":135,"column":34}},"52":{"start":{"line":136,"column":12},"end":{"line":137,"column":38}},"53":{"start":{"line":137,"column":16},"end":{"line":137,"column":38}},"54":{"start":{"line":138,"column":12},"end":{"line":139,"column":97}},"55":{"start":{"line":139,"column":16},"end":{"line":139,"column":97}},"56":{"start":{"line":140,"column":12},"end":{"line":140,"column":47}},"57":{"start":{"line":141,"column":31},"end":{"line":141,"column":74}},"58":{"start":{"line":142,"column":32},"end":{"line":142,"column":71}},"59":{"start":{"line":143,"column":12},"end":{"line":146,"column":13}},"60":{"start":{"line":145,"column":16},"end":{"line":145,"column":33}},"61":{"start":{"line":147,"column":12},"end":{"line":147,"column":63}},"62":{"start":{"line":150,"column":12},"end":{"line":150,"column":110}},"63":{"start":{"line":152,"column":8},"end":{"line":152,"column":20}},"64":{"start":{"line":155,"column":8},"end":{"line":155,"column":36}},"65":{"start":{"line":156,"column":8},"end":{"line":165,"column":9}},"66":{"start":{"line":157,"column":28},"end":{"line":157,"column":56}},"67":{"start":{"line":158,"column":28},"end":{"line":158,"column":62}},"68":{"start":{"line":159,"column":12},"end":{"line":161,"column":13}},"69":{"start":{"line":160,"column":16},"end":{"line":160,"column":51}},"70":{"start":{"line":164,"column":12},"end":{"line":164,"column":70}},"71":{"start":{"line":197,"column":20},"end":{"line":197,"column":43}},"72":{"start":{"line":198,"column":8},"end":{"line":198,"column":49}},"73":{"start":{"line":199,"column":8},"end":{"line":199,"column":47}},"74":{"start":{"line":200,"column":8},"end":{"line":200,"column":35}},"75":{"start":{"line":201,"column":25},"end":{"line":201,"column":43}},"76":{"start":{"line":202,"column":21},"end":{"line":202,"column":30}},"77":{"start":{"line":203,"column":8},"end":{"line":203,"column":60}},"78":{"start":{"line":204,"column":27},"end":{"line":204,"column":54}},"79":{"start":{"line":205,"column":8},"end":{"line":207,"column":9}},"80":{"start":{"line":206,"column":12},"end":{"line":206,"column":65}},"81":{"start":{"line":208,"column":36},"end":{"line":208,"column":65}},"82":{"start":{"line":209,"column":8},"end":{"line":211,"column":9}},"83":{"start":{"line":210,"column":12},"end":{"line":210,"column":67}},"84":{"start":{"line":212,"column":8},"end":{"line":214,"column":27}},"85":{"start":{"line":213,"column":24},"end":{"line":213,"column":32}},"86":{"start":{"line":217,"column":20},"end":{"line":217,"column":58}},"87":{"start":{"line":218,"column":8},"end":{"line":238,"column":9}},"88":{"start":{"line":219,"column":12},"end":{"line":237,"column":13}},"89":{"start":{"line":220,"column":35},"end":{"line":220,"column":47}},"90":{"start":{"line":221,"column":16},"end":{"line":223,"column":17}},"91":{"start":{"line":222,"column":20},"end":{"line":222,"column":29}},"92":{"start":{"line":224,"column":32},"end":{"line":224,"column":41}},"93":{"start":{"line":225,"column":16},"end":{"line":227,"column":17}},"94":{"start":{"line":226,"column":20},"end":{"line":226,"column":29}},"95":{"start":{"line":228,"column":16},"end":{"line":228,"column":52}},"96":{"start":{"line":229,"column":16},"end":{"line":229,"column":57}},"97":{"start":{"line":230,"column":16},"end":{"line":230,"column":77}},"98":{"start":{"line":231,"column":16},"end":{"line":233,"column":17}},"99":{"start":{"line":231,"column":57},"end":{"line":231,"column":82}},"100":{"start":{"line":232,"column":20},"end":{"line":232,"column":53}},"101":{"start":{"line":236,"column":16},"end":{"line":236,"column":131}},"102":{"start":{"line":241,"column":8},"end":{"line":243,"column":9}},"103":{"start":{"line":242,"column":12},"end":{"line":242,"column":19}},"104":{"start":{"line":244,"column":8},"end":{"line":251,"column":9}},"105":{"start":{"line":245,"column":12},"end":{"line":247,"column":13}},"106":{"start":{"line":246,"column":16},"end":{"line":246,"column":23}},"107":{"start":{"line":250,"column":12},"end":{"line":250,"column":19}},"108":{"start":{"line":252,"column":24},"end":{"line":252,"column":62}},"109":{"start":{"line":253,"column":8},"end":{"line":281,"column":9}},"110":{"start":{"line":254,"column":29},"end":{"line":254,"column":49}},"111":{"start":{"line":255,"column":12},"end":{"line":257,"column":13}},"112":{"start":{"line":256,"column":16},"end":{"line":256,"column":25}},"113":{"start":{"line":258,"column":12},"end":{"line":258,"column":31}},"114":{"start":{"line":260,"column":12},"end":{"line":266,"column":13}},"115":{"start":{"line":261,"column":16},"end":{"line":261,"column":49}},"116":{"start":{"line":264,"column":16},"end":{"line":264,"column":33}},"117":{"start":{"line":265,"column":16},"end":{"line":265,"column":25}},"118":{"start":{"line":267,"column":12},"end":{"line":269,"column":13}},"119":{"start":{"line":268,"column":16},"end":{"line":268,"column":25}},"120":{"start":{"line":270,"column":38},"end":{"line":270,"column":94}},"121":{"start":{"line":270,"column":74},"end":{"line":270,"column":93}},"122":{"start":{"line":271,"column":12},"end":{"line":274,"column":13}},"123":{"start":{"line":272,"column":16},"end":{"line":272,"column":86}},"124":{"start":{"line":273,"column":16},"end":{"line":273,"column":25}},"125":{"start":{"line":275,"column":12},"end":{"line":280,"column":13}},"126":{"start":{"line":276,"column":16},"end":{"line":276,"column":60}},"127":{"start":{"line":279,"column":16},"end":{"line":279,"column":33}},"128":{"start":{"line":284,"column":27},"end":{"line":284,"column":36}},"129":{"start":{"line":285,"column":27},"end":{"line":285,"column":42}},"130":{"start":{"line":286,"column":25},"end":{"line":286,"column":43}},"131":{"start":{"line":287,"column":8},"end":{"line":289,"column":9}},"132":{"start":{"line":288,"column":12},"end":{"line":288,"column":38}},"133":{"start":{"line":290,"column":8},"end":{"line":306,"column":9}},"134":{"start":{"line":291,"column":29},"end":{"line":291,"column":78}},"135":{"start":{"line":292,"column":12},"end":{"line":305,"column":13}},"136":{"start":{"line":293,"column":16},"end":{"line":295,"column":17}},"137":{"start":{"line":294,"column":20},"end":{"line":294,"column":29}},"138":{"start":{"line":296,"column":32},"end":{"line":296,"column":81}},"139":{"start":{"line":297,"column":16},"end":{"line":301,"column":17}},"140":{"start":{"line":298,"column":20},"end":{"line":299,"column":33}},"141":{"start":{"line":299,"column":24},"end":{"line":299,"column":33}},"142":{"start":{"line":300,"column":20},"end":{"line":300,"column":68}},"143":{"start":{"line":307,"column":8},"end":{"line":307,"column":38}},"144":{"start":{"line":310,"column":22},"end":{"line":310,"column":31}},"145":{"start":{"line":311,"column":21},"end":{"line":311,"column":47}},"146":{"start":{"line":312,"column":8},"end":{"line":320,"column":9}},"147":{"start":{"line":313,"column":12},"end":{"line":315,"column":13}},"148":{"start":{"line":314,"column":16},"end":{"line":314,"column":31}},"149":{"start":{"line":316,"column":27},"end":{"line":316,"column":48}},"150":{"start":{"line":317,"column":12},"end":{"line":318,"column":22}},"151":{"start":{"line":318,"column":16},"end":{"line":318,"column":22}},"152":{"start":{"line":319,"column":12},"end":{"line":319,"column":29}},"153":{"start":{"line":321,"column":8},"end":{"line":323,"column":9}},"154":{"start":{"line":322,"column":12},"end":{"line":322,"column":24}},"155":{"start":{"line":324,"column":8},"end":{"line":324,"column":25}},"156":{"start":{"line":327,"column":32},"end":{"line":327,"column":76}},"157":{"start":{"line":328,"column":8},"end":{"line":330,"column":9}},"158":{"start":{"line":329,"column":12},"end":{"line":329,"column":22}},"159":{"start":{"line":331,"column":29},"end":{"line":331,"column":38}},"160":{"start":{"line":332,"column":8},"end":{"line":368,"column":9}},"161":{"start":{"line":333,"column":28},"end":{"line":335,"column":14}},"162":{"start":{"line":336,"column":12},"end":{"line":364,"column":13}},"163":{"start":{"line":337,"column":16},"end":{"line":339,"column":17}},"164":{"start":{"line":338,"column":20},"end":{"line":338,"column":29}},"165":{"start":{"line":340,"column":34},"end":{"line":340,"column":72}},"166":{"start":{"line":341,"column":16},"end":{"line":359,"column":17}},"167":{"start":{"line":342,"column":20},"end":{"line":357,"column":21}},"168":{"start":{"line":343,"column":46},"end":{"line":345,"column":26}},"169":{"start":{"line":346,"column":24},"end":{"line":353,"column":25}},"170":{"start":{"line":347,"column":28},"end":{"line":348,"column":41}},"171":{"start":{"line":348,"column":32},"end":{"line":348,"column":41}},"172":{"start":{"line":349,"column":47},"end":{"line":349,"column":85}},"173":{"start":{"line":350,"column":28},"end":{"line":351,"column":41}},"174":{"start":{"line":351,"column":32},"end":{"line":351,"column":41}},"175":{"start":{"line":352,"column":28},"end":{"line":352,"column":57}},"176":{"start":{"line":356,"column":24},"end":{"line":356,"column":33}},"177":{"start":{"line":358,"column":20},"end":{"line":358,"column":29}},"178":{"start":{"line":360,"column":16},"end":{"line":362,"column":17}},"179":{"start":{"line":361,"column":20},"end":{"line":361,"column":29}},"180":{"start":{"line":363,"column":16},"end":{"line":363,"column":44}},"181":{"start":{"line":369,"column":8},"end":{"line":369,"column":40}},"182":{"start":{"line":372,"column":8},"end":{"line":372,"column":58}},"183":{"start":{"line":375,"column":8},"end":{"line":385,"column":9}},"184":{"start":{"line":376,"column":28},"end":{"line":376,"column":59}},"185":{"start":{"line":377,"column":12},"end":{"line":379,"column":13}},"186":{"start":{"line":378,"column":16},"end":{"line":378,"column":33}},"187":{"start":{"line":380,"column":24},"end":{"line":380,"column":68}},"188":{"start":{"line":381,"column":12},"end":{"line":381,"column":71}},"189":{"start":{"line":384,"column":12},"end":{"line":384,"column":29}},"190":{"start":{"line":388,"column":8},"end":{"line":390,"column":9}},"191":{"start":{"line":389,"column":12},"end":{"line":389,"column":19}},"192":{"start":{"line":391,"column":8},"end":{"line":391,"column":43}},"193":{"start":{"line":392,"column":34},"end":{"line":392,"column":96}},"194":{"start":{"line":392,"column":67},"end":{"line":392,"column":95}},"195":{"start":{"line":393,"column":8},"end":{"line":395,"column":9}},"196":{"start":{"line":394,"column":12},"end":{"line":394,"column":148}},"197":{"start":{"line":396,"column":8},"end":{"line":399,"column":11}},"198":{"start":{"line":397,"column":25},"end":{"line":397,"column":45}},"199":{"start":{"line":398,"column":12},"end":{"line":398,"column":47}},"200":{"start":{"line":400,"column":8},"end":{"line":402,"column":9}},"201":{"start":{"line":401,"column":12},"end":{"line":401,"column":51}},"202":{"start":{"line":405,"column":30},"end":{"line":405,"column":57}},"203":{"start":{"line":406,"column":8},"end":{"line":406,"column":42}},"204":{"start":{"line":409,"column":8},"end":{"line":410,"column":37}},"205":{"start":{"line":410,"column":12},"end":{"line":410,"column":37}},"206":{"start":{"line":411,"column":27},"end":{"line":411,"column":46}},"207":{"start":{"line":412,"column":24},"end":{"line":412,"column":47}},"208":{"start":{"line":413,"column":8},"end":{"line":415,"column":9}},"209":{"start":{"line":414,"column":12},"end":{"line":414,"column":30}},"210":{"start":{"line":416,"column":8},"end":{"line":416,"column":100}},"211":{"start":{"line":417,"column":8},"end":{"line":417,"column":33}},"212":{"start":{"line":430,"column":8},"end":{"line":431,"column":22}},"213":{"start":{"line":431,"column":12},"end":{"line":431,"column":22}},"214":{"start":{"line":432,"column":8},"end":{"line":443,"column":15}},"215":{"start":{"line":433,"column":12},"end":{"line":433,"column":45}},"216":{"start":{"line":434,"column":12},"end":{"line":441,"column":13}},"217":{"start":{"line":435,"column":16},"end":{"line":437,"column":17}},"218":{"start":{"line":436,"column":20},"end":{"line":436,"column":64}},"219":{"start":{"line":439,"column":17},"end":{"line":441,"column":13}},"220":{"start":{"line":440,"column":16},"end":{"line":440,"column":33}},"221":{"start":{"line":442,"column":12},"end":{"line":442,"column":25}},"222":{"start":{"line":446,"column":22},"end":{"line":446,"column":32}},"223":{"start":{"line":447,"column":21},"end":{"line":447,"column":48}},"224":{"start":{"line":448,"column":8},"end":{"line":458,"column":9}},"225":{"start":{"line":449,"column":12},"end":{"line":451,"column":13}},"226":{"start":{"line":450,"column":16},"end":{"line":450,"column":31}},"227":{"start":{"line":452,"column":12},"end":{"line":453,"column":22}},"228":{"start":{"line":453,"column":16},"end":{"line":453,"column":22}},"229":{"start":{"line":454,"column":27},"end":{"line":454,"column":48}},"230":{"start":{"line":455,"column":12},"end":{"line":456,"column":22}},"231":{"start":{"line":456,"column":16},"end":{"line":456,"column":22}},"232":{"start":{"line":457,"column":12},"end":{"line":457,"column":29}},"233":{"start":{"line":459,"column":8},"end":{"line":459,"column":26}},"234":{"start":{"line":462,"column":8},"end":{"line":462,"column":35}},"235":{"start":{"line":463,"column":25},"end":{"line":465,"column":16}},"236":{"start":{"line":466,"column":23},"end":{"line":466,"column":56}},"237":{"start":{"line":467,"column":8},"end":{"line":469,"column":9}},"238":{"start":{"line":468,"column":12},"end":{"line":468,"column":56}},"239":{"start":{"line":470,"column":8},"end":{"line":472,"column":9}},"240":{"start":{"line":471,"column":12},"end":{"line":471,"column":69}},"241":{"start":{"line":473,"column":8},"end":{"line":475,"column":9}},"242":{"start":{"line":474,"column":12},"end":{"line":474,"column":73}},"243":{"start":{"line":476,"column":21},"end":{"line":476,"column":67}},"244":{"start":{"line":477,"column":8},"end":{"line":477,"column":61}},"245":{"start":{"line":480,"column":24},"end":{"line":482,"column":46}},"246":{"start":{"line":481,"column":32},"end":{"line":481,"column":55}},"247":{"start":{"line":482,"column":38},"end":{"line":482,"column":45}},"248":{"start":{"line":483,"column":8},"end":{"line":485,"column":9}},"249":{"start":{"line":484,"column":12},"end":{"line":484,"column":22}},"250":{"start":{"line":486,"column":8},"end":{"line":486,"column":51}},"251":{"start":{"line":489,"column":29},"end":{"line":489,"column":71}},"252":{"start":{"line":490,"column":30},"end":{"line":490,"column":72}},"253":{"start":{"line":491,"column":32},"end":{"line":491,"column":76}},"254":{"start":{"line":492,"column":23},"end":{"line":492,"column":25}},"255":{"start":{"line":493,"column":8},"end":{"line":496,"column":9}},"256":{"start":{"line":493,"column":21},"end":{"line":493,"column":22}},"257":{"start":{"line":494,"column":12},"end":{"line":494,"column":42}},"258":{"start":{"line":495,"column":12},"end":{"line":495,"column":44}},"259":{"start":{"line":497,"column":8},"end":{"line":497,"column":22}},"260":{"start":{"line":500,"column":8},"end":{"line":501,"column":22}},"261":{"start":{"line":501,"column":12},"end":{"line":501,"column":22}},"262":{"start":{"line":502,"column":8},"end":{"line":504,"column":11}},"263":{"start":{"line":503,"column":12},"end":{"line":503,"column":49}},"264":{"start":{"line":507,"column":8},"end":{"line":508,"column":19}},"265":{"start":{"line":508,"column":12},"end":{"line":508,"column":19}},"266":{"start":{"line":509,"column":20},"end":{"line":509,"column":58}},"267":{"start":{"line":510,"column":25},"end":{"line":510,"column":27}},"268":{"start":{"line":511,"column":26},"end":{"line":511,"column":41}},"269":{"start":{"line":512,"column":25},"end":{"line":512,"column":67}},"270":{"start":{"line":513,"column":8},"end":{"line":515,"column":9}},"271":{"start":{"line":514,"column":12},"end":{"line":514,"column":37}},"272":{"start":{"line":516,"column":8},"end":{"line":519,"column":9}},"273":{"start":{"line":517,"column":12},"end":{"line":517,"column":66}},"274":{"start":{"line":518,"column":12},"end":{"line":518,"column":67}},"275":{"start":{"line":520,"column":8},"end":{"line":520,"column":62}},"276":{"start":{"line":521,"column":8},"end":{"line":521,"column":38}},"277":{"start":{"line":524,"column":8},"end":{"line":536,"column":9}},"278":{"start":{"line":525,"column":28},"end":{"line":525,"column":54}},"279":{"start":{"line":526,"column":12},"end":{"line":527,"column":23}},"280":{"start":{"line":527,"column":16},"end":{"line":527,"column":23}},"281":{"start":{"line":528,"column":12},"end":{"line":532,"column":13}},"282":{"start":{"line":529,"column":16},"end":{"line":531,"column":17}},"283":{"start":{"line":530,"column":20},"end":{"line":530,"column":58}},"284":{"start":{"line":539,"column":25},"end":{"line":539,"column":73}},"285":{"start":{"line":540,"column":8},"end":{"line":561,"column":9}},"286":{"start":{"line":541,"column":12},"end":{"line":543,"column":13}},"287":{"start":{"line":542,"column":16},"end":{"line":542,"column":23}},"288":{"start":{"line":544,"column":25},"end":{"line":544,"column":49}},"289":{"start":{"line":545,"column":12},"end":{"line":557,"column":13}},"290":{"start":{"line":546,"column":34},"end":{"line":546,"column":58}},"291":{"start":{"line":547,"column":16},"end":{"line":556,"column":17}},"292":{"start":{"line":548,"column":20},"end":{"line":551,"column":21}},"293":{"start":{"line":550,"column":24},"end":{"line":550,"column":33}},"294":{"start":{"line":552,"column":20},"end":{"line":552,"column":77}},"295":{"start":{"line":564,"column":25},"end":{"line":564,"column":54}},"296":{"start":{"line":565,"column":8},"end":{"line":567,"column":9}},"297":{"start":{"line":566,"column":12},"end":{"line":566,"column":67}},"298":{"start":{"line":570,"column":8},"end":{"line":571,"column":22}},"299":{"start":{"line":571,"column":12},"end":{"line":571,"column":22}},"300":{"start":{"line":572,"column":8},"end":{"line":574,"column":49}},"301":{"start":{"line":573,"column":29},"end":{"line":573,"column":77}},"302":{"start":{"line":574,"column":31},"end":{"line":574,"column":47}},"303":{"start":{"line":577,"column":8},"end":{"line":578,"column":24}},"304":{"start":{"line":578,"column":12},"end":{"line":578,"column":24}},"305":{"start":{"line":579,"column":8},"end":{"line":580,"column":25}},"306":{"start":{"line":580,"column":12},"end":{"line":580,"column":25}},"307":{"start":{"line":581,"column":26},"end":{"line":581,"column":31}},"308":{"start":{"line":582,"column":8},"end":{"line":584,"column":50}},"309":{"start":{"line":587,"column":8},"end":{"line":589,"column":9}},"310":{"start":{"line":588,"column":12},"end":{"line":588,"column":29}},"311":{"start":{"line":590,"column":8},"end":{"line":590,"column":34}},"312":{"start":{"line":592,"column":8},"end":{"line":598,"column":9}},"313":{"start":{"line":593,"column":35},"end":{"line":593,"column":63}},"314":{"start":{"line":594,"column":12},"end":{"line":594,"column":53}},"315":{"start":{"line":597,"column":12},"end":{"line":597,"column":59}},"316":{"start":{"line":600,"column":31},"end":{"line":600,"column":82}},"317":{"start":{"line":601,"column":28},"end":{"line":601,"column":54}},"318":{"start":{"line":602,"column":24},"end":{"line":602,"column":98}},"319":{"start":{"line":603,"column":25},"end":{"line":605,"column":53}},"320":{"start":{"line":605,"column":30},"end":{"line":605,"column":52}},"321":{"start":{"line":606,"column":29},"end":{"line":606,"column":90}},"322":{"start":{"line":606,"column":60},"end":{"line":606,"column":86}},"323":{"start":{"line":607,"column":29},"end":{"line":607,"column":56}},"324":{"start":{"line":608,"column":28},"end":{"line":608,"column":82}},"325":{"start":{"line":609,"column":23},"end":{"line":609,"column":71}},"326":{"start":{"line":609,"column":46},"end":{"line":609,"column":70}},"327":{"start":{"line":610,"column":8},"end":{"line":610,"column":51}},"328":{"start":{"line":611,"column":22},"end":{"line":611,"column":31}},"329":{"start":{"line":612,"column":30},"end":{"line":612,"column":57}},"330":{"start":{"line":613,"column":8},"end":{"line":616,"column":9}},"331":{"start":{"line":613,"column":25},"end":{"line":613,"column":26}},"332":{"start":{"line":614,"column":26},"end":{"line":614,"column":62}},"333":{"start":{"line":615,"column":12},"end":{"line":615,"column":71}},"334":{"start":{"line":617,"column":8},"end":{"line":617,"column":25}},"335":{"start":{"line":620,"column":8},"end":{"line":621,"column":29}},"336":{"start":{"line":621,"column":12},"end":{"line":621,"column":29}},"337":{"start":{"line":622,"column":27},"end":{"line":622,"column":40}},"338":{"start":{"line":623,"column":8},"end":{"line":633,"column":9}},"339":{"start":{"line":624,"column":12},"end":{"line":625,"column":25}},"340":{"start":{"line":625,"column":16},"end":{"line":625,"column":25}},"341":{"start":{"line":626,"column":28},"end":{"line":626,"column":39}},"342":{"start":{"line":627,"column":12},"end":{"line":628,"column":25}},"343":{"start":{"line":628,"column":16},"end":{"line":628,"column":25}},"344":{"start":{"line":629,"column":12},"end":{"line":631,"column":13}},"345":{"start":{"line":630,"column":16},"end":{"line":630,"column":31}},"346":{"start":{"line":632,"column":12},"end":{"line":632,"column":27}},"347":{"start":{"line":634,"column":8},"end":{"line":634,"column":25}},"348":{"start":{"line":657,"column":8},"end":{"line":657,"column":26}},"349":{"start":{"line":659,"column":8},"end":{"line":662,"column":9}},"350":{"start":{"line":660,"column":12},"end":{"line":660,"column":39}},"351":{"start":{"line":661,"column":12},"end":{"line":661,"column":51}},"352":{"start":{"line":663,"column":8},"end":{"line":669,"column":9}},"353":{"start":{"line":664,"column":12},"end":{"line":664,"column":55}},"354":{"start":{"line":667,"column":12},"end":{"line":668,"column":32}},"355":{"start":{"line":668,"column":16},"end":{"line":668,"column":32}},"356":{"start":{"line":672,"column":8},"end":{"line":672,"column":44}},"357":{"start":{"line":675,"column":8},"end":{"line":675,"column":24}},"358":{"start":{"line":74,"column":0},"end":{"line":74,"column":13}}},"fnMap":{"0":{"name":"(anonymous_1)","decl":{"start":{"line":26,"column":27},"end":{"line":26,"column":28}},"loc":{"start":{"line":26,"column":37},"end":{"line":32,"column":1}}},"1":{"name":"(anonymous_2)","decl":{"start":{"line":41,"column":4},"end":{"line":41,"column":10}},"loc":{"start":{"line":41,"column":18},"end":{"line":45,"column":5}}},"2":{"name":"(anonymous_3)","decl":{"start":{"line":46,"column":4},"end":{"line":46,"column":9}},"loc":{"start":{"line":46,"column":27},"end":{"line":48,"column":5}}},"3":{"name":"(anonymous_4)","decl":{"start":{"line":76,"column":4},"end":{"line":76,"column":16}},"loc":{"start":{"line":76,"column":78},"end":{"line":87,"column":5}}},"4":{"name":"(anonymous_5)","decl":{"start":{"line":94,"column":4},"end":{"line":94,"column":8}},"loc":{"start":{"line":94,"column":15},"end":{"line":100,"column":5}}},"5":{"name":"(anonymous_6)","decl":{"start":{"line":128,"column":4},"end":{"line":128,"column":9}},"loc":{"start":{"line":128,"column":23},"end":{"line":153,"column":5}}},"6":{"name":"(anonymous_7)","decl":{"start":{"line":154,"column":4},"end":{"line":154,"column":18}},"loc":{"start":{"line":154,"column":48},"end":{"line":166,"column":5}}},"7":{"name":"(anonymous_8)","decl":{"start":{"line":196,"column":4},"end":{"line":196,"column":9}},"loc":{"start":{"line":196,"column":14},"end":{"line":215,"column":5}}},"8":{"name":"(anonymous_9)","decl":{"start":{"line":213,"column":17},"end":{"line":213,"column":18}},"loc":{"start":{"line":213,"column":24},"end":{"line":213,"column":32}}},"9":{"name":"(anonymous_10)","decl":{"start":{"line":216,"column":4},"end":{"line":216,"column":23}},"loc":{"start":{"line":216,"column":23},"end":{"line":239,"column":5}}},"10":{"name":"(anonymous_11)","decl":{"start":{"line":231,"column":48},"end":{"line":231,"column":49}},"loc":{"start":{"line":231,"column":57},"end":{"line":231,"column":82}}},"11":{"name":"(anonymous_12)","decl":{"start":{"line":240,"column":4},"end":{"line":240,"column":9}},"loc":{"start":{"line":240,"column":49},"end":{"line":282,"column":5}}},"12":{"name":"(anonymous_13)","decl":{"start":{"line":270,"column":65},"end":{"line":270,"column":66}},"loc":{"start":{"line":270,"column":74},"end":{"line":270,"column":93}}},"13":{"name":"(anonymous_14)","decl":{"start":{"line":283,"column":4},"end":{"line":283,"column":24}},"loc":{"start":{"line":283,"column":24},"end":{"line":308,"column":5}}},"14":{"name":"(anonymous_15)","decl":{"start":{"line":309,"column":4},"end":{"line":309,"column":28}},"loc":{"start":{"line":309,"column":38},"end":{"line":325,"column":5}}},"15":{"name":"(anonymous_16)","decl":{"start":{"line":326,"column":4},"end":{"line":326,"column":26}},"loc":{"start":{"line":326,"column":26},"end":{"line":370,"column":5}}},"16":{"name":"(anonymous_17)","decl":{"start":{"line":371,"column":4},"end":{"line":371,"column":15}},"loc":{"start":{"line":371,"column":15},"end":{"line":373,"column":5}}},"17":{"name":"(anonymous_18)","decl":{"start":{"line":374,"column":4},"end":{"line":374,"column":26}},"loc":{"start":{"line":374,"column":31},"end":{"line":386,"column":5}}},"18":{"name":"(anonymous_19)","decl":{"start":{"line":387,"column":4},"end":{"line":387,"column":25}},"loc":{"start":{"line":387,"column":33},"end":{"line":403,"column":5}}},"19":{"name":"(anonymous_20)","decl":{"start":{"line":392,"column":55},"end":{"line":392,"column":56}},"loc":{"start":{"line":392,"column":67},"end":{"line":392,"column":95}}},"20":{"name":"(anonymous_21)","decl":{"start":{"line":396,"column":34},"end":{"line":396,"column":35}},"loc":{"start":{"line":396,"column":55},"end":{"line":399,"column":9}}},"21":{"name":"(anonymous_22)","decl":{"start":{"line":404,"column":4},"end":{"line":404,"column":18}},"loc":{"start":{"line":404,"column":24},"end":{"line":407,"column":5}}},"22":{"name":"(anonymous_23)","decl":{"start":{"line":408,"column":4},"end":{"line":408,"column":19}},"loc":{"start":{"line":408,"column":25},"end":{"line":418,"column":5}}},"23":{"name":"(anonymous_24)","decl":{"start":{"line":429,"column":4},"end":{"line":429,"column":9}},"loc":{"start":{"line":429,"column":30},"end":{"line":444,"column":5}}},"24":{"name":"(anonymous_25)","decl":{"start":{"line":432,"column":47},"end":{"line":432,"column":48}},"loc":{"start":{"line":432,"column":63},"end":{"line":443,"column":9}}},"25":{"name":"(anonymous_26)","decl":{"start":{"line":445,"column":4},"end":{"line":445,"column":18}},"loc":{"start":{"line":445,"column":29},"end":{"line":460,"column":5}}},"26":{"name":"(anonymous_27)","decl":{"start":{"line":461,"column":4},"end":{"line":461,"column":13}},"loc":{"start":{"line":461,"column":28},"end":{"line":478,"column":5}}},"27":{"name":"(anonymous_28)","decl":{"start":{"line":479,"column":4},"end":{"line":479,"column":16}},"loc":{"start":{"line":479,"column":31},"end":{"line":487,"column":5}}},"28":{"name":"(anonymous_29)","decl":{"start":{"line":481,"column":20},"end":{"line":481,"column":21}},"loc":{"start":{"line":481,"column":32},"end":{"line":481,"column":55}}},"29":{"name":"(anonymous_30)","decl":{"start":{"line":482,"column":21},"end":{"line":482,"column":22}},"loc":{"start":{"line":482,"column":38},"end":{"line":482,"column":45}}},"30":{"name":"(anonymous_31)","decl":{"start":{"line":488,"column":4},"end":{"line":488,"column":27}},"loc":{"start":{"line":488,"column":46},"end":{"line":498,"column":5}}},"31":{"name":"(anonymous_32)","decl":{"start":{"line":499,"column":4},"end":{"line":499,"column":18}},"loc":{"start":{"line":499,"column":39},"end":{"line":505,"column":5}}},"32":{"name":"(anonymous_33)","decl":{"start":{"line":502,"column":52},"end":{"line":502,"column":53}},"loc":{"start":{"line":502,"column":65},"end":{"line":504,"column":9}}},"33":{"name":"(anonymous_34)","decl":{"start":{"line":506,"column":4},"end":{"line":506,"column":23}},"loc":{"start":{"line":506,"column":23},"end":{"line":522,"column":5}}},"34":{"name":"(anonymous_35)","decl":{"start":{"line":523,"column":4},"end":{"line":523,"column":26}},"loc":{"start":{"line":523,"column":53},"end":{"line":537,"column":5}}},"35":{"name":"(anonymous_36)","decl":{"start":{"line":538,"column":4},"end":{"line":538,"column":27}},"loc":{"start":{"line":538,"column":54},"end":{"line":562,"column":5}}},"36":{"name":"(anonymous_37)","decl":{"start":{"line":563,"column":4},"end":{"line":563,"column":37}},"loc":{"start":{"line":563,"column":54},"end":{"line":568,"column":5}}},"37":{"name":"(anonymous_38)","decl":{"start":{"line":569,"column":4},"end":{"line":569,"column":24}},"loc":{"start":{"line":569,"column":32},"end":{"line":575,"column":5}}},"38":{"name":"(anonymous_39)","decl":{"start":{"line":573,"column":17},"end":{"line":573,"column":18}},"loc":{"start":{"line":573,"column":29},"end":{"line":573,"column":77}}},"39":{"name":"(anonymous_40)","decl":{"start":{"line":574,"column":20},"end":{"line":574,"column":21}},"loc":{"start":{"line":574,"column":31},"end":{"line":574,"column":47}}},"40":{"name":"(anonymous_41)","decl":{"start":{"line":576,"column":4},"end":{"line":576,"column":21}},"loc":{"start":{"line":576,"column":27},"end":{"line":585,"column":5}}},"41":{"name":"(anonymous_42)","decl":{"start":{"line":586,"column":4},"end":{"line":586,"column":15}},"loc":{"start":{"line":586,"column":20},"end":{"line":618,"column":5}}},"42":{"name":"(anonymous_43)","decl":{"start":{"line":588,"column":19},"end":{"line":588,"column":22}},"loc":{"start":{"line":588,"column":24},"end":{"line":588,"column":28}}},"43":{"name":"(anonymous_44)","decl":{"start":{"line":605,"column":20},"end":{"line":605,"column":21}},"loc":{"start":{"line":605,"column":30},"end":{"line":605,"column":52}}},"44":{"name":"(anonymous_45)","decl":{"start":{"line":606,"column":45},"end":{"line":606,"column":46}},"loc":{"start":{"line":606,"column":60},"end":{"line":606,"column":86}}},"45":{"name":"(anonymous_46)","decl":{"start":{"line":609,"column":36},"end":{"line":609,"column":37}},"loc":{"start":{"line":609,"column":46},"end":{"line":609,"column":70}}},"46":{"name":"(anonymous_47)","decl":{"start":{"line":617,"column":15},"end":{"line":617,"column":18}},"loc":{"start":{"line":617,"column":20},"end":{"line":617,"column":24}}},"47":{"name":"(anonymous_48)","decl":{"start":{"line":619,"column":4},"end":{"line":619,"column":21}},"loc":{"start":{"line":619,"column":26},"end":{"line":635,"column":5}}},"48":{"name":"(anonymous_49)","decl":{"start":{"line":656,"column":4},"end":{"line":656,"column":9}},"loc":{"start":{"line":656,"column":33},"end":{"line":670,"column":5}}},"49":{"name":"(anonymous_50)","decl":{"start":{"line":671,"column":4},"end":{"line":671,"column":10}},"loc":{"start":{"line":671,"column":36},"end":{"line":673,"column":5}}},"50":{"name":"(anonymous_51)","decl":{"start":{"line":674,"column":4},"end":{"line":674,"column":10}},"loc":{"start":{"line":674,"column":17},"end":{"line":676,"column":5}}}},"branchMap":{"0":{"loc":{"start":{"line":16,"column":25},"end":{"line":18,"column":32}},"type":"cond-expr","locations":[{"start":{"line":17,"column":6},"end":{"line":17,"column":33}},{"start":{"line":18,"column":6},"end":{"line":18,"column":32}}]},"1":{"loc":{"start":{"line":19,"column":29},"end":{"line":22,"column":54}},"type":"cond-expr","locations":[{"start":{"line":21,"column":6},"end":{"line":21,"column":34}},{"start":{"line":22,"column":7},"end":{"line":22,"column":53}}]},"2":{"loc":{"start":{"line":19,"column":29},"end":{"line":20,"column":46}},"type":"binary-expr","locations":[{"start":{"line":19,"column":29},"end":{"line":19,"column":77}},{"start":{"line":20,"column":4},"end":{"line":20,"column":46}}]},"3":{"loc":{"start":{"line":22,"column":7},"end":{"line":22,"column":53}},"type":"binary-expr","locations":[{"start":{"line":22,"column":7},"end":{"line":22,"column":34}},{"start":{"line":22,"column":38},"end":{"line":22,"column":53}}]},"4":{"loc":{"start":{"line":23,"column":25},"end":{"line":25,"column":36}},"type":"cond-expr","locations":[{"start":{"line":24,"column":6},"end":{"line":24,"column":26}},{"start":{"line":25,"column":6},"end":{"line":25,"column":36}}]},"5":{"loc":{"start":{"line":42,"column":8},"end":{"line":43,"column":29}},"type":"if","locations":[{"start":{"line":42,"column":8},"end":{"line":43,"column":29}},{"start":{},"end":{}}]},"6":{"loc":{"start":{"line":76,"column":16},"end":{"line":76,"column":61}},"type":"default-arg","locations":[{"start":{"line":76,"column":27},"end":{"line":76,"column":61}}]},"7":{"loc":{"start":{"line":76,"column":63},"end":{"line":76,"column":78}},"type":"default-arg","locations":[{"start":{"line":76,"column":77},"end":{"line":76,"column":78}}]},"8":{"loc":{"start":{"line":95,"column":8},"end":{"line":98,"column":9}},"type":"if","locations":[{"start":{"line":95,"column":8},"end":{"line":98,"column":9}},{"start":{},"end":{}}]},"9":{"loc":{"start":{"line":134,"column":12},"end":{"line":135,"column":34}},"type":"if","locations":[{"start":{"line":134,"column":12},"end":{"line":135,"column":34}},{"start":{},"end":{}}]},"10":{"loc":{"start":{"line":136,"column":12},"end":{"line":137,"column":38}},"type":"if","locations":[{"start":{"line":136,"column":12},"end":{"line":137,"column":38}},{"start":{},"end":{}}]},"11":{"loc":{"start":{"line":138,"column":12},"end":{"line":139,"column":97}},"type":"if","locations":[{"start":{"line":138,"column":12},"end":{"line":139,"column":97}},{"start":{},"end":{}}]},"12":{"loc":{"start":{"line":143,"column":12},"end":{"line":146,"column":13}},"type":"if","locations":[{"start":{"line":143,"column":12},"end":{"line":146,"column":13}},{"start":{},"end":{}}]},"13":{"loc":{"start":{"line":143,"column":16},"end":{"line":144,"column":50}},"type":"binary-expr","locations":[{"start":{"line":143,"column":16},"end":{"line":143,"column":48}},{"start":{"line":144,"column":16},"end":{"line":144,"column":50}}]},"14":{"loc":{"start":{"line":150,"column":72},"end":{"line":150,"column":106}},"type":"cond-expr","locations":[{"start":{"line":150,"column":93},"end":{"line":150,"column":102}},{"start":{"line":150,"column":105},"end":{"line":150,"column":106}}]},"15":{"loc":{"start":{"line":159,"column":12},"end":{"line":161,"column":13}},"type":"if","locations":[{"start":{"line":159,"column":12},"end":{"line":161,"column":13}},{"start":{},"end":{}}]},"16":{"loc":{"start":{"line":221,"column":16},"end":{"line":223,"column":17}},"type":"if","locations":[{"start":{"line":221,"column":16},"end":{"line":223,"column":17}},{"start":{},"end":{}}]},"17":{"loc":{"start":{"line":221,"column":20},"end":{"line":221,"column":75}},"type":"binary-expr","locations":[{"start":{"line":221,"column":20},"end":{"line":221,"column":31}},{"start":{"line":221,"column":35},"end":{"line":221,"column":75}}]},"18":{"loc":{"start":{"line":225,"column":16},"end":{"line":227,"column":17}},"type":"if","locations":[{"start":{"line":225,"column":16},"end":{"line":227,"column":17}},{"start":{},"end":{}}]},"19":{"loc":{"start":{"line":231,"column":16},"end":{"line":233,"column":17}},"type":"if","locations":[{"start":{"line":231,"column":16},"end":{"line":233,"column":17}},{"start":{},"end":{}}]},"20":{"loc":{"start":{"line":236,"column":81},"end":{"line":236,"column":127}},"type":"cond-expr","locations":[{"start":{"line":236,"column":106},"end":{"line":236,"column":119}},{"start":{"line":236,"column":122},"end":{"line":236,"column":127}}]},"21":{"loc":{"start":{"line":241,"column":8},"end":{"line":243,"column":9}},"type":"if","locations":[{"start":{"line":241,"column":8},"end":{"line":243,"column":9}},{"start":{},"end":{}}]},"22":{"loc":{"start":{"line":245,"column":12},"end":{"line":247,"column":13}},"type":"if","locations":[{"start":{"line":245,"column":12},"end":{"line":247,"column":13}},{"start":{},"end":{}}]},"23":{"loc":{"start":{"line":255,"column":12},"end":{"line":257,"column":13}},"type":"if","locations":[{"start":{"line":255,"column":12},"end":{"line":257,"column":13}},{"start":{},"end":{}}]},"24":{"loc":{"start":{"line":267,"column":12},"end":{"line":269,"column":13}},"type":"if","locations":[{"start":{"line":267,"column":12},"end":{"line":269,"column":13}},{"start":{},"end":{}}]},"25":{"loc":{"start":{"line":271,"column":12},"end":{"line":274,"column":13}},"type":"if","locations":[{"start":{"line":271,"column":12},"end":{"line":274,"column":13}},{"start":{},"end":{}}]},"26":{"loc":{"start":{"line":287,"column":8},"end":{"line":289,"column":9}},"type":"if","locations":[{"start":{"line":287,"column":8},"end":{"line":289,"column":9}},{"start":{},"end":{}}]},"27":{"loc":{"start":{"line":293,"column":16},"end":{"line":295,"column":17}},"type":"if","locations":[{"start":{"line":293,"column":16},"end":{"line":295,"column":17}},{"start":{},"end":{}}]},"28":{"loc":{"start":{"line":293,"column":20},"end":{"line":293,"column":84}},"type":"binary-expr","locations":[{"start":{"line":293,"column":20},"end":{"line":293,"column":44}},{"start":{"line":293,"column":48},"end":{"line":293,"column":84}}]},"29":{"loc":{"start":{"line":298,"column":20},"end":{"line":299,"column":33}},"type":"if","locations":[{"start":{"line":298,"column":20},"end":{"line":299,"column":33}},{"start":{},"end":{}}]},"30":{"loc":{"start":{"line":312,"column":15},"end":{"line":312,"column":42}},"type":"binary-expr","locations":[{"start":{"line":312,"column":15},"end":{"line":312,"column":22}},{"start":{"line":312,"column":26},"end":{"line":312,"column":42}}]},"31":{"loc":{"start":{"line":313,"column":12},"end":{"line":315,"column":13}},"type":"if","locations":[{"start":{"line":313,"column":12},"end":{"line":315,"column":13}},{"start":{},"end":{}}]},"32":{"loc":{"start":{"line":317,"column":12},"end":{"line":318,"column":22}},"type":"if","locations":[{"start":{"line":317,"column":12},"end":{"line":318,"column":22}},{"start":{},"end":{}}]},"33":{"loc":{"start":{"line":321,"column":8},"end":{"line":323,"column":9}},"type":"if","locations":[{"start":{"line":321,"column":8},"end":{"line":323,"column":9}},{"start":{},"end":{}}]},"34":{"loc":{"start":{"line":328,"column":8},"end":{"line":330,"column":9}},"type":"if","locations":[{"start":{"line":328,"column":8},"end":{"line":330,"column":9}},{"start":{},"end":{}}]},"35":{"loc":{"start":{"line":337,"column":16},"end":{"line":339,"column":17}},"type":"if","locations":[{"start":{"line":337,"column":16},"end":{"line":339,"column":17}},{"start":{},"end":{}}]},"36":{"loc":{"start":{"line":337,"column":20},"end":{"line":337,"column":70}},"type":"binary-expr","locations":[{"start":{"line":337,"column":20},"end":{"line":337,"column":40}},{"start":{"line":337,"column":44},"end":{"line":337,"column":70}}]},"37":{"loc":{"start":{"line":341,"column":16},"end":{"line":359,"column":17}},"type":"if","locations":[{"start":{"line":341,"column":16},"end":{"line":359,"column":17}},{"start":{},"end":{}}]},"38":{"loc":{"start":{"line":347,"column":28},"end":{"line":348,"column":41}},"type":"if","locations":[{"start":{"line":347,"column":28},"end":{"line":348,"column":41}},{"start":{},"end":{}}]},"39":{"loc":{"start":{"line":350,"column":28},"end":{"line":351,"column":41}},"type":"if","locations":[{"start":{"line":350,"column":28},"end":{"line":351,"column":41}},{"start":{},"end":{}}]},"40":{"loc":{"start":{"line":360,"column":16},"end":{"line":362,"column":17}},"type":"if","locations":[{"start":{"line":360,"column":16},"end":{"line":362,"column":17}},{"start":{},"end":{}}]},"41":{"loc":{"start":{"line":377,"column":12},"end":{"line":379,"column":13}},"type":"if","locations":[{"start":{"line":377,"column":12},"end":{"line":379,"column":13}},{"start":{},"end":{}}]},"42":{"loc":{"start":{"line":381,"column":19},"end":{"line":381,"column":70}},"type":"cond-expr","locations":[{"start":{"line":381,"column":50},"end":{"line":381,"column":58}},{"start":{"line":381,"column":61},"end":{"line":381,"column":70}}]},"43":{"loc":{"start":{"line":388,"column":8},"end":{"line":390,"column":9}},"type":"if","locations":[{"start":{"line":388,"column":8},"end":{"line":390,"column":9}},{"start":{},"end":{}}]},"44":{"loc":{"start":{"line":393,"column":8},"end":{"line":395,"column":9}},"type":"if","locations":[{"start":{"line":393,"column":8},"end":{"line":395,"column":9}},{"start":{},"end":{}}]},"45":{"loc":{"start":{"line":409,"column":8},"end":{"line":410,"column":37}},"type":"if","locations":[{"start":{"line":409,"column":8},"end":{"line":410,"column":37}},{"start":{},"end":{}}]},"46":{"loc":{"start":{"line":413,"column":8},"end":{"line":415,"column":9}},"type":"if","locations":[{"start":{"line":413,"column":8},"end":{"line":415,"column":9}},{"start":{},"end":{}}]},"47":{"loc":{"start":{"line":429,"column":20},"end":{"line":429,"column":30}},"type":"default-arg","locations":[{"start":{"line":429,"column":29},"end":{"line":429,"column":30}}]},"48":{"loc":{"start":{"line":430,"column":8},"end":{"line":431,"column":22}},"type":"if","locations":[{"start":{"line":430,"column":8},"end":{"line":431,"column":22}},{"start":{},"end":{}}]},"49":{"loc":{"start":{"line":434,"column":12},"end":{"line":441,"column":13}},"type":"if","locations":[{"start":{"line":434,"column":12},"end":{"line":441,"column":13}},{"start":{"line":439,"column":17},"end":{"line":441,"column":13}}]},"50":{"loc":{"start":{"line":435,"column":16},"end":{"line":437,"column":17}},"type":"if","locations":[{"start":{"line":435,"column":16},"end":{"line":437,"column":17}},{"start":{},"end":{}}]},"51":{"loc":{"start":{"line":439,"column":17},"end":{"line":441,"column":13}},"type":"if","locations":[{"start":{"line":439,"column":17},"end":{"line":441,"column":13}},{"start":{},"end":{}}]},"52":{"loc":{"start":{"line":449,"column":12},"end":{"line":451,"column":13}},"type":"if","locations":[{"start":{"line":449,"column":12},"end":{"line":451,"column":13}},{"start":{},"end":{}}]},"53":{"loc":{"start":{"line":452,"column":12},"end":{"line":453,"column":22}},"type":"if","locations":[{"start":{"line":452,"column":12},"end":{"line":453,"column":22}},{"start":{},"end":{}}]},"54":{"loc":{"start":{"line":455,"column":12},"end":{"line":456,"column":22}},"type":"if","locations":[{"start":{"line":455,"column":12},"end":{"line":456,"column":22}},{"start":{},"end":{}}]},"55":{"loc":{"start":{"line":463,"column":25},"end":{"line":465,"column":16}},"type":"cond-expr","locations":[{"start":{"line":464,"column":14},"end":{"line":464,"column":54}},{"start":{"line":465,"column":14},"end":{"line":465,"column":16}}]},"56":{"loc":{"start":{"line":464,"column":14},"end":{"line":464,"column":54}},"type":"binary-expr","locations":[{"start":{"line":464,"column":14},"end":{"line":464,"column":48}},{"start":{"line":464,"column":52},"end":{"line":464,"column":54}}]},"57":{"loc":{"start":{"line":467,"column":8},"end":{"line":469,"column":9}},"type":"if","locations":[{"start":{"line":467,"column":8},"end":{"line":469,"column":9}},{"start":{},"end":{}}]},"58":{"loc":{"start":{"line":467,"column":12},"end":{"line":467,"column":46}},"type":"binary-expr","locations":[{"start":{"line":467,"column":12},"end":{"line":467,"column":28}},{"start":{"line":467,"column":32},"end":{"line":467,"column":46}}]},"59":{"loc":{"start":{"line":470,"column":8},"end":{"line":472,"column":9}},"type":"if","locations":[{"start":{"line":470,"column":8},"end":{"line":472,"column":9}},{"start":{},"end":{}}]},"60":{"loc":{"start":{"line":473,"column":8},"end":{"line":475,"column":9}},"type":"if","locations":[{"start":{"line":473,"column":8},"end":{"line":475,"column":9}},{"start":{},"end":{}}]},"61":{"loc":{"start":{"line":483,"column":8},"end":{"line":485,"column":9}},"type":"if","locations":[{"start":{"line":483,"column":8},"end":{"line":485,"column":9}},{"start":{},"end":{}}]},"62":{"loc":{"start":{"line":483,"column":12},"end":{"line":483,"column":67}},"type":"binary-expr","locations":[{"start":{"line":483,"column":12},"end":{"line":483,"column":43}},{"start":{"line":483,"column":47},"end":{"line":483,"column":67}}]},"63":{"loc":{"start":{"line":500,"column":8},"end":{"line":501,"column":22}},"type":"if","locations":[{"start":{"line":500,"column":8},"end":{"line":501,"column":22}},{"start":{},"end":{}}]},"64":{"loc":{"start":{"line":500,"column":12},"end":{"line":500,"column":47}},"type":"binary-expr","locations":[{"start":{"line":500,"column":12},"end":{"line":500,"column":26}},{"start":{"line":500,"column":30},"end":{"line":500,"column":47}}]},"65":{"loc":{"start":{"line":507,"column":8},"end":{"line":508,"column":19}},"type":"if","locations":[{"start":{"line":507,"column":8},"end":{"line":508,"column":19}},{"start":{},"end":{}}]},"66":{"loc":{"start":{"line":513,"column":8},"end":{"line":515,"column":9}},"type":"if","locations":[{"start":{"line":513,"column":8},"end":{"line":515,"column":9}},{"start":{},"end":{}}]},"67":{"loc":{"start":{"line":526,"column":12},"end":{"line":527,"column":23}},"type":"if","locations":[{"start":{"line":526,"column":12},"end":{"line":527,"column":23}},{"start":{},"end":{}}]},"68":{"loc":{"start":{"line":529,"column":16},"end":{"line":531,"column":17}},"type":"if","locations":[{"start":{"line":529,"column":16},"end":{"line":531,"column":17}},{"start":{},"end":{}}]},"69":{"loc":{"start":{"line":529,"column":20},"end":{"line":529,"column":84}},"type":"binary-expr","locations":[{"start":{"line":529,"column":20},"end":{"line":529,"column":25}},{"start":{"line":529,"column":29},"end":{"line":529,"column":61}},{"start":{"line":529,"column":65},"end":{"line":529,"column":84}}]},"70":{"loc":{"start":{"line":541,"column":12},"end":{"line":543,"column":13}},"type":"if","locations":[{"start":{"line":541,"column":12},"end":{"line":543,"column":13}},{"start":{},"end":{}}]},"71":{"loc":{"start":{"line":541,"column":16},"end":{"line":541,"column":80}},"type":"binary-expr","locations":[{"start":{"line":541,"column":16},"end":{"line":541,"column":40}},{"start":{"line":541,"column":44},"end":{"line":541,"column":80}}]},"72":{"loc":{"start":{"line":548,"column":20},"end":{"line":551,"column":21}},"type":"if","locations":[{"start":{"line":548,"column":20},"end":{"line":551,"column":21}},{"start":{},"end":{}}]},"73":{"loc":{"start":{"line":548,"column":24},"end":{"line":549,"column":61}},"type":"binary-expr","locations":[{"start":{"line":548,"column":24},"end":{"line":548,"column":49}},{"start":{"line":549,"column":24},"end":{"line":549,"column":61}}]},"74":{"loc":{"start":{"line":570,"column":8},"end":{"line":571,"column":22}},"type":"if","locations":[{"start":{"line":570,"column":8},"end":{"line":571,"column":22}},{"start":{},"end":{}}]},"75":{"loc":{"start":{"line":570,"column":12},"end":{"line":570,"column":39}},"type":"binary-expr","locations":[{"start":{"line":570,"column":12},"end":{"line":570,"column":20}},{"start":{"line":570,"column":24},"end":{"line":570,"column":39}}]},"76":{"loc":{"start":{"line":573,"column":29},"end":{"line":573,"column":77}},"type":"cond-expr","locations":[{"start":{"line":573,"column":53},"end":{"line":573,"column":72}},{"start":{"line":573,"column":75},"end":{"line":573,"column":77}}]},"77":{"loc":{"start":{"line":573,"column":29},"end":{"line":573,"column":50}},"type":"binary-expr","locations":[{"start":{"line":573,"column":29},"end":{"line":573,"column":34}},{"start":{"line":573,"column":38},"end":{"line":573,"column":50}}]},"78":{"loc":{"start":{"line":577,"column":8},"end":{"line":578,"column":24}},"type":"if","locations":[{"start":{"line":577,"column":8},"end":{"line":578,"column":24}},{"start":{},"end":{}}]},"79":{"loc":{"start":{"line":579,"column":8},"end":{"line":580,"column":25}},"type":"if","locations":[{"start":{"line":579,"column":8},"end":{"line":580,"column":25}},{"start":{},"end":{}}]},"80":{"loc":{"start":{"line":579,"column":12},"end":{"line":579,"column":47}},"type":"binary-expr","locations":[{"start":{"line":579,"column":12},"end":{"line":579,"column":18}},{"start":{"line":579,"column":22},"end":{"line":579,"column":47}}]},"81":{"loc":{"start":{"line":582,"column":16},"end":{"line":584,"column":48}},"type":"binary-expr","locations":[{"start":{"line":582,"column":16},"end":{"line":582,"column":58}},{"start":{"line":583,"column":12},"end":{"line":583,"column":54}},{"start":{"line":584,"column":12},"end":{"line":584,"column":48}}]},"82":{"loc":{"start":{"line":587,"column":8},"end":{"line":589,"column":9}},"type":"if","locations":[{"start":{"line":587,"column":8},"end":{"line":589,"column":9}},{"start":{},"end":{}}]},"83":{"loc":{"start":{"line":614,"column":26},"end":{"line":614,"column":62}},"type":"binary-expr","locations":[{"start":{"line":614,"column":26},"end":{"line":614,"column":56}},{"start":{"line":614,"column":60},"end":{"line":614,"column":62}}]},"84":{"loc":{"start":{"line":620,"column":8},"end":{"line":621,"column":29}},"type":"if","locations":[{"start":{"line":620,"column":8},"end":{"line":621,"column":29}},{"start":{},"end":{}}]},"85":{"loc":{"start":{"line":620,"column":12},"end":{"line":620,"column":37}},"type":"binary-expr","locations":[{"start":{"line":620,"column":12},"end":{"line":620,"column":17}},{"start":{"line":620,"column":21},"end":{"line":620,"column":37}}]},"86":{"loc":{"start":{"line":624,"column":12},"end":{"line":625,"column":25}},"type":"if","locations":[{"start":{"line":624,"column":12},"end":{"line":625,"column":25}},{"start":{},"end":{}}]},"87":{"loc":{"start":{"line":624,"column":16},"end":{"line":624,"column":45}},"type":"binary-expr","locations":[{"start":{"line":624,"column":16},"end":{"line":624,"column":21}},{"start":{"line":624,"column":25},"end":{"line":624,"column":45}}]},"88":{"loc":{"start":{"line":627,"column":12},"end":{"line":628,"column":25}},"type":"if","locations":[{"start":{"line":627,"column":12},"end":{"line":628,"column":25}},{"start":{},"end":{}}]},"89":{"loc":{"start":{"line":629,"column":12},"end":{"line":631,"column":13}},"type":"if","locations":[{"start":{"line":629,"column":12},"end":{"line":631,"column":13}},{"start":{},"end":{}}]},"90":{"loc":{"start":{"line":656,"column":14},"end":{"line":656,"column":33}},"type":"default-arg","locations":[{"start":{"line":656,"column":21},"end":{"line":656,"column":33}}]},"91":{"loc":{"start":{"line":659,"column":8},"end":{"line":662,"column":9}},"type":"if","locations":[{"start":{"line":659,"column":8},"end":{"line":662,"column":9}},{"start":{},"end":{}}]},"92":{"loc":{"start":{"line":667,"column":12},"end":{"line":668,"column":32}},"type":"if","locations":[{"start":{"line":667,"column":12},"end":{"line":668,"column":32}},{"start":{},"end":{}}]}},"s":{"0":1,"1":1,"2":1,"3":1,"4":1,"5":1,"6":1,"7":1,"8":1,"9":1,"10":1,"11":1,"12":1,"13":1,"14":1,"15":1,"16":1,"17":1,"18":1,"19":1,"20":1,"21":1,"22":1,"23":0,"24":0,"25":0,"26":0,"27":1,"28":1,"29":0,"30":1,"31":1,"32":0,"33":0,"34":0,"35":0,"36":0,"37":0,"38":0,"39":0,"40":0,"41":0,"42":0,"43":0,"44":0,"45":0,"46":0,"47":0,"48":0,"49":0,"50":0,"51":0,"52":0,"53":0,"54":0,"55":0,"56":0,"57":0,"58":0,"59":0,"60":0,"61":0,"62":0,"63":0,"64":0,"65":0,"66":0,"67":0,"68":0,"69":0,"70":0,"71":0,"72":0,"73":0,"74":0,"75":0,"76":0,"77":0,"78":0,"79":0,"80":0,"81":0,"82":0,"83":0,"84":0,"85":0,"86":0,"87":0,"88":0,"89":0,"90":0,"91":0,"92":0,"93":0,"94":0,"95":0,"96":0,"97":0,"98":0,"99":0,"100":0,"101":0,"102":0,"103":0,"104":0,"105":0,"106":0,"107":0,"108":0,"109":0,"110":0,"111":0,"112":0,"113":0,"114":0,"115":0,"116":0,"117":0,"118":0,"119":0,"120":0,"121":0,"122":0,"123":0,"124":0,"125":0,"126":0,"127":0,"128":0,"129":0,"130":0,"131":0,"132":0,"133":0,"134":0,"135":0,"136":0,"137":0,"138":0,"139":0,"140":0,"141":0,"142":0,"143":0,"144":0,"145":0,"146":0,"147":0,"148":0,"149":0,"150":0,"151":0,"152":0,"153":0,"154":0,"155":0,"156":0,"157":0,"158":0,"159":0,"160":0,"161":0,"162":0,"163":0,"164":0,"165":0,"166":0,"167":0,"168":0,"169":0,"170":0,"171":0,"172":0,"173":0,"174":0,"175":0,"176":0,"177":0,"178":0,"179":0,"180":0,"181":0,"182":0,"183":0,"184":0,"185":0,"186":0,"187":0,"188":0,"189":0,"190":0,"191":0,"192":0,"193":0,"194":0,"195":0,"196":0,"197":0,"198":0,"199":0,"200":0,"201":0,"202":0,"203":0,"204":0,"205":0,"206":0,"207":0,"208":0,"209":0,"210":0,"211":0,"212":0,"213":0,"214":0,"215":0,"216":0,"217":0,"218":0,"219":0,"220":0,"221":0,"222":0,"223":0,"224":0,"225":0,"226":0,"227":0,"228":0,"229":0,"230":0,"231":0,"232":0,"233":0,"234":0,"235":0,"236":0,"237":0,"238":0,"239":0,"240":0,"241":0,"242":0,"243":0,"244":0,"245":0,"246":0,"247":0,"248":0,"249":0,"250":0,"251":0,"252":0,"253":0,"254":0,"255":0,"256":0,"257":0,"258":0,"259":0,"260":0,"261":0,"262":0,"263":0,"264":0,"265":0,"266":0,"267":0,"268":0,"269":0,"270":0,"271":0,"272":0,"273":0,"274":0,"275":0,"276":0,"277":0,"278":0,"279":0,"280":0,"281":0,"282":0,"283":0,"284":0,"285":0,"286":0,"287":0,"288":0,"289":0,"290":0,"291":0,"292":0,"293":0,"294":0,"295":0,"296":0,"297":0,"298":0,"299":0,"300":0,"301":0,"302":0,"303":0,"304":0,"305":0,"306":0,"307":0,"308":0,"309":0,"310":0,"311":0,"312":0,"313":0,"314":0,"315":0,"316":0,"317":0,"318":0,"319":0,"320":0,"321":0,"322":0,"323":0,"324":0,"325":0,"326":0,"327":0,"328":0,"329":0,"330":0,"331":0,"332":0,"333":0,"334":0,"335":0,"336":0,"337":0,"338":0,"339":0,"340":0,"341":0,"342":0,"343":0,"344":0,"345":0,"346":0,"347":0,"348":0,"349":0,"350":0,"351":0,"352":0,"353":0,"354":0,"355":0,"356":0,"357":0,"358":1},"f":{"0":1,"1":0,"2":0,"3":0,"4":0,"5":0,"6":0,"7":0,"8":0,"9":0,"10":0,"11":0,"12":0,"13":0,"14":0,"15":0,"16":0,"17":0,"18":0,"19":0,"20":0,"21":0,"22":0,"23":0,"24":0,"25":0,"26":0,"27":0,"28":0,"29":0,"30":0,"31":0,"32":0,"33":0,"34":0,"35":0,"36":0,"37":0,"38":0,"39":0,"40":0,"41":0,"42":0,"43":0,"44":0,"45":0,"46":0,"47":0,"48":0,"49":0,"50":0},"b":{"0":[1,0],"1":[1,0],"2":[1,1],"3":[0,0],"4":[1,0],"5":[0,0],"6":[0],"7":[0],"8":[0,0],"9":[0,0],"10":[0,0],"11":[0,0],"12":[0,0],"13":[0,0],"14":[0,0],"15":[0,0],"16":[0,0],"17":[0,0],"18":[0,0],"19":[0,0],"20":[0,0],"21":[0,0],"22":[0,0],"23":[0,0],"24":[0,0],"25":[0,0],"26":[0,0],"27":[0,0],"28":[0,0],"29":[0,0],"30":[0,0],"31":[0,0],"32":[0,0],"33":[0,0],"34":[0,0],"35":[0,0],"36":[0,0],"37":[0,0],"38":[0,0],"39":[0,0],"40":[0,0],"41":[0,0],"42":[0,0],"43":[0,0],"44":[0,0],"45":[0,0],"46":[0,0],"47":[0],"48":[0,0],"49":[0,0],"50":[0,0],"51":[0,0],"52":[0,0],"53":[0,0],"54":[0,0],"55":[0,0],"56":[0,0],"57":[0,0],"58":[0,0],"59":[0,0],"60":[0,0],"61":[0,0],"62":[0,0],"63":[0,0],"64":[0,0],"65":[0,0],"66":[0,0],"67":[0,0],"68":[0,0],"69":[0,0,0],"70":[0,0],"71":[0,0],"72":[0,0],"73":[0,0],"74":[0,0],"75":[0,0],"76":[0,0],"77":[0,0],"78":[0,0],"79":[0,0],"80":[0,0],"81":[0,0,0],"82":[0,0],"83":[0,0],"84":[0,0],"85":[0,0],"86":[0,0],"87":[0,0],"88":[0,0],"89":[0,0],"90":[0],"91":[0,0],"92":[0,0]}}
,"/home/tvenceslau/local-workspace/decaf-ts/cli/lib/cjs/banners.js": {"path":"/home/tvenceslau/local-workspace/decaf-ts/cli/lib/cjs/banners.js","statementMap":{"0":{"start":{"line":2,"column":13},"end":{"line":2,"column":29}},"1":{"start":{"line":3,"column":13},"end":{"line":188,"column":2}},"2":{"start":{"line":189,"column":13},"end":{"line":390,"column":2}}},"fnMap":{},"branchMap":{},"s":{"0":1,"1":1,"2":1},"f":{},"b":{}}
,"/home/tvenceslau/local-workspace/decaf-ts/cli/lib/cjs/constants.js": {"path":"/home/tvenceslau/local-workspace/decaf-ts/cli/lib/cjs/constants.js","statementMap":{"0":{"start":{"line":8,"column":13},"end":{"line":8,"column":42}}},"fnMap":{},"branchMap":{},"s":{"0":1},"f":{},"b":{}}
,"/home/tvenceslau/local-workspace/decaf-ts/cli/lib/cjs/environment.js": {"path":"/home/tvenceslau/local-workspace/decaf-ts/cli/lib/cjs/environment.js","statementMap":{"0":{"start":{"line":1,"column":0},"end":{"line":1,"column":24}},"1":{"start":{"line":2,"column":0},"end":{"line":2,"column":54}},"2":{"start":{"line":3,"column":22},"end":{"line":5,"column":19}},"3":{"start":{"line":6,"column":13},"end":{"line":10,"column":2}},"4":{"start":{"line":11,"column":13},"end":{"line":11,"column":88}}},"fnMap":{},"branchMap":{"0":{"loc":{"start":{"line":3,"column":22},"end":{"line":5,"column":19}},"type":"cond-expr","locations":[{"start":{"line":4,"column":6},"end":{"line":4,"column":47}},{"start":{"line":5,"column":6},"end":{"line":5,"column":19}}]},"1":{"loc":{"start":{"line":3,"column":22},"end":{"line":3,"column":91}},"type":"binary-expr","locations":[{"start":{"line":3,"column":22},"end":{"line":3,"column":49}},{"start":{"line":3,"column":53},"end":{"line":3,"column":91}}]}},"s":{"0":1,"1":1,"2":1,"3":1,"4":1},"f":{},"b":{"0":[0,1],"1":[1,0]}}
,"/home/tvenceslau/local-workspace/decaf-ts/cli/lib/cjs/logging.js": {"path":"/home/tvenceslau/local-workspace/decaf-ts/cli/lib/cjs/logging.js","statementMap":{"0":{"start":{"line":2,"column":0},"end":{"line":2,"column":16}},"1":{"start":{"line":1,"column":0},"end":{"line":1,"column":44}},"2":{"start":{"line":3,"column":24},"end":{"line":3,"column":29}},"3":{"start":{"line":4,"column":17},"end":{"line":4,"column":27}},"4":{"start":{"line":5,"column":4},"end":{"line":8,"column":5}},"5":{"start":{"line":6,"column":8},"end":{"line":6,"column":33}},"6":{"start":{"line":7,"column":8},"end":{"line":7,"column":31}},"7":{"start":{"line":9,"column":16},"end":{"line":11,"column":21}},"8":{"start":{"line":10,"column":8},"end":{"line":10,"column":34}},"9":{"start":{"line":12,"column":4},"end":{"line":12,"column":15}}},"fnMap":{"0":{"name":"getCmdLogger","decl":{"start":{"line":2,"column":16},"end":{"line":2,"column":28}},"loc":{"start":{"line":2,"column":32},"end":{"line":13,"column":1}}},"1":{"name":"(anonymous_1)","decl":{"start":{"line":9,"column":45},"end":{"line":9,"column":46}},"loc":{"start":{"line":9,"column":59},"end":{"line":11,"column":5}}}},"branchMap":{},"s":{"0":1,"1":1,"2":0,"3":0,"4":0,"5":0,"6":0,"7":0,"8":0,"9":0},"f":{"0":0,"1":0},"b":{}}
,"/home/tvenceslau/local-workspace/decaf-ts/cli/lib/cjs/slogans.js": {"path":"/home/tvenceslau/local-workspace/decaf-ts/cli/lib/cjs/slogans.js","statementMap":{"0":{"start":{"line":15,"column":0},"end":{"line":15,"column":16}},"1":{"start":{"line":41,"column":0},"end":{"line":41,"column":16}},"2":{"start":{"line":98,"column":0},"end":{"line":98,"column":16}},"3":{"start":{"line":1,"column":0},"end":{"line":1,"column":24}},"4":{"start":{"line":2,"column":0},"end":{"line":2,"column":20}},"5":{"start":{"line":3,"column":0},"end":{"line":3,"column":45}},"6":{"start":{"line":16,"column":4},"end":{"line":16,"column":31}},"7":{"start":{"line":17,"column":24},"end":{"line":17,"column":81}},"8":{"start":{"line":18,"column":4},"end":{"line":28,"column":5}},"9":{"start":{"line":19,"column":8},"end":{"line":21,"column":9}},"10":{"start":{"line":20,"column":12},"end":{"line":20,"column":29}},"11":{"start":{"line":22,"column":24},"end":{"line":22,"column":52}},"12":{"start":{"line":23,"column":8},"end":{"line":23,"column":46}},"13":{"start":{"line":26,"column":8},"end":{"line":26,"column":71}},"14":{"start":{"line":27,"column":8},"end":{"line":27,"column":25}},"15":{"start":{"line":42,"column":4},"end":{"line":42,"column":34}},"16":{"start":{"line":43,"column":19},"end":{"line":43,"column":21}},"17":{"start":{"line":45,"column":24},"end":{"line":45,"column":50}},"18":{"start":{"line":46,"column":4},"end":{"line":55,"column":5}},"19":{"start":{"line":47,"column":8},"end":{"line":54,"column":9}},"20":{"start":{"line":48,"column":28},"end":{"line":48,"column":56}},"21":{"start":{"line":49,"column":12},"end":{"line":49,"column":42}},"22":{"start":{"line":50,"column":12},"end":{"line":50,"column":83}},"23":{"start":{"line":53,"column":12},"end":{"line":53,"column":78}},"24":{"start":{"line":57,"column":29},"end":{"line":57,"column":77}},"25":{"start":{"line":58,"column":4},"end":{"line":83,"column":5}},"26":{"start":{"line":59,"column":8},"end":{"line":82,"column":9}},"27":{"start":{"line":60,"column":34},"end":{"line":62,"column":14}},"28":{"start":{"line":63,"column":12},"end":{"line":78,"column":13}},"29":{"start":{"line":64,"column":16},"end":{"line":65,"column":29}},"30":{"start":{"line":65,"column":20},"end":{"line":65,"column":29}},"31":{"start":{"line":66,"column":32},"end":{"line":66,"column":69}},"32":{"start":{"line":67,"column":35},"end":{"line":67,"column":60}},"33":{"start":{"line":68,"column":16},"end":{"line":77,"column":17}},"34":{"start":{"line":69,"column":20},"end":{"line":76,"column":21}},"35":{"start":{"line":70,"column":40},"end":{"line":70,"column":67}},"36":{"start":{"line":71,"column":24},"end":{"line":71,"column":53}},"37":{"start":{"line":72,"column":24},"end":{"line":72,"column":94}},"38":{"start":{"line":75,"column":24},"end":{"line":75,"column":91}},"39":{"start":{"line":81,"column":12},"end":{"line":81,"column":69}},"40":{"start":{"line":84,"column":4},"end":{"line":84,"column":18}},"41":{"start":{"line":99,"column":4},"end":{"line":99,"column":46}},"42":{"start":{"line":100,"column":19},"end":{"line":100,"column":21}},"43":{"start":{"line":101,"column":28},"end":{"line":101,"column":61}},"44":{"start":{"line":102,"column":25},"end":{"line":102,"column":27}},"45":{"start":{"line":104,"column":4},"end":{"line":108,"column":5}},"46":{"start":{"line":105,"column":8},"end":{"line":106,"column":21}},"47":{"start":{"line":106,"column":12},"end":{"line":106,"column":21}},"48":{"start":{"line":107,"column":8},"end":{"line":107,"column":38}},"49":{"start":{"line":109,"column":4},"end":{"line":112,"column":5}},"50":{"start":{"line":110,"column":8},"end":{"line":110,"column":49}},"51":{"start":{"line":111,"column":8},"end":{"line":111,"column":22}},"52":{"start":{"line":113,"column":4},"end":{"line":116,"column":5}},"53":{"start":{"line":114,"column":8},"end":{"line":114,"column":96}},"54":{"start":{"line":115,"column":8},"end":{"line":115,"column":28}},"55":{"start":{"line":117,"column":4},"end":{"line":120,"column":5}},"56":{"start":{"line":118,"column":8},"end":{"line":118,"column":69}},"57":{"start":{"line":119,"column":8},"end":{"line":119,"column":31}},"58":{"start":{"line":122,"column":24},"end":{"line":122,"column":25}},"59":{"start":{"line":123,"column":21},"end":{"line":123,"column":22}},"60":{"start":{"line":124,"column":27},"end":{"line":124,"column":31}},"61":{"start":{"line":125,"column":4},"end":{"line":138,"column":5}},"62":{"start":{"line":127,"column":28},"end":{"line":127,"column":58}},"63":{"start":{"line":128,"column":8},"end":{"line":137,"column":9}},"64":{"start":{"line":129,"column":12},"end":{"line":129,"column":58}},"65":{"start":{"line":131,"column":13},"end":{"line":137,"column":9}},"66":{"start":{"line":132,"column":12},"end":{"line":132,"column":52}},"67":{"start":{"line":134,"column":13},"end":{"line":137,"column":9}},"68":{"start":{"line":136,"column":12},"end":{"line":136,"column":58}},"69":{"start":{"line":139,"column":4},"end":{"line":139,"column":91}},"70":{"start":{"line":140,"column":4},"end":{"line":140,"column":18}}},"fnMap":{"0":{"name":"readSlogans","decl":{"start":{"line":15,"column":16},"end":{"line":15,"column":27}},"loc":{"start":{"line":15,"column":41},"end":{"line":29,"column":1}}},"1":{"name":"collectSlogans","decl":{"start":{"line":41,"column":16},"end":{"line":41,"column":30}},"loc":{"start":{"line":41,"column":44},"end":{"line":85,"column":1}}},"2":{"name":"flattenSlogansWithPriority","decl":{"start":{"line":98,"column":16},"end":{"line":98,"column":42}},"loc":{"start":{"line":98,"column":75},"end":{"line":141,"column":1}}}},"branchMap":{"0":{"loc":{"start":{"line":19,"column":8},"end":{"line":21,"column":9}},"type":"if","locations":[{"start":{"line":19,"column":8},"end":{"line":21,"column":9}},{"start":{},"end":{}}]},"1":{"loc":{"start":{"line":46,"column":4},"end":{"line":55,"column":5}},"type":"if","locations":[{"start":{"line":46,"column":4},"end":{"line":55,"column":5}},{"start":{},"end":{}}]},"2":{"loc":{"start":{"line":58,"column":4},"end":{"line":83,"column":5}},"type":"if","locations":[{"start":{"line":58,"column":4},"end":{"line":83,"column":5}},{"start":{},"end":{}}]},"3":{"loc":{"start":{"line":64,"column":16},"end":{"line":65,"column":29}},"type":"if","locations":[{"start":{"line":64,"column":16},"end":{"line":65,"column":29}},{"start":{},"end":{}}]},"4":{"loc":{"start":{"line":68,"column":16},"end":{"line":77,"column":17}},"type":"if","locations":[{"start":{"line":68,"column":16},"end":{"line":77,"column":17}},{"start":{},"end":{}}]},"5":{"loc":{"start":{"line":101,"column":28},"end":{"line":101,"column":61}},"type":"binary-expr","locations":[{"start":{"line":101,"column":28},"end":{"line":101,"column":55}},{"start":{"line":101,"column":59},"end":{"line":101,"column":61}}]},"6":{"loc":{"start":{"line":105,"column":8},"end":{"line":106,"column":21}},"type":"if","locations":[{"start":{"line":105,"column":8},"end":{"line":106,"column":21}},{"start":{},"end":{}}]},"7":{"loc":{"start":{"line":109,"column":4},"end":{"line":112,"column":5}},"type":"if","locations":[{"start":{"line":109,"column":4},"end":{"line":112,"column":5}},{"start":{},"end":{}}]},"8":{"loc":{"start":{"line":109,"column":8},"end":{"line":109,"column":65}},"type":"binary-expr","locations":[{"start":{"line":109,"column":8},"end":{"line":109,"column":36}},{"start":{"line":109,"column":40},"end":{"line":109,"column":65}}]},"9":{"loc":{"start":{"line":113,"column":4},"end":{"line":116,"column":5}},"type":"if","locations":[{"start":{"line":113,"column":4},"end":{"line":116,"column":5}},{"start":{},"end":{}}]},"10":{"loc":{"start":{"line":117,"column":4},"end":{"line":120,"column":5}},"type":"if","locations":[{"start":{"line":117,"column":4},"end":{"line":120,"column":5}},{"start":{},"end":{}}]},"11":{"loc":{"start":{"line":125,"column":11},"end":{"line":126,"column":40}},"type":"binary-expr","locations":[{"start":{"line":125,"column":11},"end":{"line":125,"column":49}},{"start":{"line":126,"column":8},"end":{"line":126,"column":40}}]},"12":{"loc":{"start":{"line":128,"column":8},"end":{"line":137,"column":9}},"type":"if","locations":[{"start":{"line":128,"column":8},"end":{"line":137,"column":9}},{"start":{"line":131,"column":13},"end":{"line":137,"column":9}}]},"13":{"loc":{"start":{"line":128,"column":12},"end":{"line":128,"column":65}},"type":"binary-expr","locations":[{"start":{"line":128,"column":12},"end":{"line":128,"column":23}},{"start":{"line":128,"column":27},"end":{"line":128,"column":65}}]},"14":{"loc":{"start":{"line":131,"column":13},"end":{"line":137,"column":9}},"type":"if","locations":[{"start":{"line":131,"column":13},"end":{"line":137,"column":9}},{"start":{"line":134,"column":13},"end":{"line":137,"column":9}}]},"15":{"loc":{"start":{"line":134,"column":13},"end":{"line":137,"column":9}},"type":"if","locations":[{"start":{"line":134,"column":13},"end":{"line":137,"column":9}},{"start":{},"end":{}}]}},"s":{"0":1,"1":1,"2":1,"3":1,"4":1,"5":1,"6":0,"7":0,"8":0,"9":0,"10":0,"11":0,"12":0,"13":0,"14":0,"15":0,"16":0,"17":0,"18":0,"19":0,"20":0,"21":0,"22":0,"23":0,"24":0,"25":0,"26":0,"27":0,"28":0,"29":0,"30":0,"31":0,"32":0,"33":0,"34":0,"35":0,"36":0,"37":0,"38":0,"39":0,"40":0,"41":0,"42":0,"43":0,"44":0,"45":0,"46":0,"47":0,"48":0,"49":0,"50":0,"51":0,"52":0,"53":0,"54":0,"55":0,"56":0,"57":0,"58":0,"59":0,"60":0,"61":0,"62":0,"63":0,"64":0,"65":0,"66":0,"67":0,"68":0,"69":0,"70":0},"f":{"0":0,"1":0,"2":0},"b":{"0":[0,0],"1":[0,0],"2":[0,0],"3":[0,0],"4":[0,0],"5":[0,0],"6":[0,0],"7":[0,0],"8":[0,0],"9":[0,0],"10":[0,0],"11":[0,0],"12":[0,0],"13":[0,0],"14":[0,0],"15":[0,0]}}
,"/home/tvenceslau/local-workspace/decaf-ts/cli/lib/cjs/utils.js": {"path":"/home/tvenceslau/local-workspace/decaf-ts/cli/lib/cjs/utils.js","statementMap":{"0":{"start":{"line":1,"column":0},"end":{"line":1,"column":24}},"1":{"start":{"line":2,"column":0},"end":{"line":2,"column":20}},"2":{"start":{"line":26,"column":8},"end":{"line":31,"column":9}},"3":{"start":{"line":27,"column":12},"end":{"line":27,"column":58}},"4":{"start":{"line":27,"column":55},"end":{"line":27,"column":57}},"5":{"start":{"line":30,"column":12},"end":{"line":30,"column":98}},"6":{"start":{"line":44,"column":8},"end":{"line":44,"column":59}},"7":{"start":{"line":44,"column":42},"end":{"line":44,"column":56}},"8":{"start":{"line":55,"column":21},"end":{"line":55,"column":51}},"9":{"start":{"line":56,"column":8},"end":{"line":59,"column":56}},"10":{"start":{"line":70,"column":8},"end":{"line":75,"column":9}},"11":{"start":{"line":71,"column":12},"end":{"line":71,"column":92}},"12":{"start":{"line":74,"column":12},"end":{"line":74,"column":77}},"13":{"start":{"line":85,"column":8},"end":{"line":85,"column":56}},"14":{"start":{"line":95,"column":21},"end":{"line":95,"column":69}},"15":{"start":{"line":96,"column":8},"end":{"line":96,"column":37}},"16":{"start":{"line":17,"column":0},"end":{"line":17,"column":13}}},"fnMap":{"0":{"name":"(anonymous_10)","decl":{"start":{"line":25,"column":4},"end":{"line":25,"column":10}},"loc":{"start":{"line":25,"column":34},"end":{"line":32,"column":5}}},"1":{"name":"(anonymous_11)","decl":{"start":{"line":27,"column":55},"end":{"line":27,"column":57}},"loc":{"start":{"line":27,"column":55},"end":{"line":27,"column":57}}},"2":{"name":"(anonymous_12)","decl":{"start":{"line":42,"column":4},"end":{"line":42,"column":10}},"loc":{"start":{"line":42,"column":46},"end":{"line":45,"column":5}}},"3":{"name":"(anonymous_13)","decl":{"start":{"line":44,"column":34},"end":{"line":44,"column":35}},"loc":{"start":{"line":44,"column":42},"end":{"line":44,"column":56}}},"4":{"name":"(anonymous_14)","decl":{"start":{"line":54,"column":4},"end":{"line":54,"column":10}},"loc":{"start":{"line":54,"column":39},"end":{"line":60,"column":5}}},"5":{"name":"(anonymous_15)","decl":{"start":{"line":69,"column":4},"end":{"line":69,"column":10}},"loc":{"start":{"line":69,"column":30},"end":{"line":76,"column":5}}},"6":{"name":"(anonymous_16)","decl":{"start":{"line":84,"column":4},"end":{"line":84,"column":10}},"loc":{"start":{"line":84,"column":34},"end":{"line":86,"column":5}}},"7":{"name":"(anonymous_17)","decl":{"start":{"line":94,"column":4},"end":{"line":94,"column":10}},"loc":{"start":{"line":94,"column":31},"end":{"line":97,"column":5}}}},"branchMap":{"0":{"loc":{"start":{"line":30,"column":60},"end":{"line":30,"column":94}},"type":"cond-expr","locations":[{"start":{"line":30,"column":81},"end":{"line":30,"column":90}},{"start":{"line":30,"column":93},"end":{"line":30,"column":94}}]},"1":{"loc":{"start":{"line":44,"column":42},"end":{"line":44,"column":56}},"type":"binary-expr","locations":[{"start":{"line":44,"column":42},"end":{"line":44,"column":51}},{"start":{"line":44,"column":55},"end":{"line":44,"column":56}}]}},"s":{"0":1,"1":1,"2":0,"3":0,"4":0,"5":0,"6":0,"7":0,"8":0,"9":0,"10":0,"11":0,"12":0,"13":0,"14":0,"15":0,"16":1},"f":{"0":0,"1":0,"2":0,"3":0,"4":0,"5":0,"6":0,"7":0},"b":{"0":[0,0],"1":[0,0]}}
,"/home/tvenceslau/local-workspace/decaf-ts/cli/lib/cjs/build-module/cli-module.js": {"path":"/home/tvenceslau/local-workspace/decaf-ts/cli/lib/cjs/build-module/cli-module.js","statementMap":{"0":{"start":{"line":15,"column":0},"end":{"line":15,"column":24}},"1":{"start":{"line":1,"column":0},"end":{"line":1,"column":36}},"2":{"start":{"line":2,"column":0},"end":{"line":2,"column":47}},"3":{"start":{"line":3,"column":0},"end":{"line":3,"column":82}},"4":{"start":{"line":4,"column":27},"end":{"line":14,"column":2}},"5":{"start":{"line":16,"column":4},"end":{"line":31,"column":7}},"6":{"start":{"line":29,"column":23},"end":{"line":29,"column":62}},"7":{"start":{"line":30,"column":8},"end":{"line":30,"column":64}}},"fnMap":{"0":{"name":"buildModule","decl":{"start":{"line":15,"column":24},"end":{"line":15,"column":35}},"loc":{"start":{"line":15,"column":35},"end":{"line":32,"column":1}}},"1":{"name":"(anonymous_1)","decl":{"start":{"line":28,"column":16},"end":{"line":28,"column":21}},"loc":{"start":{"line":28,"column":21},"end":{"line":31,"column":5}}}},"branchMap":{},"s":{"0":1,"1":1,"2":1,"3":1,"4":1,"5":2,"6":0,"7":0},"f":{"0":2,"1":0},"b":{}}
,"/home/tvenceslau/local-workspace/decaf-ts/cli/lib/cjs/release-module/cli-module.js": {"path":"/home/tvenceslau/local-workspace/decaf-ts/cli/lib/cjs/release-module/cli-module.js","statementMap":{"0":{"start":{"line":34,"column":0},"end":{"line":34,"column":24}},"1":{"start":{"line":1,"column":0},"end":{"line":1,"column":36}},"2":{"start":{"line":2,"column":0},"end":{"line":2,"column":84}},"3":{"start":{"line":3,"column":0},"end":{"line":3,"column":82}},"4":{"start":{"line":4,"column":30},"end":{"line":11,"column":2}},"5":{"start":{"line":12,"column":28},"end":{"line":22,"column":2}},"6":{"start":{"line":23,"column":31},"end":{"line":33,"column":2}},"7":{"start":{"line":35,"column":20},"end":{"line":37,"column":82}},"8":{"start":{"line":38,"column":4},"end":{"line":54,"column":7}},"9":{"start":{"line":52,"column":23},"end":{"line":52,"column":63}},"10":{"start":{"line":53,"column":8},"end":{"line":53,"column":71}},"11":{"start":{"line":55,"column":4},"end":{"line":70,"column":7}},"12":{"start":{"line":68,"column":23},"end":{"line":68,"column":66}},"13":{"start":{"line":69,"column":8},"end":{"line":69,"column":79}},"14":{"start":{"line":71,"column":4},"end":{"line":71,"column":19}}},"fnMap":{"0":{"name":"releaseModule","decl":{"start":{"line":34,"column":24},"end":{"line":34,"column":37}},"loc":{"start":{"line":34,"column":37},"end":{"line":72,"column":1}}},"1":{"name":"(anonymous_1)","decl":{"start":{"line":51,"column":16},"end":{"line":51,"column":21}},"loc":{"start":{"line":51,"column":21},"end":{"line":54,"column":5}}},"2":{"name":"(anonymous_2)","decl":{"start":{"line":67,"column":16},"end":{"line":67,"column":21}},"loc":{"start":{"line":67,"column":21},"end":{"line":70,"column":5}}}},"branchMap":{},"s":{"0":1,"1":1,"2":1,"3":1,"4":1,"5":1,"6":1,"7":2,"8":2,"9":0,"10":0,"11":2,"12":0,"13":0,"14":2},"f":{"0":2,"1":0,"2":0},"b":{}}
,"/home/tvenceslau/local-workspace/decaf-ts/cli/lib/cjs/utils/command-forwarder.js": {"path":"/home/tvenceslau/local-workspace/decaf-ts/cli/lib/cjs/utils/command-forwarder.js","statementMap":{"0":{"start":{"line":3,"column":0},"end":{"line":3,"column":16}},"1":{"start":{"line":8,"column":0},"end":{"line":8,"column":16}},"2":{"start":{"line":23,"column":0},"end":{"line":23,"column":7}},"3":{"start":{"line":1,"column":0},"end":{"line":1,"column":80}},"4":{"start":{"line":2,"column":0},"end":{"line":2,"column":47}},"5":{"start":{"line":4,"column":4},"end":{"line":5,"column":20}},"6":{"start":{"line":5,"column":8},"end":{"line":5,"column":20}},"7":{"start":{"line":6,"column":4},"end":{"line":6,"column":53}},"8":{"start":{"line":9,"column":17},"end":{"line":9,"column":31}},"9":{"start":{"line":10,"column":4},"end":{"line":21,"column":11}},"10":{"start":{"line":11,"column":22},"end":{"line":11,"column":37}},"11":{"start":{"line":12,"column":8},"end":{"line":19,"column":9}},"12":{"start":{"line":13,"column":12},"end":{"line":15,"column":13}},"13":{"start":{"line":14,"column":16},"end":{"line":14,"column":39}},"14":{"start":{"line":17,"column":13},"end":{"line":19,"column":9}},"15":{"start":{"line":18,"column":12},"end":{"line":18,"column":35}},"16":{"start":{"line":20,"column":8},"end":{"line":20,"column":19}},"17":{"start":{"line":24,"column":16},"end":{"line":24,"column":37}},"18":{"start":{"line":25,"column":20},"end":{"line":25,"column":67}},"19":{"start":{"line":26,"column":22},"end":{"line":26,"column":41}},"20":{"start":{"line":27,"column":4},"end":{"line":29,"column":5}},"21":{"start":{"line":28,"column":8},"end":{"line":28,"column":79}},"22":{"start":{"line":30,"column":4},"end":{"line":30,"column":89}},"23":{"start":{"line":31,"column":4},"end":{"line":34,"column":5}},"24":{"start":{"line":32,"column":8},"end":{"line":32,"column":34}},"25":{"start":{"line":33,"column":8},"end":{"line":33,"column":15}},"26":{"start":{"line":35,"column":4},"end":{"line":35,"column":48}}},"fnMap":{"0":{"name":"parseOptionalBoolean","decl":{"start":{"line":3,"column":16},"end":{"line":3,"column":36}},"loc":{"start":{"line":3,"column":42},"end":{"line":7,"column":1}}},"1":{"name":"buildValueMap","decl":{"start":{"line":8,"column":16},"end":{"line":8,"column":29}},"loc":{"start":{"line":8,"column":44},"end":{"line":22,"column":1}}},"2":{"name":"(anonymous_2)","decl":{"start":{"line":10,"column":24},"end":{"line":10,"column":25}},"loc":{"start":{"line":10,"column":38},"end":{"line":21,"column":5}}},"3":{"name":"runUtilsCommand","decl":{"start":{"line":23,"column":22},"end":{"line":23,"column":37}},"loc":{"start":{"line":23,"column":67},"end":{"line":36,"column":1}}}},"branchMap":{"0":{"loc":{"start":{"line":4,"column":4},"end":{"line":5,"column":20}},"type":"if","locations":[{"start":{"line":4,"column":4},"end":{"line":
[...]
,"/home/tvenceslau/local-workspace/decaf-ts/cli/src/utils.ts": {"path":"/home/tvenceslau/local-workspace/decaf-ts/cli/src/utils.ts","statementMap":{"0":{"start":{"line":1,"column":0},"end":{"line":1,"column":24}},"1":{"start":{"line":2,"column":0},"end":{"line":2,"column":20}},"2":{"start":{"line":29,"column":4},"end":{"line":35,"column":5}},"3":{"start":{"line":30,"column":6},"end":{"line":30,"column":52}},"4":{"start":{"line":30,"column":49},"end":{"line":30,"column":51}},"5":{"start":{"line":32,"column":6},"end":{"line":34,"column":8}},"6":{"start":{"line":49,"column":4},"end":{"line":51,"column":6}},"7":{"start":{"line":50,"column":24},"end":{"line":50,"column":57}},"8":{"start":{"line":63,"column":17},"end":{"line":63,"column":47}},"9":{"start":{"line":64,"column":4},"end":{"line":67,"column":50}},"10":{"start":{"line":79,"column":4},"end":{"line":85,"column":5}},"11":{"start":{"line":80,"column":6},"end":{"line":82,"column":8}},"12":{"start":{"line":84,"column":6},"end":{"line":84,"column":71}},"13":{"start":{"line":96,"column":4},"end":{"line":96,"column":62}},"14":{"start":{"line":107,"column":18},"end":{"line":107,"column":77}},"15":{"start":{"line":108,"column":4},"end":{"line":108,"column":33}},"16":{"start":{"line":20,"column":0},"end":{"line":20,"column":13}}},"fnMap":{"0":{"name":"(anonymous_10)","decl":{"start":{"line":28,"column":2},"end":{"line":28,"column":8}},"loc":{"start":{"line":28,"column":40},"end":{"line":36,"column":3}}},"1":{"name":"(anonymous_11)","decl":{"start":{"line":30,"column":49},"end":{"line":30,"column":51}},"loc":{"start":{"line":30,"column":49},"end":{"line":30,"column":51}}},"2":{"name":"(anonymous_12)","decl":{"start":{"line":47,"column":2},"end":{"line":47,"column":8}},"loc":{"start":{"line":47,"column":59},"end":{"line":52,"column":3}}},"3":{"name":"(anonymous_13)","decl":{"start":{"line":50,"column":6},"end":{"line":50,"column":7}},"loc":{"start":{"line":50,"column":24},"end":{"line":50,"column":57}}},"4":{"name":"(anonymous_14)","decl":{"start":{"line":62,"column":2},"end":{"line":62,"column":8}},"loc":{"start":{"line":62,"column":54},"end":{"line":68,"column":3}}},"5":{"name":"(anonymous_15)","decl":{"start":{"line":78,"column":10},"end":{"line":78,"column":16}},"loc":{"start":{"line":78,"column":44},"end":{"line":86,"column":3}}},"6":{"name":"(anonymous_16)","decl":{"start":{"line":95,"column":2},"end":{"line":95,"column":8}},"loc":{"start":{"line":95,"column":40},"end":{"line":97,"column":3}}},"7":{"name":"(anonymous_17)","decl":{"start":{"line":106,"column":2},"end":{"line":106,"column":8}},"loc":{"start":{"line":106,"column":37},"end":{"line":109,"column":3}}}},"branchMap":{"0":{"loc":{"start":{"line":33,"column":40},"end":{"line":33,"column":74}},"type":"cond-expr","locations":[{"start":{"line":33,"column":61},"end":{"line":33,"column":70}},{"start":{"line":33,"column":73},"end":{"line":33,"column":74}}]},"1":{"loc":{"start":{"line":50,"column":24},"end":{"line":50,"column":57}},"type":"binary-expr","locations":[{"start":{"line":50,"column":24},"end":{"line":50,"column":52}},{"start":{"line":50,"column":56},"end":{"line":50,"column":57}}]}},"s":{"0":4,"1":4,"2":13,"3":13,"4":13,"5":0,"6":13,"7":11,"8":3,"9":3,"10":7,"11":7,"12":1,"13":3,"14":3,"15":3,"16":4},"f":{"0":13,"1":13,"2":13,"3":11,"4":3,"5":7,"6":3,"7":3},"b":{"0":[0,0],"1":[11,0]}}
,"/home/tvenceslau/local-workspace/decaf-ts/cli/src/version.ts": {"path":"/home/tvenceslau/local-workspace/decaf-ts/cli/src/version.ts","statementMap":{"0":{"start":{"line":1,"column":0},"end":{"line":1,"column":48}},"1":{"start":{"line":9,"column":13},"end":{"line":9,"column":37}},"2":{"start":{"line":17,"column":13},"end":{"line":17,"column":42}},"3":{"start":{"line":19,"column":0},"end":{"line":19,"column":48}}},"fnMap":{},"branchMap":{},"s":{"0":1,"1":1,"2":1,"3":1},"f":{},"b":{}}
,"/home/tvenceslau/local-workspace/decaf-ts/cli/src/build-module/cli-module.ts": {"path":"/home/tvenceslau/local-workspace/decaf-ts/cli/src/build-module/cli-module.ts","statementMap":{"0":{"start":{"line":21,"column":0},"end":{"line":21,"column":24}},"1":{"start":{"line":1,"column":0},"end":{"line":1,"column":36}},"2":{"start":{"line":2,"column":0},"end":{"line":2,"column":47}},"3":{"start":{"line":3,"column":0},"end":{"line":3,"column":null}},"4":{"start":{"line":9,"column":41},"end":{"line":19,"column":2}},"5":{"start":{"line":22,"column":2},"end":{"line":37,"column":7}},"6":{"start":{"line":35,"column":21},"end":{"line":35,"column":60}},"7":{"start":{"line":36,"column":6},"end":{"line":36,"column":62}}},"fnMap":{"0":{"name":"buildModule","decl":{"start":{"line":21,"column":24},"end":{"line":21,"column":35}},"loc":{"start":{"line":21,"column":35},"end":{"line":38,"column":1}}},"1":{"name":"(anonymous_1)","decl":{"start":{"line":34,"column":12},"end":{"line":34,"column":17}},"loc":{"start":{"line":34,"column":17},"end":{"line":37,"column":5}}}},"branchMap":{},"s":{"0":4,"1":4,"2":4,"3":4,"4":4,"5":4,"6":0,"7":0},"f":{"0":4,"1":0},"b":{}}
,"/home/tvenceslau/local-workspace/decaf-ts/cli/src/release-module/cli-module.ts": {"path":"/home/tvenceslau/local-workspace/decaf-ts/cli/src/release-module/cli-module.ts","statementMap":{"0":{"start":{"line":45,"column":0},"end":{"line":45,"column":24}},"1":{"start":{"line":1,"column":0},"end":{"line":1,"column":36}},"2":{"start":{"line":2,"column":0},"end":{"line":2,"column":null}},"3":{"start":{"line":6,"column":0},"end":{"line":6,"column":null}},"4":{"start":{"line":12,"column":44},"end":{"line":19,"column":2}},"5":{"start":{"line":21,"column":42},"end":{"line":31,"column":2}},"6":{"start":{"line":33,"column":45},"end":{"line":43,"column":2}},"7":{"start":{"line":46,"column":18},"end":{"line":48,"column":78}},"8":{"start":{"line":50,"column":2},"end":{"line":81,"column":7}},"9":{"start":{"line":79,"column":21},"end":{"line":79,"column":61}},"10":{"start":{"line":80,"column":6},"end":{"line":80,"column":69}},"11":{"start":{"line":83,"column":2},"end":{"line":112,"column":7}},"12":{"start":{"line":110,"column":21},"end":{"line":110,"column":64}},"13":{"start":{"line":111,"column":6},"end":{"line":111,"column":77}},"14":{"start":{"line":114,"column":2},"end":{"line":114,"column":17}}},"fnMap":{"0":{"name":"releaseModule","decl":{"start":{"line":45,"column":24},"end":{"line":45,"column":37}},"loc":{"start":{"line":45,"column":37},"end":{"line":115,"column":1}}},"1":{"name":"(anonymous_1)","decl":{"start":{"line":78,"column":12},"end":{"line":78,"column":17}},"loc":{"start":{"line":78,"column":17},"end":{"line":81,"column":5}}},"2":{"name":"(anonymous_2)","decl":{"start":{"line":109,"column":12},"end":{"line":109,"column":17}},"loc":{"start":{"line":109,"column":17},"end":{"line":112,"column":5}}}},"branchMap":{},"s":{"0":3,"1":3,"2":3,"3":3,"4":3,"5":3,"6":3,"7":3,"8":3,"9":0,"10":0,"11":3,"12":0,"13":0,"14":3},"f":{"0":3,"1":0,"2":0},"b":{}}
,"/home/tvenceslau/local-workspace/decaf-ts/cli/src/utils/command-forwarder.ts": {"path":"/home/tvenceslau/local-workspace/decaf-ts/cli/src/utils/command-forwarder.ts","statementMap":{"0":{"start":{"line":12,"column":0},"end":{"line":12,"column":16}},"1":{"start":{"line":17,"column":0},"end":{"line":17,"column":16}},"2":{"start":{"line":35,"column":0},"end":{"line":35,"column":7}},"3":{"start":{"line":2,"column":0},"end":{"line":2,"column":80}},"4":{"start":{"line":3,"column":0},"end":{"line":3,"column":42}},"5":{"start":{"line":13,"column":2},"end":{"line":13,"column":39}},"6":{"start":{"line":13,"column":27},"end":{"line":13,"column":39}},"7":{"start":{"line":14,"column":2},"end":{"line":14,"column":51}},"8":{"start":{"line":21,"column":15},"end":{"line":21,"column":56}},"9":{"start":{"line":22,"column":2},"end":{"line":32,"column":36}},"10":{"start":{"line":23,"column":18},"end":{"line":23,"column":33}},"11":{"start":{"line":24,"column":4},"end":{"line":30,"column":5}},"12":{"start":{"line":25,"column":6},"end":{"line":27,"column":7}},"13":{"start":{"line":26,"column":8},"end":{"line":26,"column":31}},"14":{"start":{"line":28,"column":11},"end":{"line":30,"column":5}},"15":{"start":{"line":29,"column":6},"end":{"line":29,"column":29}},"16":{"start":{"line":31,"column":4},"end":{"line":31,"column":15}},"17":{"start":{"line":40,"column":14},"end":{"line":40,"column":35}},"18":{"start":{"line":41,"column":18},"end":{"line":41,"column":65}},"19":{"start":{"line":42,"column":21},"end":{"line":42,"column":68}},"20":{"start":{"line":43,"column":2},"end":{"line":45,"column":3}},"21":{"start":{"line":44,"column":4},"end":{"line":44,"column":75}},"22":{"start":{"line":47,"column":2},"end":{"line":47,"column":87}},"23":{"start":{"line":48,"column":2},"end":{"line":51,"column":3}},"24":{"start":{"line":49,"column":4},"end":{"line":49,"column":30}},"25":{"start":{"line":50,"column":4},"end":{"line":50,"column":11}},"26":{"start":{"line":52,"column":2},"end":{"line":52,"column":46}}},"fnMap":{"0":{"name":"parseOptionalBoolean","decl":{"start":{"line":12,"column":16},"end":{"line":12,"column":36}},"loc":{"start":{"line":12,"column":51},"end":{"line":15,"column":1}}},"1":{"name":"buildValueMap","decl":{"start":{"line":17,"column":16},"end":{"line":17,"column":29}},"loc":{"start":{"line":19,"column":21},"end":{"line":33,"column":1}}},"2":{"name":"(anonymous_2)","decl":{"start":{"line":22,"column":22},"end":{"line":22,"column":23}},"loc":{"start":{"line":22,"column":36},"end":{"line":32,"column":3}}},"3":{"name":"runUtilsCommand","decl":{"start":{"line":35,"column":22},"end":{"line":35,"column":37}},"loc":{"start":{"line":38,"column":18},"end":{"line":53,"column":1}}}},"branchMap":{"0":{"loc":{"start":{"line":13,"column":2},"end":{"line":13,"column":39}},"type":"if","locations":[{"start":{"line":13,"column":2},"end":{"line":13,"column":39}},{"start":{},"end":{}}]},"1":{"loc":{"start":{"line":24,"column":4},"end":{"line":30,"column":5}},"type":"if","locations":[{"start":{"line":24,"column":4},"end":{"line":30,"column":5}},{"start":{"line":28,"column":11},"end":{"line":30,"column":5}}]},"2":{"loc":{"start":{"line":25,"column":6},"end":{"line":27,"column":7}},"type":"if","locations":[{"start":{"line":25,"column":6},"end":{"line":27,"column":7}},{"start":{},"end":{}}]},"3":{"loc":{"start":{"line":25,"column":10},"end":{"line":25,"column":64}},"type":"binary-expr","locations":[{"start":{"line":25,"column":10},"end":{"line":25,"column":24}},{"start":{"line":25,"column":29},"end":{"line":25,"column":44}},{"start":{"line":25,"column":48},"end":{"line":25,"column":63}}]},"4":{"loc":{"start":{"line":28,"column":11},"end":{"line":30,"column":5}},"type":"if","locations":[{"start":{"line":28,"column":11},"end":{"line":30,"column":5}},{"start":{},"end":{}}]},"5":{"loc":{"start":{"line":28,"column":15},"end":{"line":28,"column":86}},"type":"binary-expr","locations":[{"start":{"line":28,"column":15},"end":{"line":28,"column":37}},{"start":{"line":28,"column":41},"end":{"line":28,"column":66}},{"start":{"line":28,"column":70},"end":{"line":28,"column":86}}]},"6":{"loc":{"start":{"line":43,"column":2},"end":{"line":45,"column":3}},"type":"if","locations":[{"start":{"line":43,"column":2},"end":{"line":45,"column":3}},{"start":{},"end":{}}]},"7":{"loc":{"start":{"line":48,"column":2},"end":{"line":51,"column":3}},"type":"if","locations":[{"start":{"line":48,"column":2},"end":{"line":51,"column":3}},{"start":{},"end":{}}]}},"s":{"0":4,"1":4,"2":4,"3":4,"4":4,"5":0,"6":0,"7":0,"8":0,"9":0,"10":0,"11":0,"12":0,"13":0,"14":0,"15":0,"16":0,"17":0,"18":0,"19":0,"20":0,"21":0,"22":0,"23":0,"24":0,"25":0,"26":0},"f":{"0":0,"1":0,"2":0,"3":0},"b":{"0":[0,0],"1":[0,0],"2":[0,0],"3":[0,0,0],"4":[0,0],"5":[0,0,0],"6":[0,0],"7":[0,0]}}
,"/home/tvenceslau/local-workspace/decaf-ts/cli/src/utils-module/cli-module.ts": {"path":"/home/tvenceslau/local-workspace/decaf-ts/cli/src/utils-module/cli-module.ts","statementMap":{"0":{"start":{"line":88,"column":0},"end":{"line":88,"column":24}},"1":{"start":{"line":1,"column":0},"end":{"line":1,"column":36}},"2":{"start":{"line":2,"column":0},"end":{"line":2,"column":20}},"3":{"start":{"line":3,"column":0},"end":{"line":3,"column":24}},"4":{"start":{"line":4,"column":0},"end":{"line":4,"column":42}},"5":{"start":{"line":5,"column":0},"end":{"line":5,"column":48}},"6":{"start":{"line":6,"column":0},"end":{"line":6,"column":43}},"7":{"start":{"line":7,"column":0},"end":{"line":7,"column":48}},"8":{"start":{"line":9,"column":18},"end":{"line":39,"column":4}},"9":{"start":{"line":14,"column":16},"end":{"line":15,"column":null}},"10":{"start":{"line":18,"column":20},"end":{"line":18,"column":31}},"11":{"start":{"line":19,"column":16},"end":{"line":19,"column":39}},"12":{"start":{"line":20,"column":4},"end":{"line":22,"column":6}},"13":{"start":{"line":23,"column":23},"end":{"line":23,"column":30}},"14":{"start":{"line":24,"column":17},"end":{"line":24,"column":37}},"15":{"start":{"line":25,"column":4},"end":{"line":38,"column":5}},"16":{"start":{"line":27,"column":8},"end":{"line":27,"column":51}},"17":{"start":{"line":28,"column":8},"end":{"line":28,"column":14}},"18":{"start":{"line":30,"column":8},"end":{"line":32,"column":10}},"19":{"start":{"line":31,"column":10},"end":{"line":31,"column":41}},"20":{"start":{"line":33,"column":8},"end":{"line":33,"column":14}},"21":{"start":{"line":35,"column":8},"end":{"line":37,"column":10}},"22":{"start":{"line":36,"column":10},"end":{"line":36,"column":38}},"23":{"start":{"line":41,"column":26},"end":{"line":86,"column":4}},"24":{"start":{"line":48,"column":16},"end":{"line":49,"column":null}},"25":{"start":{"line":52,"column":20},"end":{"line":52,"column":31}},"26":{"start":{"line":53,"column":16},"end":{"line":53,"column":47}},"27":{"start":{"line":54,"column":4},"end":{"line":56,"column":6}},"28":{"start":{"line":57,"column":23},"end":{"line":57,"column":30}},"29":{"start":{"line":58,"column":16},"end":{"line":58,"column":35}},"30":{"start":{"line":59,"column":20},"end":{"line":69,"column":5}},"31":{"start":{"line":60,"column":6},"end":{"line":68,"column":9}},"32":{"start":{"line":61,"column":23},"end":{"line":61,"column":39}},"33":{"start":{"line":62,"column":24},"end":{"line":62,"column":64}},"34":{"start":{"line":63,"column":8},"end":{"line":67,"column":9}},"35":{"start":{"line":64,"column":10},"end":{"line":64,"column":41}},"36":{"start":{"line":66,"column":10},"end":{"line":66,"column":44}},"37":{"start":{"line":70,"column":4},"end":{"line":85,"column":5}},"38":{"start":{"line":72,"column":8},"end":{"line":72,"column":50}},"39":{"start":{"line":73,"column":8},"end":{"line":73,"column":14}},"40":{"start":{"line":75,"column":30},"end":{"line":75,"column":32}},"41":{"start":{"line":76,"column":8},"end":{"line":76,"column":26}},"42":{"start":{"line":77,"column":8},"end":{"line":77,"column":36}},"43":{"start":{"line":78,"column":8},"end":{"line":78,"column":14}},"44":{"start":{"line":81,"column":30},"end":{"line":81,"column":32}},"45":{"start":{"line":82,"column":8},"end":{"line":82,"column":26}},"46":{"start":{"line":83,"column":8},"end":{"line":83,"column":40}},"47":{"start":{"line":83,"column":27},"end":{"line":83,"column":38}},"48":{"start":{"line":89,"column":19},"end":{"line":91,"column":71}},"49":{"start":{"line":93,"column":2},"end":{"line":93,"column":33}},"50":{"start":{"line":94,"column":2},"end":{"line":94,"column":41}},"51":{"start":{"line":95,"column":2},"end":{"line":95,"column":18}}},"fnMap":{"0":{"name":"(anonymous_1)","decl":{"start":{"line":13,"column":10},"end":{"line":13,"column":15}},"loc":{"start":{"line":13,"column":33},"end":{"line":39,"column":3}}},"1":{"name":"(anonymous_2)","decl":{"start":{"line":30,"column":37},"end":{"line":30,"column":38}},"loc":{"start":{"line":31,"column":10},"end":{"line":31,"column":41}}},"2":{"name":"(anonymous_3)","decl":{"start":{"line":35,"column":37},"end":{"line":35,"column":38}},"loc":{"start":{"line":36,"column":10},"end":{"line":36,"column":38}}},"3":{"name":"(anonymous_4)","decl":{"start":{"line":47,"column":10},"end":{"line":47,"column":15}},"loc":{"start":{"line":47,"column":33},"end":{"line":86,"column":3}}},"4":{"name":"(anonymous_5)","decl":{"start":{"line":59,"column":20},"end":{"line":59,"column":21}},"loc":{"start":{"line":59,"column":63},"end":{"line":69,"column":5}}},"5":{"name":"(anonymous_6)","decl":{"start":{"line":60,"column":34},"end":{"line":60,"column":35}},"loc":{"start":{"line":60,"column":51},"end":{"line":68,"column":7}}},"6":{"name":"(anonymous_7)","decl":{"start":{"line":83,"column":20},"end":{"line":83,"column":21}},"loc":{"start":{"line":83,"column":27},"end":{"line":83,"column":38}}},"7":{"name":"utils","decl":{"start":{"line":88,"column":24},"end":{"line":88,"column":29}},"loc":{"start":{"line":88,"column":29},"end":{"line":96,"column":1}}}},"branchMap":{"0":{"loc":{"start":{"line":25,"column":4},"end":{"line":38,"column":5}},"type":"switch","locations":[{"start":{"line":26,"column":6},"end":{"line":28,"column":14}},{"start":{"line":29,"column":6},"end":{"line":33,"column":14}},{"start":{"line":34,"column":6},"end":{"line":37,"column":10}}]},"1":{"loc":{"start":{"line":59,"column":48},"end":{"line":59,"column":59}},"type":"default-arg","locations":[{"start":{"line":59,"column":57},"end":{"line":59,"column":59}}]},"2":{"loc":{"start":{"line":62,"column":24},"end":{"line":62,"column":64}},"type":"cond-expr","locations":[{"start":{"line":62,"column":33},"end":{"line":62,"column":55}},{"start":{"line":62,"column":58},"end":{"line":62,"column":64}}]},"3":{"loc":{"start":{"line":63,"column":8},"end":{"line":67,"column":9}},"type":"if","locations":[{"start":{"line":63,"column":8},"end":{"line":67,"column":9}},{"start":{"line":65,"column":15},"end":{"line":67,"column":9}}]},"4":{"loc":{"start":{"line":63,"column":12},"end":{"line":63,"column":71}},"type":"binary-expr","locations":[{"start":{"line":63,"column":12},"end":{"line":63,"column":17}},{"start":{"line":63,"column":21},"end":{"line":63,"column":46}},{"start":{"line":63,"column":50},"end":{"line":63,"column":71}}]},"5":{"loc":{"start":{"line":70,"column":4},"end":{"line":85,"column":5}},"type":"switch","locations":[{"start":{"line":71,"column":6},"end":{"line":73,"column":14}},{"start":{"line":74,"column":6},"end":{"line":79,"column":7}},{"start":{"line":80,"column":6},"end":{"line":84,"column":7}}]}},"s":{"0":3,"1":3,"2":3,"3":3,"4":3,"5":3,"6":3,"7":3,"8":3,"9":0,"10":0,"11":0,"12":0,"13":0,"14":0,"15":0,"16":0,"17":0,"18":0,"19":0,"20":0,"21":0,"22":0,"23":3,"24":0,"25":0,"26":0,"27":0,"28":0,"29":0,"30":0,"31":0,"32":0,"33":0,"34":0,"35":0,"36":0,"37":0,"38":0,"39":0,"40":0,"41":0,"42":0,"43":0,"44":0,"45":0,"46":0,"47":0,"48":3,"49":3,"50":3,"51":3},"f":{"0":0,"1":0,"2":0,"3":0,"4":0,"5":0,"6":0,"7":3},"b":{"0":[0,0,0],"1":[0],"2":[0,0],"3":[0,0],"4":[0,0,0],"5":[0,0,0]}}
,"/home/tvenceslau/local-workspace/decaf-ts/cli/tests/unit/__fixtures__/build/cli-module.cjs": {"path":"/home/tvenceslau/local-workspace/decaf-ts/cli/tests/unit/__fixtures__/build/cli-module.cjs","statementMap":{"0":{"start":{"line":2,"column":20},"end":{"line":2,"column":40}},"1":{"start":{"line":5,"column":0},"end":{"line":13,"column":2}},"2":{"start":{"line":6,"column":2},"end":{"line":12,"column":7}}},"fnMap":{"0":{"name":"build","decl":{"start":{"line":5,"column":26},"end":{"line":5,"column":31}},"loc":{"start":{"line":5,"column":34},"end":{"line":13,"column":1}},"line":5},"1":{"name":"(anonymous_1)","decl":{"start":{"line":10,"column":12},"end":{"line":10,"column":13}},"loc":{"start":{"line":10,"column":24},"end":{"line":12,"column":5}},"line":10}},"branchMap":{},"s":{"0":3,"1":3,"2":4},"f":{"0":4,"1":0},"b":{},"inputSourceMap":null,"_coverageSchema":"1a1c01bbd47fc00a2c39e90264f33305004495a9","hash":"cd2d3a851dea8251e1b95c4f94cb4157d4df0984"}
}
