{"/home/tvenceslau/local-workspace/decaf-ts/cli/lib/cjs/CliWrapper.js": {"path":"/home/tvenceslau/local-workspace/decaf-ts/cli/lib/cjs/CliWrapper.js","statementMap":{"0":{"start":{"line":1,"column":0},"end":{"line":1,"column":36}},"1":{"start":{"line":2,"column":0},"end":{"line":2,"column":20}},"2":{"start":{"line":3,"column":0},"end":{"line":3,"column":24}},"3":{"start":{"line":4,"column":0},"end":{"line":4,"column":47}},"4":{"start":{"line":5,"column":0},"end":{"line":5,"column":38}},"5":{"start":{"line":6,"column":0},"end":{"line":6,"column":68}},"6":{"start":{"line":7,"column":0},"end":{"line":7,"column":54}},"7":{"start":{"line":8,"column":0},"end":{"line":8,"column":43}},"8":{"start":{"line":9,"column":0},"end":{"line":9,"column":56}},"9":{"start":{"line":10,"column":0},"end":{"line":10,"column":55}},"10":{"start":{"line":11,"column":0},"end":{"line":11,"column":59}},"11":{"start":{"line":12,"column":0},"end":{"line":12,"column":55}},"12":{"start":{"line":13,"column":26},"end":{"line":13,"column":39}},"13":{"start":{"line":14,"column":24},"end":{"line":14,"column":93}},"14":{"start":{"line":15,"column":25},"end":{"line":17,"column":32}},"15":{"start":{"line":18,"column":29},"end":{"line":21,"column":54}},"16":{"start":{"line":22,"column":25},"end":{"line":24,"column":36}},"17":{"start":{"line":25,"column":27},"end":{"line":31,"column":1}},"18":{"start":{"line":26,"column":4},"end":{"line":30,"column":7}},"19":{"start":{"line":32,"column":25},"end":{"line":32,"column":40}},"20":{"start":{"line":33,"column":34},"end":{"line":37,"column":2}},"21":{"start":{"line":38,"column":28},"end":{"line":38,"column":63}},"22":{"start":{"line":38,"column":38},"end":{"line":38,"column":63}},"23":{"start":{"line":39,"column":29},"end":{"line":39,"column":76}},"24":{"start":{"line":39,"column":39},"end":{"line":39,"column":76}},"25":{"start":{"line":40,"column":24},"end":{"line":52,"column":1}},"26":{"start":{"line":41,"column":18},"end":{"line":44,"column":49}},"27":{"start":{"line":44,"column":26},"end":{"line":44,"column":48}},"28":{"start":{"line":45,"column":18},"end":{"line":45,"column":76}},"29":{"start":{"line":45,"column":46},"end":{"line":45,"column":72}},"30":{"start":{"line":46,"column":19},"end":{"line":46,"column":115}},"31":{"start":{"line":46,"column":47},"end":{"line":46,"column":88}},"32":{"start":{"line":47,"column":4},"end":{"line":51,"column":6}},"33":{"start":{"line":53,"column":23},"end":{"line":53,"column":51}},"34":{"start":{"line":54,"column":22},"end":{"line":64,"column":2}},"35":{"start":{"line":57,"column":8},"end":{"line":58,"column":29}},"36":{"start":{"line":58,"column":12},"end":{"line":58,"column":29}},"37":{"start":{"line":59,"column":8},"end":{"line":59,"column":50}},"38":{"start":{"line":62,"column":8},"end":{"line":62,"column":55}},"39":{"start":{"line":65,"column":0},"end":{"line":70,"column":1}},"40":{"start":{"line":66,"column":4},"end":{"line":66,"column":36}},"41":{"start":{"line":69,"column":4},"end":{"line":69,"column":77}},"42":{"start":{"line":71,"column":0},"end":{"line":71,"column":38}},"43":{"start":{"line":90,"column":13},"end":{"line":90,"column":45}},"44":{"start":{"line":92,"column":8},"end":{"line":92,"column":16}},"45":{"start":{"line":93,"column":8},"end":{"line":93,"column":33}},"46":{"start":{"line":94,"column":8},"end":{"line":94,"column":39}},"47":{"start":{"line":95,"column":8},"end":{"line":95,"column":26}},"48":{"start":{"line":96,"column":8},"end":{"line":96,"column":45}},"49":{"start":{"line":97,"column":8},"end":{"line":97,"column":32}},"50":{"start":{"line":98,"column":8},"end":{"line":98,"column":32}},"51":{"start":{"line":99,"column":8},"end":{"line":99,"column":46}},"52":{"start":{"line":100,"column":8},"end":{"line":100,"column":35}},"53":{"start":{"line":101,"column":8},"end":{"line":101,"column":75}},"54":{"start":{"line":110,"column":8},"end":{"line":113,"column":9}},"55":{"start":{"line":111,"column":12},"end":{"line":111,"column":42}},"56":{"start":{"line":112,"column":12},"end":{"line":112,"column":62}},"57":{"start":{"line":114,"column":8},"end":{"line":114,"column":29}},"58":{"start":{"line":144,"column":20},"end":{"line":144,"column":43}},"59":{"start":{"line":146,"column":8},"end":{"line":166,"column":9}},"60":{"start":{"line":147,"column":25},"end":{"line":147,"column":62}},"61":{"start":{"line":148,"column":12},"end":{"line":148,"column":31}},"62":{"start":{"line":149,"column":12},"end":{"line":150,"column":34}},"63":{"start":{"line":150,"column":16},"end":{"line":150,"column":34}},"64":{"start":{"line":151,"column":12},"end":{"line":152,"column":38}},"65":{"start":{"line":152,"column":16},"end":{"line":152,"column":38}},"66":{"start":{"line":153,"column":12},"end":{"line":154,"column":97}},"67":{"start":{"line":154,"column":16},"end":{"line":154,"column":97}},"68":{"start":{"line":155,"column":12},"end":{"line":155,"column":47}},"69":{"start":{"line":156,"column":31},"end":{"line":156,"column":74}},"70":{"start":{"line":157,"column":32},"end":{"line":157,"column":71}},"71":{"start":{"line":158,"column":12},"end":{"line":161,"column":13}},"72":{"start":{"line":160,"column":16},"end":{"line":160,"column":33}},"73":{"start":{"line":162,"column":12},"end":{"line":162,"column":63}},"74":{"start":{"line":165,"column":12},"end":{"line":165,"column":110}},"75":{"start":{"line":167,"column":8},"end":{"line":167,"column":20}},"76":{"start":{"line":170,"column":8},"end":{"line":170,"column":36}},"77":{"start":{"line":171,"column":8},"end":{"line":180,"column":9}},"78":{"start":{"line":172,"column":28},"end":{"line":172,"column":56}},"79":{"start":{"line":173,"column":28},"end":{"line":173,"column":62}},"80":{"start":{"line":174,"column":12},"end":{"line":176,"column":13}},"81":{"start":{"line":175,"column":16},"end":{"line":175,"column":51}},"82":{"start":{"line":179,"column":12},"end":{"line":179,"column":70}},"83":{"start":{"line":212,"column":20},"end":{"line":212,"column":43}},"84":{"start":{"line":213,"column":8},"end":{"line":213,"column":49}},"85":{"start":{"line":214,"column":8},"end":{"line":214,"column":47}},"86":{"start":{"line":215,"column":8},"end":{"line":215,"column":35}},"87":{"start":{"line":216,"column":25},"end":{"line":216,"column":43}},"88":{"start":{"line":217,"column":21},"end":{"line":217,"column":30}},"89":{"start":{"line":218,"column":8},"end":{"line":218,"column":60}},"90":{"start":{"line":219,"column":27},"end":{"line":219,"column":54}},"91":{"start":{"line":220,"column":8},"end":{"line":222,"column":9}},"92":{"start":{"line":221,"column":12},"end":{"line":221,"column":65}},"93":{"start":{"line":223,"column":36},"end":{"line":223,"column":65}},"94":{"start":{"line":224,"column":8},"end":{"line":226,"column":9}},"95":{"start":{"line":225,"column":12},"end":{"line":225,"column":67}},"96":{"start":{"line":227,"column":8},"end":{"line":229,"column":27}},"97":{"start":{"line":228,"column":24},"end":{"line":228,"column":32}},"98":{"start":{"line":232,"column":20},"end":{"line":232,"column":58}},"99":{"start":{"line":233,"column":8},"end":{"line":253,"column":9}},"100":{"start":{"line":234,"column":12},"end":{"line":252,"column":13}},"101":{"start":{"line":235,"column":35},"end":{"line":235,"column":47}},"102":{"start":{"line":236,"column":16},"end":{"line":238,"column":17}},"103":{"start":{"line":237,"column":20},"end":{"line":237,"column":29}},"104":{"start":{"line":239,"column":32},"end":{"line":239,"column":41}},"105":{"start":{"line":240,"column":16},"end":{"line":242,"column":17}},"106":{"start":{"line":241,"column":20},"end":{"line":241,"column":29}},"107":{"start":{"line":243,"column":16},"end":{"line":243,"column":52}},"108":{"start":{"line":244,"column":16},"end":{"line":244,"column":57}},"109":{"start":{"line":245,"column":16},"end":{"line":245,"column":77}},"110":{"start":{"line":246,"column":16},"end":{"line":248,"column":17}},"111":{"start":{"line":246,"column":57},"end":{"line":246,"column":82}},"112":{"start":{"line":247,"column":20},"end":{"line":247,"column":53}},"113":{"start":{"line":251,"column":16},"end":{"line":251,"column":131}},"114":{"start":{"line":256,"column":8},"end":{"line":258,"column":9}},"115":{"start":{"line":257,"column":12},"end":{"line":257,"column":19}},"116":{"start":{"line":259,"column":8},"end":{"line":266,"column":9}},"117":{"start":{"line":260,"column":12},"end":{"line":262,"column":13}},"118":{"start":{"line":261,"column":16},"end":{"line":261,"column":23}},"119":{"start":{"line":265,"column":12},"end":{"line":265,"column":19}},"120":{"start":{"line":267,"column":24},"end":{"line":267,"column":62}},"121":{"start":{"line":268,"column":8},"end":{"line":296,"column":9}},"122":{"start":{"line":269,"column":29},"end":{"line":269,"column":49}},"123":{"start":{"line":270,"column":12},"end":{"line":272,"column":13}},"124":{"start":{"line":271,"column":16},"end":{"line":271,"column":25}},"125":{"start":{"line":273,"column":12},"end":{"line":273,"column":31}},"126":{"start":{"line":275,"column":12},"end":{"line":281,"column":13}},"127":{"start":{"line":276,"column":16},"end":{"line":276,"column":49}},"128":{"start":{"line":279,"column":16},"end":{"line":279,"column":33}},"129":{"start":{"line":280,"column":16},"end":{"line":280,"column":25}},"130":{"start":{"line":282,"column":12},"end":{"line":284,"column":13}},"131":{"start":{"line":283,"column":16},"end":{"line":283,"column":25}},"132":{"start":{"line":285,"column":38},"end":{"line":285,"column":94}},"133":{"start":{"line":285,"column":74},"end":{"line":285,"column":93}},"134":{"start":{"line":286,"column":12},"end":{"line":289,"column":13}},"135":{"start":{"line":287,"column":16},"end":{"line":287,"column":86}},"136":{"start":{"line":288,"column":16},"end":{"line":288,"column":25}},"137":{"start":{"line":290,"column":12},"end":{"line":295,"column":13}},"138":{"start":{"line":291,"column":16},"end":{"line":291,"column":60}},"139":{"start":{"line":294,"column":16},"end":{"line":294,"column":33}},"140":{"start":{"line":299,"column":27},"end":{"line":299,"column":36}},"141":{"start":{"line":300,"column":27},"end":{"line":300,"column":42}},"142":{"start":{"line":301,"column":25},"end":{"line":301,"column":43}},"143":{"start":{"line":302,"column":8},"end":{"line":304,"column":9}},"144":{"start":{"line":303,"column":12},"end":{"line":303,"column":38}},"145":{"start":{"line":305,"column":8},"end":{"line":321,"column":9}},"146":{"start":{"line":306,"column":29},"end":{"line":306,"column":78}},"147":{"start":{"line":307,"column":12},"end":{"line":320,"column":13}},"148":{"start":{"line":308,"column":16},"end":{"line":310,"column":17}},"149":{"start":{"line":309,"column":20},"end":{"line":309,"column":29}},"150":{"start":{"line":311,"column":32},"end":{"line":311,"column":81}},"151":{"start":{"line":312,"column":16},"end":{"line":316,"column":17}},"152":{"start":{"line":313,"column":20},"end":{"line":314,"column":33}},"153":{"start":{"line":314,"column":24},"end":{"line":314,"column":33}},"154":{"start":{"line":315,"column":20},"end":{"line":315,"column":68}},"155":{"start":{"line":322,"column":8},"end":{"line":322,"column":38}},"156":{"start":{"line":325,"column":22},"end":{"line":325,"column":31}},"157":{"start":{"line":326,"column":21},"end":{"line":326,"column":47}},"158":{"start":{"line":327,"column":8},"end":{"line":335,"column":9}},"159":{"start":{"line":328,"column":12},"end":{"line":330,"column":13}},"160":{"start":{"line":329,"column":16},"end":{"line":329,"column":31}},"161":{"start":{"line":331,"column":27},"end":{"line":331,"column":48}},"162":{"start":{"line":332,"column":12},"end":{"line":333,"column":22}},"163":{"start":{"line":333,"column":16},"end":{"line":333,"column":22}},"164":{"start":{"line":334,"column":12},"end":{"line":334,"column":29}},"165":{"start":{"line":336,"column":8},"end":{"line":338,"column":9}},"166":{"start":{"line":337,"column":12},"end":{"line":337,"column":24}},"167":{"start":{"line":339,"column":8},"end":{"line":339,"column":25}},"168":{"start":{"line":342,"column":32},"end":{"line":342,"column":76}},"169":{"start":{"line":343,"column":8},"end":{"line":345,"column":9}},"170":{"start":{"line":344,"column":12},"end":{"line":344,"column":22}},"171":{"start":{"line":346,"column":29},"end":{"line":346,"column":38}},"172":{"start":{"line":347,"column":8},"end":{"line":383,"column":9}},"173":{"start":{"line":348,"column":28},"end":{"line":350,"column":14}},"174":{"start":{"line":351,"column":12},"end":{"line":379,"column":13}},"175":{"start":{"line":352,"column":16},"end":{"line":354,"column":17}},"176":{"start":{"line":353,"column":20},"end":{"line":353,"column":29}},"177":{"start":{"line":355,"column":34},"end":{"line":355,"column":72}},"178":{"start":{"line":356,"column":16},"end":{"line":374,"column":17}},"179":{"start":{"line":357,"column":20},"end":{"line":372,"column":21}},"180":{"start":{"line":358,"column":46},"end":{"line":360,"column":26}},"181":{"start":{"line":361,"column":24},"end":{"line":368,"column":25}},"182":{"start":{"line":362,"column":28},"end":{"line":363,"column":41}},"183":{"start":{"line":363,"column":32},"end":{"line":363,"column":41}},"184":{"start":{"line":364,"column":47},"end":{"line":364,"column":85}},"185":{"start":{"line":365,"column":28},"end":{"line":366,"column":41}},"186":{"start":{"line":366,"column":32},"end":{"line":366,"column":41}},"187":{"start":{"line":367,"column":28},"end":{"line":367,"column":57}},"188":{"start":{"line":371,"column":24},"end":{"line":371,"column":33}},"189":{"start":{"line":373,"column":20},"end":{"line":373,"column":29}},"190":{"start":{"line":375,"column":16},"end":{"line":377,"column":17}},"191":{"start":{"line":376,"column":20},"end":{"line":376,"column":29}},"192":{"start":{"line":378,"column":16},"end":{"line":378,"column":44}},"193":{"start":{"line":384,"column":8},"end":{"line":384,"column":40}},"194":{"start":{"line":387,"column":8},"end":{"line":387,"column":58}},"195":{"start":{"line":390,"column":8},"end":{"line":400,"column":9}},"196":{"start":{"line":391,"column":28},"end":{"line":391,"column":59}},"197":{"start":{"line":392,"column":12},"end":{"line":394,"column":13}},"198":{"start":{"line":393,"column":16},"end":{"line":393,"column":33}},"199":{"start":{"line":395,"column":24},"end":{"line":395,"column":68}},"200":{"start":{"line":396,"column":12},"end":{"line":396,"column":71}},"201":{"start":{"line":399,"column":12},"end":{"line":399,"column":29}},"202":{"start":{"line":403,"column":8},"end":{"line":405,"column":9}},"203":{"start":{"line":404,"column":12},"end":{"line":404,"column":19}},"204":{"start":{"line":406,"column":8},"end":{"line":406,"column":43}},"205":{"start":{"line":407,"column":34},"end":{"line":407,"column":96}},"206":{"start":{"line":407,"column":67},"end":{"line":407,"column":95}},"207":{"start":{"line":408,"column":8},"end":{"line":410,"column":9}},"208":{"start":{"line":409,"column":12},"end":{"line":409,"column":148}},"209":{"start":{"line":411,"column":8},"end":{"line":414,"column":11}},"210":{"start":{"line":412,"column":25},"end":{"line":412,"column":45}},"211":{"start":{"line":413,"column":12},"end":{"line":413,"column":47}},"212":{"start":{"line":415,"column":8},"end":{"line":417,"column":9}},"213":{"start":{"line":416,"column":12},"end":{"line":416,"column":51}},"214":{"start":{"line":420,"column":30},"end":{"line":420,"column":57}},"215":{"start":{"line":421,"column":8},"end":{"line":421,"column":42}},"216":{"start":{"line":424,"column":8},"end":{"line":425,"column":37}},"217":{"start":{"line":425,"column":12},"end":{"line":425,"column":37}},"218":{"start":{"line":426,"column":27},"end":{"line":426,"column":46}},"219":{"start":{"line":427,"column":24},"end":{"line":427,"column":47}},"220":{"start":{"line":428,"column":8},"end":{"line":430,"column":9}},"221":{"start":{"line":429,"column":12},"end":{"line":429,"column":30}},"222":{"start":{"line":431,"column":8},"end":{"line":431,"column":100}},"223":{"start":{"line":432,"column":8},"end":{"line":432,"column":33}},"224":{"start":{"line":445,"column":8},"end":{"line":446,"column":22}},"225":{"start":{"line":446,"column":12},"end":{"line":446,"column":22}},"226":{"start":{"line":447,"column":8},"end":{"line":458,"column":15}},"227":{"start":{"line":448,"column":12},"end":{"line":448,"column":45}},"228":{"start":{"line":449,"column":12},"end":{"line":456,"column":13}},"229":{"start":{"line":450,"column":16},"end":{"line":452,"column":17}},"230":{"start":{"line":451,"column":20},"end":{"line":451,"column":64}},"231":{"start":{"line":454,"column":17},"end":{"line":456,"column":13}},"232":{"start":{"line":455,"column":16},"end":{"line":455,"column":33}},"233":{"start":{"line":457,"column":12},"end":{"line":457,"column":25}},"234":{"start":{"line":461,"column":22},"end":{"line":461,"column":32}},"235":{"start":{"line":462,"column":21},"end":{"line":462,"column":48}},"236":{"start":{"line":463,"column":8},"end":{"line":473,"column":9}},"237":{"start":{"line":464,"column":12},"end":{"line":466,"column":13}},"238":{"start":{"line":465,"column":16},"end":{"line":465,"column":31}},"239":{"start":{"line":467,"column":12},"end":{"line":468,"column":22}},"240":{"start":{"line":468,"column":16},"end":{"line":468,"column":22}},"241":{"start":{"line":469,"column":27},"end":{"line":469,"column":48}},"242":{"start":{"line":470,"column":12},"end":{"line":471,"column":22}},"243":{"start":{"line":471,"column":16},"end":{"line":471,"column":22}},"244":{"start":{"line":472,"column":12},"end":{"line":472,"column":29}},"245":{"start":{"line":474,"column":8},"end":{"line":474,"column":26}},"246":{"start":{"line":477,"column":8},"end":{"line":477,"column":35}},"247":{"start":{"line":478,"column":25},"end":{"line":480,"column":16}},"248":{"start":{"line":481,"column":23},"end":{"line":481,"column":56}},"249":{"start":{"line":482,"column":8},"end":{"line":484,"column":9}},"250":{"start":{"line":483,"column":12},"end":{"line":483,"column":56}},"251":{"start":{"line":485,"column":8},"end":{"line":487,"column":9}},"252":{"start":{"line":486,"column":12},"end":{"line":486,"column":69}},"253":{"start":{"line":488,"column":8},"end":{"line":490,"column":9}},"254":{"start":{"line":489,"column":12},"end":{"line":489,"column":73}},"255":{"start":{"line":491,"column":21},"end":{"line":491,"column":67}},"256":{"start":{"line":492,"column":8},"end":{"line":492,"column":61}},"257":{"start":{"line":495,"column":24},"end":{"line":497,"column":46}},"258":{"start":{"line":496,"column":32},"end":{"line":496,"column":55}},"259":{"start":{"line":497,"column":38},"end":{"line":497,"column":45}},"260":{"start":{"line":498,"column":8},"end":{"line":500,"column":9}},"261":{"start":{"line":499,"column":12},"end":{"line":499,"column":22}},"262":{"start":{"line":501,"column":8},"end":{"line":501,"column":51}},"263":{"start":{"line":504,"column":29},"end":{"line":504,"column":71}},"264":{"start":{"line":505,"column":30},"end":{"line":505,"column":72}},"265":{"start":{"line":506,"column":32},"end":{"line":506,"column":76}},"266":{"start":{"line":507,"column":23},"end":{"line":507,"column":25}},"267":{"start":{"line":508,"column":8},"end":{"line":511,"column":9}},"268":{"start":{"line":508,"column":21},"end":{"line":508,"column":22}},"269":{"start":{"line":509,"column":12},"end":{"line":509,"column":42}},"270":{"start":{"line":510,"column":12},"end":{"line":510,"column":44}},"271":{"start":{"line":512,"column":8},"end":{"line":512,"column":22}},"272":{"start":{"line":515,"column":8},"end":{"line":516,"column":22}},"273":{"start":{"line":516,"column":12},"end":{"line":516,"column":22}},"274":{"start":{"line":517,"column":8},"end":{"line":519,"column":11}},"275":{"start":{"line":518,"column":12},"end":{"line":518,"column":49}},"276":{"start":{"line":522,"column":8},"end":{"line":523,"column":19}},"277":{"start":{"line":523,"column":12},"end":{"line":523,"column":19}},"278":{"start":{"line":524,"column":20},"end":{"line":524,"column":58}},"279":{"start":{"line":525,"column":25},"end":{"line":525,"column":27}},"280":{"start":{"line":526,"column":26},"end":{"line":526,"column":41}},"281":{"start":{"line":527,"column":25},"end":{"line":527,"column":67}},"282":{"start":{"line":528,"column":8},"end":{"line":530,"column":9}},"283":{"start":{"line":529,"column":12},"end":{"line":529,"column":37}},"284":{"start":{"line":531,"column":8},"end":{"line":534,"column":9}},"285":{"start":{"line":532,"column":12},"end":{"line":532,"column":66}},"286":{"start":{"line":533,"column":12},"end":{"line":533,"column":67}},"287":{"start":{"line":535,"column":8},"end":{"line":535,"column":62}},"288":{"start":{"line":536,"column":8},"end":{"line":536,"column":38}},"289":{"start":{"line":539,"column":8},"end":{"line":551,"column":9}},"290":{"start":{"line":540,"column":28},"end":{"line":540,"column":54}},"291":{"start":{"line":541,"column":12},"end":{"line":542,"column":23}},"292":{"start":{"line":542,"column":16},"end":{"line":542,"column":23}},"293":{"start":{"line":543,"column":12},"end":{"line":547,"column":13}},"294":{"start":{"line":544,"column":16},"end":{"line":546,"column":17}},"295":{"start":{"line":545,"column":20},"end":{"line":545,"column":58}},"296":{"start":{"line":554,"column":25},"end":{"line":554,"column":73}},"297":{"start":{"line":555,"column":8},"end":{"line":576,"column":9}},"298":{"start":{"line":556,"column":12},"end":{"line":558,"column":13}},"299":{"start":{"line":557,"column":16},"end":{"line":557,"column":23}},"300":{"start":{"line":559,"column":25},"end":{"line":559,"column":49}},"301":{"start":{"line":560,"column":12},"end":{"line":572,"column":13}},"302":{"start":{"line":561,"column":34},"end":{"line":561,"column":58}},"303":{"start":{"line":562,"column":16},"end":{"line":571,"column":17}},"304":{"start":{"line":563,"column":20},"end":{"line":566,"column":21}},"305":{"start":{"line":565,"column":24},"end":{"line":565,"column":33}},"306":{"start":{"line":567,"column":20},"end":{"line":567,"column":77}},"307":{"start":{"line":579,"column":25},"end":{"line":579,"column":54}},"308":{"start":{"line":580,"column":8},"end":{"line":582,"column":9}},"309":{"start":{"line":581,"column":12},"end":{"line":581,"column":67}},"310":{"start":{"line":585,"column":8},"end":{"line":586,"column":22}},"311":{"start":{"line":586,"column":12},"end":{"line":586,"column":22}},"312":{"start":{"line":587,"column":8},"end":{"line":589,"column":49}},"313":{"start":{"line":588,"column":29},"end":{"line":588,"column":77}},"314":{"start":{"line":589,"column":31},"end":{"line":589,"column":47}},"315":{"start":{"line":592,"column":8},"end":{"line":593,"column":24}},"316":{"start":{"line":593,"column":12},"end":{"line":593,"column":24}},"317":{"start":{"line":594,"column":8},"end":{"line":595,"column":25}},"318":{"start":{"line":595,"column":12},"end":{"line":595,"column":25}},"319":{"start":{"line":596,"column":26},"end":{"line":596,"column":31}},"320":{"start":{"line":597,"column":8},"end":{"line":599,"column":50}},"321":{"start":{"line":602,"column":8},"end":{"line":604,"column":9}},"322":{"start":{"line":603,"column":12},"end":{"line":603,"column":19}},"323":{"start":{"line":605,"column":8},"end":{"line":605,"column":34}},"324":{"start":{"line":607,"column":8},"end":{"line":613,"column":9}},"325":{"start":{"line":608,"column":35},"end":{"line":608,"column":63}},"326":{"start":{"line":609,"column":12},"end":{"line":609,"column":53}},"327":{"start":{"line":612,"column":12},"end":{"line":612,"column":59}},"328":{"start":{"line":614,"column":8},"end":{"line":614,"column":61}},"329":{"start":{"line":617,"column":28},"end":{"line":617,"column":54}},"330":{"start":{"line":618,"column":24},"end":{"line":618,"column":98}},"331":{"start":{"line":619,"column":29},"end":{"line":619,"column":56}},"332":{"start":{"line":620,"column":33},"end":{"line":622,"column":33}},"333":{"start":{"line":623,"column":29},"end":{"line":623,"column":57}},"334":{"start":{"line":624,"column":29},"end":{"line":626,"column":79}},"335":{"start":{"line":627,"column":23},"end":{"line":630,"column":10}},"336":{"start":{"line":628,"column":48},"end":{"line":628,"column":72}},"337":{"start":{"line":631,"column":22},"end":{"line":631,"column":31}},"338":{"start":{"line":632,"column":30},"end":{"line":632,"column":57}},"339":{"start":{"line":633,"column":8},"end":{"line":636,"column":9}},"340":{"start":{"line":633,"column":25},"end":{"line":633,"column":26}},"341":{"start":{"line":634,"column":26},"end":{"line":634,"column":62}},"342":{"start":{"line":635,"column":12},"end":{"line":635,"column":71}},"343":{"start":{"line":639,"column":31},"end":{"line":639,"column":81}},"344":{"start":{"line":640,"column":31},"end":{"line":640,"column":96}},"345":{"start":{"line":640,"column":65},"end":{"line":640,"column":95}},"346":{"start":{"line":641,"column":33},"end":{"line":645,"column":80}},"347":{"start":{"line":642,"column":48},"end":{"line":643,"column":79}},"348":{"start":{"line":643,"column":62},"end":{"line":643,"column":77}},"349":{"start":{"line":644,"column":48},"end":{"line":645,"column":79}},"350":{"start":{"line":645,"column":62},"end":{"line":645,"column":77}},"351":{"start":{"line":646,"column":8},"end":{"line":646,"column":85}},"352":{"start":{"line":649,"column":8},"end":{"line":650,"column":29}},"353":{"start":{"line":650,"column":12},"end":{"line":650,"column":29}},"354":{"start":{"line":651,"column":27},"end":{"line":651,"column":40}},"355":{"start":{"line":652,"column":8},"end":{"line":662,"column":9}},"356":{"start":{"line":653,"column":12},"end":{"line":654,"column":25}},"357":{"start":{"line":654,"column":16},"end":{"line":654,"column":25}},"358":{"start":{"line":655,"column":28},"end":{"line":655,"column":39}},"359":{"start":{"line":656,"column":12},"end":{"line":657,"column":25}},"360":{"start":{"line":657,"column":16},"end":{"line":657,"column":25}},"361":{"start":{"line":658,"column":12},"end":{"line":660,"column":13}},"362":{"start":{"line":659,"column":16},"end":{"line":659,"column":31}},"363":{"start":{"line":661,"column":12},"end":{"line":661,"column":27}},"364":{"start":{"line":663,"column":8},"end":{"line":663,"column":25}},"365":{"start":{"line":686,"column":8},"end":{"line":686,"column":26}},"366":{"start":{"line":687,"column":8},"end":{"line":690,"column":9}},"367":{"start":{"line":688,"column":12},"end":{"line":688,"column":39}},"368":{"start":{"line":689,"column":12},"end":{"line":689,"column":35}},"369":{"start":{"line":691,"column":8},"end":{"line":691,"column":51}},"370":{"start":{"line":694,"column":8},"end":{"line":694,"column":44}},"371":{"start":{"line":697,"column":8},"end":{"line":697,"column":24}},"372":{"start":{"line":89,"column":0},"end":{"line":89,"column":13}}},"fnMap":{"0":{"name":"(anonymous_1)","decl":{"start":{"line":25,"column":27},"end":{"line":25,"column":28}},"loc":{"start":{"line":25,"column":37},"end":{"line":31,"column":1}}},"1":{"name":"(anonymous_2)","decl":{"start":{"line":38,"column":28},"end":{"line":38,"column":29}},"loc":{"start":{"line":38,"column":38},"end":{"line":38,"column":63}}},"2":{"name":"(anonymous_3)","decl":{"start":{"line":39,"column":29},"end":{"line":39,"column":30}},"loc":{"start":{"line":39,"column":39},"end":{"line":39,"column":76}}},"3":{"name":"(anonymous_4)","decl":{"start":{"line":40,"column":24},"end":{"line":40,"column":25}},"loc":{"start":{"line":40,"column":35},"end":{"line":52,"column":1}}},"4":{"name":"(anonymous_5)","decl":{"start":{"line":44,"column":16},"end":{"line":44,"column":17}},"loc":{"start":{"line":44,"column":26},"end":{"line":44,"column":48}}},"5":{"name":"(anonymous_6)","decl":{"start":{"line":45,"column":31},"end":{"line":45,"column":32}},"loc":{"start":{"line":45,"column":46},"end":{"line":45,"column":72}}},"6":{"name":"(anonymous_7)","decl":{"start":{"line":46,"column":32},"end":{"line":46,"column":33}},"loc":{"start":{"line":46,"column":47},"end":{"line":46,"column":88}}},"7":{"name":"(anonymous_8)","decl":{"start":{"line":56,"column":4},"end":{"line":56,"column":10}},"loc":{"start":{"line":56,"column":18},"end":{"line":60,"column":5}}},"8":{"name":"(anonymous_9)","decl":{"start":{"line":61,"column":4},"end":{"line":61,"column":9}},"loc":{"start":{"line":61,"column":27},"end":{"line":63,"column":5}}},"9":{"name":"(anonymous_10)","decl":{"start":{"line":91,"column":4},"end":{"line":91,"column":16}},"loc":{"start":{"line":91,"column":78},"end":{"line":102,"column":5}}},"10":{"name":"(anonymous_11)","decl":{"start":{"line":109,"column":4},"end":{"line":109,"column":8}},"loc":{"start":{"line":109,"column":15},"end":{"line":115,"column":5}}},"11":{"name":"(anonymous_12)","decl":{"start":{"line":143,"column":4},"end":{"line":143,"column":9}},"loc":{"start":{"line":143,"column":23},"end":{"line":168,"column":5}}},"12":{"name":"(anonymous_13)","decl":{"start":{"line":169,"column":4},"end":{"line":169,"column":18}},"loc":{"start":{"line":169,"column":48},"end":{"line":181,"column":5}}},"13":{"name":"(anonymous_14)","decl":{"start":{"line":211,"column":4},"end":{"line":211,"column":9}},"loc":{"start":{"line":211,"column":14},"end":{"line":230,"column":5}}},"14":{"name":"(anonymous_15)","decl":{"start":{"line":228,"column":17},"end":{"line":228,"column":18}},"loc":{"start":{"line":228,"column":24},"end":{"line":228,"column":32}}},"15":{"name":"(anonymous_16)","decl":{"start":{"line":231,"column":4},"end":{"line":231,"column":23}},"loc":{"start":{"line":231,"column":23},"end":{"line":254,"column":5}}},"16":{"name":"(anonymous_17)","decl":{"start":{"line":246,"column":48},"end":{"line":246,"column":49}},"loc":{"start":{"line":246,"column":57},"end":{"line":246,"column":82}}},"17":{"name":"(anonymous_18)","decl":{"start":{"line":255,"column":4},"end":{"line":255,"column":9}},"loc":{"start":{"line":255,"column":49},"end":{"line":297,"column":5}}},"18":{"name":"(anonymous_19)","decl":{"start":{"line":285,"column":65},"end":{"line":285,"column":66}},"loc":{"start":{"line":285,"column":74},"end":{"line":285,"column":93}}},"19":{"name":"(anonymous_20)","decl":{"start":{"line":298,"column":4},"end":{"line":298,"column":24}},"loc":{"start":{"line":298,"column":24},"end":{"line":323,"column":5}}},"20":{"name":"(anonymous_21)","decl":{"start":{"line":324,"column":4},"end":{"line":324,"column":28}},"loc":{"start":{"line":324,"column":38},"end":{"line":340,"column":5}}},"21":{"name":"(anonymous_22)","decl":{"start":{"line":341,"column":4},"end":{"line":341,"column":26}},"loc":{"start":{"line":341,"column":26},"end":{"line":385,"column":5}}},"22":{"name":"(anonymous_23)","decl":{"start":{"line":386,"column":4},"end":{"line":386,"column":15}},"loc":{"start":{"line":386,"column":15},"end":{"line":388,"column":5}}},"23":{"name":"(anonymous_24)","decl":{"start":{"line":389,"column":4},"end":{"line":389,"column":26}},"loc":{"start":{"line":389,"column":31},"end":{"line":401,"column":5}}},"24":{"name":"(anonymous_25)","decl":{"start":{"line":402,"column":4},"end":{"line":402,"column":25}},"loc":{"start":{"line":402,"column":33},"end":{"line":418,"column":5}}},"25":{"name":"(anonymous_26)","decl":{"start":{"line":407,"column":55},"end":{"line":407,"column":56}},"loc":{"start":{"line":407,"column":67},"end":{"line":407,"column":95}}},"26":{"name":"(anonymous_27)","decl":{"start":{"line":411,"column":34},"end":{"line":411,"column":35}},"loc":{"start":{"line":411,"column":55},"end":{"line":414,"column":9}}},"27":{"name":"(anonymous_28)","decl":{"start":{"line":419,"column":4},"end":{"line":419,"column":18}},"loc":{"start":{"line":419,"column":24},"end":{"line":422,"column":5}}},"28":{"name":"(anonymous_29)","decl":{"start":{"line":423,"column":4},"end":{"line":423,"column":19}},"loc":{"start":{"line":423,"column":25},"end":{"line":433,"column":5}}},"29":{"name":"(anonymous_30)","decl":{"start":{"line":444,"column":4},"end":{"line":444,"column":9}},"loc":{"start":{"line":444,"column":30},"end":{"line":459,"column":5}}},"30":{"name":"(anonymous_31)","decl":{"start":{"line":447,"column":47},"end":{"line":447,"column":48}},"loc":{"start":{"line":447,"column":63},"end":{"line":458,"column":9}}},"31":{"name":"(anonymous_32)","decl":{"start":{"line":460,"column":4},"end":{"line":460,"column":18}},"loc":{"start":{"line":460,"column":29},"end":{"line":475,"column":5}}},"32":{"name":"(anonymous_33)","decl":{"start":{"line":476,"column":4},"end":{"line":476,"column":13}},"loc":{"start":{"line":476,"column":28},"end":{"line":493,"column":5}}},"33":{"name":"(anonymous_34)","decl":{"start":{"line":494,"column":4},"end":{"line":494,"column":16}},"loc":{"start":{"line":494,"column":31},"end":{"line":502,"column":5}}},"34":{"name":"(anonymous_35)","decl":{"start":{"line":496,"column":20},"end":{"line":496,"column":21}},"loc":{"start":{"line":496,"column":32},"end":{"line":496,"column":55}}},"35":{"name":"(anonymous_36)","decl":{"start":{"line":497,"column":21},"end":{"line":497,"column":22}},"loc":{"start":{"line":497,"column":38},"end":{"line":497,"column":45}}},"36":{"name":"(anonymous_37)","decl":{"start":{"line":503,"column":4},"end":{"line":503,"column":27}},"loc":{"start":{"line":503,"column":46},"end":{"line":513,"column":5}}},"37":{"name":"(anonymous_38)","decl":{"start":{"line":514,"column":4},"end":{"line":514,"column":18}},"loc":{"start":{"line":514,"column":39},"end":{"line":520,"column":5}}},"38":{"name":"(anonymous_39)","decl":{"start":{"line":517,"column":52},"end":{"line":517,"column":53}},"loc":{"start":{"line":517,"column":65},"end":{"line":519,"column":9}}},"39":{"name":"(anonymous_40)","decl":{"start":{"line":521,"column":4},"end":{"line":521,"column":23}},"loc":{"start":{"line":521,"column":23},"end":{"line":537,"column":5}}},"40":{"name":"(anonymous_41)","decl":{"start":{"line":538,"column":4},"end":{"line":538,"column":26}},"loc":{"start":{"line":538,"column":53},"end":{"line":552,"column":5}}},"41":{"name":"(anonymous_42)","decl":{"start":{"line":553,"column":4},"end":{"line":553,"column":27}},"loc":{"start":{"line":553,"column":54},"end":{"line":577,"column":5}}},"42":{"name":"(anonymous_43)","decl":{"start":{"line":578,"column":4},"end":{"line":578,"column":37}},"loc":{"start":{"line":578,"column":54},"end":{"line":583,"column":5}}},"43":{"name":"(anonymous_44)","decl":{"start":{"line":584,"column":4},"end":{"line":584,"column":24}},"loc":{"start":{"line":584,"column":32},"end":{"line":590,"column":5}}},"44":{"name":"(anonymous_45)","decl":{"start":{"line":588,"column":17},"end":{"line":588,"column":18}},"loc":{"start":{"line":588,"column":29},"end":{"line":588,"column":77}}},"45":{"name":"(anonymous_46)","decl":{"start":{"line":589,"column":20},"end":{"line":589,"column":21}},"loc":{"start":{"line":589,"column":31},"end":{"line":589,"column":47}}},"46":{"name":"(anonymous_47)","decl":{"start":{"line":591,"column":4},"end":{"line":591,"column":21}},"loc":{"start":{"line":591,"column":27},"end":{"line":600,"column":5}}},"47":{"name":"(anonymous_48)","decl":{"start":{"line":601,"column":4},"end":{"line":601,"column":15}},"loc":{"start":{"line":601,"column":20},"end":{"line":615,"column":5}}},"48":{"name":"(anonymous_49)","decl":{"start":{"line":616,"column":4},"end":{"line":616,"column":15}},"loc":{"start":{"line":616,"column":37},"end":{"line":637,"column":5}}},"49":{"name":"(anonymous_50)","decl":{"start":{"line":628,"column":38},"end":{"line":628,"column":39}},"loc":{"start":{"line":628,"column":48},"end":{"line":628,"column":72}}},"50":{"name":"(anonymous_51)","decl":{"start":{"line":638,"column":4},"end":{"line":638,"column":22}},"loc":{"start":{"line":638,"column":22},"end":{"line":647,"column":5}}},"51":{"name":"(anonymous_52)","decl":{"start":{"line":640,"column":53},"end":{"line":640,"column":54}},"loc":{"start":{"line":640,"column":65},"end":{"line":640,"column":95}}},"52":{"name":"(anonymous_53)","decl":{"start":{"line":642,"column":36},"end":{"line":642,"column":37}},"loc":{"start":{"line":642,"column":48},"end":{"line":643,"column":79}}},"53":{"name":"(anonymous_54)","decl":{"start":{"line":643,"column":47},"end":{"line":643,"column":48}},"loc":{"start":{"line":643,"column":62},"end":{"line":643,"column":77}}},"54":{"name":"(anonymous_55)","decl":{"start":{"line":644,"column":36},"end":{"line":644,"column":37}},"loc":{"start":{"line":644,"column":48},"end":{"line":645,"column":79}}},"55":{"name":"(anonymous_56)","decl":{"start":{"line":645,"column":47},"end":{"line":645,"column":48}},"loc":{"start":{"line":645,"column":62},"end":{"line":645,"column":77}}},"56":{"name":"(anonymous_57)","decl":{"start":{"line":648,"column":4},"end":{"line":648,"column":21}},"loc":{"start":{"line":648,"column":26},"end":{"line":664,"column":5}}},"57":{"name":"(anonymous_58)","decl":{"start":{"line":685,"column":4},"end":{"line":685,"column":9}},"loc":{"start":{"line":685,"column":33},"end":{"line":692,"column":5}}},"58":{"name":"(anonymous_59)","decl":{"start":{"line":693,"column":4},"end":{"line":693,"column":10}},"loc":{"start":{"line":693,"column":36},"end":{"line":695,"column":5}}},"59":{"name":"(anonymous_60)","decl":{"start":{"line":696,"column":4},"end":{"line":696,"column":10}},"loc":{"start":{"line":696,"column":17},"end":{"line":698,"column":5}}}},"branchMap":{"0":{"loc":{"start":{"line":15,"column":25},"end":{"line":17,"column":32}},"type":"cond-expr","locations":[{"start":{"line":16,"column":6},"end":{"line":16,"column":33}},{"start":{"line":17,"column":6},"end":{"line":17,"column":32}}]},"1":{"loc":{"start":{"line":18,"column":29},"end":{"line":21,"column":54}},"type":"cond-expr","locations":[{"start":{"line":20,"column":6},"end":{"line":20,"column":34}},{"start":{"line":21,"column":7},"end":{"line":21,"column":53}}]},"2":{"loc":{"start":{"line":18,"column":29},"end":{"line":19,"column":46}},"type":"binary-expr","locations":[{"start":{"line":18,"column":29},"end":{"line":18,"column":77}},{"start":{"line":19,"column":4},"end":{"line":19,"column":46}}]},"3":{"loc":{"start":{"line":21,"column":7},"end":{"line":21,"column":53}},"type":"binary-expr","locations":[{"start":{"line":21,"column":7},"end":{"line":21,"column":34}},{"start":{"line":21,"column":38},"end":{"line":21,"column":53}}]},"4":{"loc":{"start":{"line":22,"column":25},"end":{"line":24,"column":36}},"type":"cond-expr","locations":[{"start":{"line":23,"column":6},"end":{"line":23,"column":26}},{"start":{"line":24,"column":6},"end":{"line":24,"column":36}}]},"5":{"loc":{"start":{"line":50,"column":16},"end":{"line":50,"column":52}},"type":"cond-expr","locations":[{"start":{"line":50,"column":42},"end":{"line":50,"column":48}},{"start":{"line":50,"column":51},"end":{"line":50,"column":52}}]},"6":{"loc":{"start":{"line":57,"column":8},"end":{"line":58,"column":29}},"type":"if","locations":[{"start":{"line":57,"column":8},"end":{"line":58,"column":29}},{"start":{},"end":{}}]},"7":{"loc":{"start":{"line":91,"column":16},"end":{"line":91,"column":61}},"type":"default-arg","locations":[{"start":{"line":91,"column":27},"end":{"line":91,"column":61}}]},"8":{"loc":{"start":{"line":91,"column":63},"end":{"line":91,"column":78}},"type":"default-arg","locations":[{"start":{"line":91,"column":77},"end":{"line":91,"column":78}}]},"9":{"loc":{"start":{"line":110,"column":8},"end":{"line":113,"column":9}},"type":"if","locations":[{"start":{"line":110,"column":8},"end":{"line":113,"column":9}},{"start":{},"end":{}}]},"10":{"loc":{"start":{"line":149,"column":12},"end":{"line":150,"column":34}},"type":"if","locations":[{"start":{"line":149,"column":12},"end":{"line":150,"column":34}},{"start":{},"end":{}}]},"11":{"loc":{"start":{"line":151,"column":12},"end":{"line":152,"column":38}},"type":"if","locations":[{"start":{"line":151,"column":12},"end":{"line":152,"column":38}},{"start":{},"end":{}}]},"12":{"loc":{"start":{"line":153,"column":12},"end":{"line":154,"column":97}},"type":"if","locations":[{"start":{"line":153,"column":12},"end":{"line":154,"column":97}},{"start":{},"end":{}}]},"13":{"loc":{"start":{"line":158,"column":12},"end":{"line":161,"column":13}},"type":"if","locations":[{"start":{"line":158,"column":12},"end":{"line":161,"column":13}},{"start":{},"end":{}}]},"14":{"loc":{"start":{"line":158,"column":16},"end":{"line":159,"column":50}},"type":"binary-expr","locations":[{"start":{"line":158,"column":16},"end":{"line":158,"column":48}},{"start":{"line":159,"column":16},"end":{"line":159,"column":50}}]},"15":{"loc":{"start":{"line":165,"column":72},"end":{"line":165,"column":106}},"type":"cond-expr","locations":[{"start":{"line":165,"column":93},"end":{"line":165,"column":102}},{"start":{"line":165,"column":105},"end":{"line":165,"column":106}}]},"16":{"loc":{"start":{"line":174,"column":12},"end":{"line":176,"column":13}},"type":"if","locations":[{"start":{"line":174,"column":12},"end":{"line":176,"column":13}},{"start":{},"end":{}}]},"17":{"loc":{"start":{"line":236,"column":16},"end":{"line":238,"column":17}},"type":"if","locations":[{"start":{"line":236,"column":16},"end":{"line":238,"column":17}},{"start":{},"end":{}}]},"18":{"loc":{"start":{"line":236,"column":20},"end":{"line":236,"column":75}},"type":"binary-expr","locations":[{"start":{"line":236,"column":20},"end":{"line":236,"column":31}},{"start":{"line":236,"column":35},"end":{"line":236,"column":75}}]},"19":{"loc":{"start":{"line":240,"column":16},"end":{"line":242,"column":17}},"type":"if","locations":[{"start":{"line":240,"column":16},"end":{"line":242,"column":17}},{"start":{},"end":{}}]},"20":{"loc":{"start":{"line":246,"column":16},"end":{"line":248,"column":17}},"type":"if","locations":[{"start":{"line":246,"column":16},"end":{"line":248,"column":17}},{"start":{},"end":{}}]},"21":{"loc":{"start":{"line":251,"column":81},"end":{"line":251,"column":127}},"type":"cond-expr","locations":[{"start":{"line":251,"column":106},"end":{"line":251,"column":119}},{"start":{"line":251,"column":122},"end":{"line":251,"column":127}}]},"22":{"loc":{"start":{"line":256,"column":8},"end":{"line":258,"column":9}},"type":"if","locations":[{"start":{"line":256,"column":8},"end":{"line":258,"column":9}},{"start":{},"end":{}}]},"23":{"loc":{"start":{"line":260,"column":12},"end":{"line":262,"column":13}},"type":"if","locations":[{"start":{"line":260,"column":12},"end":{"line":262,"column":13}},{"start":{},"end":{}}]},"24":{"loc":{"start":{"line":270,"column":12},"end":{"line":272,"column":13}},"type":"if","locations":[{"start":{"line":270,"column":12},"end":{"line":272,"column":13}},{"start":{},"end":{}}]},"25":{"loc":{"start":{"line":282,"column":12},"end":{"line":284,"column":13}},"type":"if","locations":[{"start":{"line":282,"column":12},"end":{"line":284,"column":13}},{"start":{},"end":{}}]},"26":{"loc":{"start":{"line":286,"column":12},"end":{"line":289,"column":13}},"type":"if","locations":[{"start":{"line":286,"column":12},"end":{"line":289,"column":13}},{"start":{},"end":{}}]},"27":{"loc":{"start":{"line":302,"column":8},"end":{"line":304,"column":9}},"type":"if","locations":[{"start":{"line":302,"column":8},"end":{"line":304,"column":9}},{"start":{},"end":{}}]},"28":{"loc":{"start":{"line":308,"column":16},"end":{"line":310,"column":17}},"type":"if","locations":[{"start":{"line":308,"column":16},"end":{"line":310,"column":17}},{"start":{},"end":{}}]},"29":{"loc":{"start":{"line":308,"column":20},"end":{"line":308,"column":84}},"type":"binary-expr","locations":[{"start":{"line":308,"column":20},"end":{"line":308,"column":44}},{"start":{"line":308,"column":48},"end":{"line":308,"column":84}}]},"30":{"loc":{"start":{"line":313,"column":20},"end":{"line":314,"column":33}},"type":"if","locations":[{"start":{"line":313,"column":20},"end":{"line":314,"column":33}},{"start":{},"end":{}}]},"31":{"loc":{"start":{"line":327,"column":15},"end":{"line":327,"column":42}},"type":"binary-expr","locations":[{"start":{"line":327,"column":15},"end":{"line":327,"column":22}},{"start":{"line":327,"column":26},"end":{"line":327,"column":42}}]},"32":{"loc":{"start":{"line":328,"column":12},"end":{"line":330,"column":13}},"type":"if","locations":[{"start":{"line":328,"column":12},"end":{"line":330,"column":13}},{"start":{},"end":{}}]},"33":{"loc":{"start":{"line":332,"column":12},"end":{"line":333,"column":22}},"type":"if","locations":[{"start":{"line":332,"column":12},"end":{"line":333,"column":22}},{"start":{},"end":{}}]},"34":{"loc":{"start":{"line":336,"column":8},"end":{"line":338,"column":9}},"type":"if","locations":[{"start":{"line":336,"column":8},"end":{"line":338,"column":9}},{"start":{},"end":{}}]},"35":{"loc":{"start":{"line":343,"column":8},"end":{"line":345,"column":9}},"type":"if","locations":[{"start":{"line":343,"column":8},"end":{"line":345,"column":9}},{"start":{},"end":{}}]},"36":{"loc":{"start":{"line":352,"column":16},"end":{"line":354,"column":17}},"type":"if","locations":[{"start":{"line":352,"column":16},"end":{"line":354,"column":17}},{"start":{},"end":{}}]},"37":{"loc":{"start":{"line":352,"column":20},"end":{"line":352,"column":70}},"type":"binary-expr","locations":[{"start":{"line":352,"column":20},"end":{"line":352,"column":40}},{"start":{"line":352,"column":44},"end":{"line":352,"column":70}}]},"38":{"loc":{"start":{"line":356,"column":16},"end":{"line":374,"column":17}},"type":"if","locations":[{"start":{"line":356,"column":16},"end":{"line":374,"column":17}},{"start":{},"end":{}}]},"39":{"loc":{"start":{"line":362,"column":28},"end":{"line":363,"column":41}},"type":"if","locations":[{"start":{"line":362,"column":28},"end":{"line":363,"column":41}},{"start":{},"end":{}}]},"40":{"loc":{"start":{"line":365,"column":28},"end":{"line":366,"column":41}},"type":"if","locations":[{"start":{"line":365,"column":28},"end":{"line":366,"column":41}},{"start":{},"end":{}}]},"41":{"loc":{"start":{"line":375,"column":16},"end":{"line":377,"column":17}},"type":"if","locations":[{"start":{"line":375,"column":16},"end":{"line":377,"column":17}},{"start":{},"end":{}}]},"42":{"loc":{"start":{"line":392,"column":12},"end":{"line":394,"column":13}},"type":"if","locations":[{"start":{"line":392,"column":12},"end":{"line":394,"column":13}},{"start":{},"end":{}}]},"43":{"loc":{"start":{"line":396,"column":19},"end":{"line":396,"column":70}},"type":"cond-expr","locations":[{"start":{"line":396,"column":50},"end":{"line":396,"column":58}},{"start":{"line":396,"column":61},"end":{"line":396,"column":70}}]},"44":{"loc":{"start":{"line":403,"column":8},"end":{"line":405,"column":9}},"type":"if","locations":[{"start":{"line":403,"column":8},"end":{"line":405,"column":9}},{"start":{},"end":{}}]},"45":{"loc":{"start":{"line":408,"column":8},"end":{"line":410,"column":9}},"type":"if","locations":[{"start":{"line":408,"column":8},"end":{"line":410,"column":9}},{"start":{},"end":{}}]},"46":{"loc":{"start":{"line":424,"column":8},"end":{"line":425,"column":37}},"type":"if","locations":[{"start":{"line":424,"column":8},"end":{"line":425,"column":37}},{"start":{},"end":{}}]},"47":{"loc":{"start":{"line":428,"column":8},"end":{"line":430,"column":9}},"type":"if","locations":[{"start":{"line":428,"column":8},"end":{"line":430,"column":9}},{"start":{},"end":{}}]},"48":{"loc":{"start":{"line":444,"column":20},"end":{"line":444,"column":30}},"type":"default-arg","locations":[{"start":{"line":444,"column":29},"end":{"line":444,"column":30}}]},"49":{"loc":{"start":{"line":445,"column":8},"end":{"line":446,"column":22}},"type":"if","locations":[{"start":{"line":445,"column":8},"end":{"line":446,"column":22}},{"start":{},"end":{}}]},"50":{"loc":{"start":{"line":449,"column":12},"end":{"line":456,"column":13}},"type":"if","locations":[{"start":{"line":449,"column":12},"end":{"line":456,"column":13}},{"start":{"line":454,"column":17},"end":{"line":456,"column":13}}]},"51":{"loc":{"start":{"line":450,"column":16},"end":{"line":452,"column":17}},"type":"if","locations":[{"start":{"line":450,"column":16},"end":{"line":452,"column":17}},{"start":{},"end":{}}]},"52":{"loc":{"start":{"line":454,"column":17},"end":{"line":456,"column":13}},"type":"if","locations":[{"start":{"line":454,"column":17},"end":{"line":456,"column":13}},{"start":{},"end":{}}]},"53":{"loc":{"start":{"line":464,"column":12},"end":{"line":466,"column":13}},"type":"if","locations":[{"start":{"line":464,"column":12},"end":{"line":466,"column":13}},{"start":{},"end":{}}]},"54":{"loc":{"start":{"line":467,"column":12},"end":{"line":468,"column":22}},"type":"if","locations":[{"start":{"line":467,"column":12},"end":{"line":468,"column":22}},{"start":{},"end":{}}]},"55":{"loc":{"start":{"line":470,"column":12},"end":{"line":471,"column":22}},"type":"if","locations":[{"start":{"line":470,"column":12},"end":{"line":471,"column":22}},{"start":{},"end":{}}]},"56":{"loc":{"start":{"line":478,"column":25},"end":{"line":480,"column":16}},"type":"cond-expr","locations":[{"start":{"line":479,"column":14},"end":{"line":479,"column":54}},{"start":{"line":480,"column":14},"end":{"line":480,"column":16}}]},"57":{"loc":{"start":{"line":479,"column":14},"end":{"line":479,"column":54}},"type":"binary-expr","locations":[{"start":{"line":479,"column":14},"end":{"line":479,"column":48}},{"start":{"line":479,"column":52},"end":{"line":479,"column":54}}]},"58":{"loc":{"start":{"line":482,"column":8},"end":{"line":484,"column":9}},"type":"if","locations":[{"start":{"line":482,"column":8},"end":{"line":484,"column":9}},{"start":{},"end":{}}]},"59":{"loc":{"start":{"line":482,"column":12},"end":{"line":482,"column":46}},"type":"binary-expr","locations":[{"start":{"line":482,"column":12},"end":{"line":482,"column":28}},{"start":{"line":482,"column":32},"end":{"line":482,"column":46}}]},"60":{"loc":{"start":{"line":485,"column":8},"end":{"line":487,"column":9}},"type":"if","locations":[{"start":{"line":485,"column":8},"end":{"line":487,"column":9}},{"start":{},"end":{}}]},"61":{"loc":{"start":{"line":488,"column":8},"end":{"line":490,"column":9}},"type":"if","locations":[{"start":{"line":488,"column":8},"end":{"line":490,"column":9}},{"start":{},"end":{}}]},"62":{"loc":{"start":{"line":498,"column":8},"end":{"line":500,"column":9}},"type":"if","locations":[{"start":{"line":498,"column":8},"end":{"line":500,"column":9}},{"start":{},"end":{}}]},"63":{"loc":{"start":{"line":498,"column":12},"end":{"line":498,"column":67}},"type":"binary-expr","locations":[{"start":{"line":498,"column":12},"end":{"line":498,"column":43}},{"start":{"line":498,"column":47},"end":{"line":498,"column":67}}]},"64":{"loc":{"start":{"line":515,"column":8},"end":{"line":516,"column":22}},"type":"if","locations":[{"start":{"line":515,"column":8},"end":{"line":516,"column":22}},{"start":{},"end":{}}]},"65":{"loc":{"start":{"line":515,"column":12},"end":{"line":515,"column":47}},"type":"binary-expr","locations":[{"start":{"line":515,"column":12},"end":{"line":515,"column":26}},{"start":{"line":515,"column":30},"end":{"line":515,"column":47}}]},"66":{"loc":{"start":{"line":522,"column":8},"end":{"line":523,"column":19}},"type":"if","locations":[{"start":{"line":522,"column":8},"end":{"line":523,"column":19}},{"start":{},"end":{}}]},"67":{"loc":{"start":{"line":528,"column":8},"end":{"line":530,"column":9}},"type":"if","locations":[{"start":{"line":528,"column":8},"end":{"line":530,"column":9}},{"start":{},"end":{}}]},"68":{"loc":{"start":{"line":541,"column":12},"end":{"line":542,"column":23}},"type":"if","locations":[{"start":{"line":541,"column":12},"end":{"line":542,"column":23}},{"start":{},"end":{}}]},"69":{"loc":{"start":{"line":544,"column":16},"end":{"line":546,"column":17}},"type":"if","locations":[{"start":{"line":544,"column":16},"end":{"line":546,"column":17}},{"start":{},"end":{}}]},"70":{"loc":{"start":{"line":544,"column":20},"end":{"line":544,"column":84}},"type":"binary-expr","locations":[{"start":{"line":544,"column":20},"end":{"line":544,"column":25}},{"start":{"line":544,"column":29},"end":{"line":544,"column":61}},{"start":{"line":544,"column":65},"end":{"line":544,"column":84}}]},"71":{"loc":{"start":{"line":556,"column":12},"end":{"line":558,"column":13}},"type":"if","locations":[{"start":{"line":556,"column":12},"end":{"line":558,"column":13}},{"start":{},"end":{}}]},"72":{"loc":{"start":{"line":556,"column":16},"end":{"line":556,"column":80}},"type":"binary-expr","locations":[{"start":{"line":556,"column":16},"end":{"line":556,"column":40}},{"start":{"line":556,"column":44},"end":{"line":556,"column":80}}]},"73":{"loc":{"start":{"line":563,"column":20},"end":{"line":566,"column":21}},"type":"if","locations":[{"start":{"line":563,"column":20},"end":{"line":566,"column":21}},{"start":{},"end":{}}]},"74":{"loc":{"start":{"line":563,"column":24},"end":{"line":564,"column":61}},"type":"binary-expr","locations":[{"start":{"line":563,"column":24},"end":{"line":563,"column":49}},{"start":{"line":564,"column":24},"end":{"line":564,"column":61}}]},"75":{"loc":{"start":{"line":585,"column":8},"end":{"line":586,"column":22}},"type":"if","locations":[{"start":{"line":585,"column":8},"end":{"line":586,"column":22}},{"start":{},"end":{}}]},"76":{"loc":{"start":{"line":585,"column":12},"end":{"line":585,"column":39}},"type":"binary-expr","locations":[{"start":{"line":585,"column":12},"end":{"line":585,"column":20}},{"start":{"line":585,"column":24},"end":{"line":585,"column":39}}]},"77":{"loc":{"start":{"line":588,"column":29},"end":{"line":588,"column":77}},"type":"cond-expr","locations":[{"start":{"line":588,"column":53},"end":{"line":588,"column":72}},{"start":{"line":588,"column":75},"end":{"line":588,"column":77}}]},"78":{"loc":{"start":{"line":588,"column":29},"end":{"line":588,"column":50}},"type":"binary-expr","locations":[{"start":{"line":588,"column":29},"end":{"line":588,"column":34}},{"start":{"line":588,"column":38},"end":{"line":588,"column":50}}]},"79":{"loc":{"start":{"line":592,"column":8},"end":{"line":593,"column":24}},"type":"if","locations":[{"start":{"line":592,"column":8},"end":{"line":593,"column":24}},{"start":{},"end":{}}]},"80":{"loc":{"start":{"line":594,"column":8},"end":{"line":595,"column":25}},"type":"if","locations":[{"start":{"line":594,"column":8},"end":{"line":595,"column":25}},{"start":{},"end":{}}]},"81":{"loc":{"start":{"line":594,"column":12},"end":{"line":594,"column":47}},"type":"binary-expr","locations":[{"start":{"line":594,"column":12},"end":{"line":594,"column":18}},{"start":{"line":594,"column":22},"end":{"line":594,"column":47}}]},"82":{"loc":{"start":{"line":597,"column":16},"end":{"line":599,"column":48}},"type":"binary-expr","locations":[{"start":{"line":597,"column":16},"end":{"line":597,"column":58}},{"start":{"line":598,"column":12},"end":{"line":598,"column":54}},{"start":{"line":599,"column":12},"end":{"line":599,"column":48}}]},"83":{"loc":{"start":{"line":602,"column":8},"end":{"line":604,"column":9}},"type":"if","locations":[{"start":{"line":602,"column":8},"end":{"line":604,"column":9}},{"start":{},"end":{}}]},"84":{"loc":{"start":{"line":620,"column":33},"end":{"line":622,"column":33}},"type":"cond-expr","locations":[{"start":{"line":621,"column":14},"end":{"line":621,"column":65}},{"start":{"line":622,"column":14},"end":{"line":622,"column":33}}]},"85":{"loc":{"start":{"line":624,"column":29},"end":{"line":626,"column":79}},"type":"cond-expr","locations":[{"start":{"line":625,"column":14},"end":{"line":625,"column":16}},{"start":{"line":626,"column":14},"end":{"line":626,"column":79}}]},"86":{"loc":{"start":{"line":634,"column":26},"end":{"line":634,"column":62}},"type":"binary-expr","locations":[{"start":{"line":634,"column":26},"end":{"line":634,"column":56}},{"start":{"line":634,"column":60},"end":{"line":634,"column":62}}]},"87":{"loc":{"start":{"line":639,"column":31},"end":{"line":639,"column":81}},"type":"binary-expr","locations":[{"start":{"line":639,"column":31},"end":{"line":639,"column":53}},{"start":{"line":639,"column":57},"end":{"line":639,"column":81}}]},"88":{"loc":{"start":{"line":641,"column":33},"end":{"line":645,"column":80}},"type":"cond-expr","locations":[{"start":{"line":642,"column":14},"end":{"line":643,"column":80}},{"start":{"line":644,"column":14},"end":{"line":645,"column":80}}]},"89":{"loc":{"start":{"line":649,"column":8},"end":{"line":650,"column":29}},"type":"if","locations":[{"start":{"line":649,"column":8},"end":{"line":650,"column":29}},{"start":{},"end":{}}]},"90":{"loc":{"start":{"line":649,"column":12},"end":{"line":649,"column":37}},"type":"binary-expr","locations":[{"start":{"line":649,"column":12},"end":{"line":649,"column":17}},{"start":{"line":649,"column":21},"end":{"line":649,"column":37}}]},"91":{"loc":{"start":{"line":653,"column":12},"end":{"line":654,"column":25}},"type":"if","locations":[{"start":{"line":653,"column":12},"end":{"line":654,"column":25}},{"start":{},"end":{}}]},"92":{"loc":{"start":{"line":653,"column":16},"end":{"line":653,"column":45}},"type":"binary-expr","locations":[{"start":{"line":653,"column":16},"end":{"line":653,"column":21}},{"start":{"line":653,"column":25},"end":{"line":653,"column":45}}]},"93":{"loc":{"start":{"line":656,"column":12},"end":{"line":657,"column":25}},"type":"if","locations":[{"start":{"line":656,"column":12},"end":{"line":657,"column":25}},{"start":{},"end":{}}]},"94":{"loc":{"start":{"line":658,"column":12},"end":{"line":660,"column":13}},"type":"if","locations":[{"start":{"line":658,"column":12},"end":{"line":660,"column":13}},{"start":{},"end":{}}]},"95":{"loc":{"start":{"line":685,"column":14},"end":{"line":685,"column":33}},"type":"default-arg","locations":[{"start":{"line":685,"column":21},"end":{"line":685,"column":33}}]},"96":{"loc":{"start":{"line":687,"column":8},"end":{"line":690,"column":9}},"type":"if","locations":[{"start":{"line":687,"column":8},"end":{"line":690,"column":9}},{"start":{},"end":{}}]}},"s":{"0":2,"1":2,"2":2,"3":2,"4":2,"5":2,"6":2,"7":2,"8":2,"9":2,"10":2,"11":2,"12":2,"13":2,"14":2,"15":2,"16":2,"17":2,"18":2,"19":2,"20":2,"21":2,"22":832,"23":2,"24":692,"25":2,"26":94,"27":832,"28":94,"29":692,"30":94,"31":692,"32":94,"33":2,"34":2,"35":0,"36":0,"37":0,"38":0,"39":2,"40":2,"41":0,"42":2,"43":2,"44":0,"45":0,"46":0,"47":0,"48":0,"49":0,"50":0,"51":0,"52":0,"53":0,"54":0,"55":0,"56":0,"57":0,"58":0,"59":0,"60":0,"61":0,"62":0,"63":0,"64":0,"65":0,"66":0,"67":0,"68":0,"69":0,"70":0,"71":0,"72":0,"73":0,"74":0,"75":0,"76":0,"77":0,"78":0,"79":0,"80":0,"81":0,"82":0,"83":0,"84":0,"85":0,"86":0,"87":0,"88":0,"89":0,"90":0,"91":0,"92":0,"93":0,"94":0,"95":0,"96":0,"97":0,"98":0,"99":0,"100":0,"101":0,"102":0,"103":0,"104":0,"105":0,"106":0,"107":0,"108":0,"109":0,"110":0,"111":0,"112":0,"113":0,"114":0,"115":0,"116":0,"117":0,"118":0,"119":0,"120":0,"121":0,"122":0,"123":0,"124":0,"125":0,"126":0,"127":0,"128":0,"129":0,"130":0,"131":0,"132":0,"133":0,"134":0,"135":0,"136":0,"137":0,"138":0,"139":0,"140":0,"141":0,"142":0,"143":0,"144":0,"145":0,"146":0,"147":0,"148":0,"149":0,"150":0,"151":0,"152":0,"153":0,"154":0,"155":0,"156":0,"157":0,"158":0,"159":0,"160":0,"161":0,"162":0,"163":0,"164":0,"165":0,"166":0,"167":0,"168":0,"169":0,"170":0,"171":0,"172":0,"173":0,"174":0,"175":0,"176":0,"177":0,"178":0,"179":0,"180":0,"181":0,"182":0,"183":0,"184":0,"185":0,"186":0,"187":0,"188":0,"189":0,"190":0,"191":0,"192":0,"193":0,"194":0,"195":0,"196":0,"197":0,"198":0,"199":0,"200":0,"201":0,"202":0,"203":0,"204":0,"205":0,"206":0,"207":0,"208":0,"209":0,"210":0,"211":0,"212":0,"213":0,"214":0,"215":0,"216":0,"217":0,"218":0,"219":0,"220":0,"221":0,"222":0,"223":0,"224":0,"225":0,"226":0,"227":0,"228":0,"229":0,"230":0,"231":0,"232":0,"233":0,"234":0,"235":0,"236":0,"237":0,"238":0,"239":0,"240":0,"241":0,"242":0,"243":0,"244":0,"245":0,"246":0,"247":0,"248":0,"249":0,"250":0,"251":0,"252":0,"253":0,"254":0,"255":0,"256":0,"257":0,"258":0,"259":0,"260":0,"261":0,"262":0,"263":0,"264":0,"265":0,"266":0,"267":0,"268":0,"269":0,"270":0,"271":0,"272":0,"273":0,"274":0,"275":0,"276":0,"277":0,"278":0,"279":0,"280":0,"281":0,"282":0,"283":0,"284":0,"285":0,"286":0,"287":0,"288":0,"289":0,"290":0,"291":0,"292":0,"293":0,"294":0,"295":0,"296":0,"297":0,"298":0,"299":0,"300":0,"301":0,"302":0,"303":0,"304":0,"305":0,"306":0,"307":0,"308":0,"309":0,"310":0,"311":0,"312":0,"313":0,"314":0,"315":0,"316":0,"317":0,"318":0,"319":0,"320":0,"321":0,"322":0,"323":0,"324":0,"325":0,"326":0,"327":0,"328":0,"329":0,"330":0,"331":0,"332":0,"333":0,"334":0,"335":0,"336":0,"337":0,"338":0,"339":0,"340":0,"341":0,"342":0,"343":0,"344":0,"345":0,"346":0,"347":0,"348":0,"349":0,"350":0,"351":0,"352":0,"353":0,"354":0,"355":0,"356":0,"357":0,"358":0,"359":0,"360":0,"361":0,"362":0,"363":0,"364":0,"365":0,"366":0,"367":0,"368":0,"369":0,"370":0,"371":0,"372":2},"f":{"0":2,"1":832,"2":692,"3":94,"4":832,"5":692,"6":692,"7":0,"8":0,"9":0,"10":0,"11":0,"12":0,"13":0,"14":0,"15":0,"16":0,"17":0,"18":0,"19":0,"20":0,"21":0,"22":0,"23":0,"24":0,"25":0,"26":0,"27":0,"28":0,"29":0,"30":0,"31":0,"32":0,"33":0,"34":0,"35":0,"36":0,"37":0,"38":0,"39":0,"40":0,"41":0,"42":0,"43":0,"44":0,"45":0,"46":0,"47":0,"48":0,"49":0,"50":0,"51":0,"52":0,"53":0,"54":0,"55":0,"56":0,"57":0,"58":0,"59":0},"b":{"0":[2,0],"1":[2,0],"2":[2,2],"3":[0,0],"4":[2,0],"5":[94,0],"6":[0,0],"7":[0],"8":[0],"9":[0,0],"10":[0,0],"11":[0,0],"12":[0,0],"13":[0,0],"14":[0,0],"15":[0,0],"16":[0,0],"17":[0,0],"18":[0,0],"19":[0,0],"20":[0,0],"21":[0,0],"22":[0,0],"23":[0,0],"24":[0,0],"25":[0,0],"26":[0,0],"27":[0,0],"28":[0,0],"29":[0,0],"30":[0,0],"31":[0,0],"32":[0,0],"33":[0,0],"34":[0,0],"35":[0,0],"36":[0,0],"37":[0,0],"38":[0,0],"39":[0,0],"40":[0,0],"41":[0,0],"42":[0,0],"43":[0,0],"44":[0,0],"45":[0,0],"46":[0,0],"47":[0,0],"48":[0],"49":[0,0],"50":[0,0],"51":[0,0],"52":[0,0],"53":[0,0],"54":[0,0],"55":[0,0],"56":[0,0],"57":[0,0],"58":[0,0],"59":[0,0],"60":[0,0],"61":[0,0],"62":[0,0],"63":[0,0],"64":[0,0],"65":[0,0],"66":[0,0],"67":[0,0],"68":[0,0],"69":[0,0],"70":[0,0,0],"71":[0,0],"72":[0,0],"73":[0,0],"74":[0,0],"75":[0,0],"76":[0,0],"77":[0,0],"78":[0,0],"79":[0,0],"80":[0,0],"81":[0,0],"82":[0,0,0],"83":[0,0],"84":[0,0],"85":[0,0],"86":[0,0],"87":[0,0],"88":[0,0],"89":[0,0],"90":[0,0],"91":[0,0],"92":[0,0],"93":[0,0],"94":[0,0],"95":[0],"96":[0,0]}}
,"/home/tvenceslau/local-workspace/decaf-ts/cli/lib/cjs/banners.js": {"path":"/home/tvenceslau/local-workspace/decaf-ts/cli/lib/cjs/banners.js","statementMap":{"0":{"start":{"line":505,"column":0},"end":{"line":505,"column":16}},"1":{"start":{"line":2,"column":13},"end":{"line":2,"column":29}},"2":{"start":{"line":3,"column":13},"end":{"line":466,"column":2}},"3":{"start":{"line":467,"column":28},"end":{"line":467,"column":63}},"4":{"start":{"line":467,"column":38},"end":{"line":467,"column":63}},"5":{"start":{"line":468,"column":29},"end":{"line":468,"column":76}},"6":{"start":{"line":468,"column":39},"end":{"line":468,"column":76}},"7":{"start":{"line":469,"column":24},"end":{"line":481,"column":1}},"8":{"start":{"line":470,"column":18},"end":{"line":473,"column":49}},"9":{"start":{"line":473,"column":26},"end":{"line":473,"column":48}},"10":{"start":{"line":474,"column":18},"end":{"line":474,"column":76}},"11":{"start":{"line":474,"column":46},"end":{"line":474,"column":72}},"12":{"start":{"line":475,"column":19},"end":{"line":475,"column":115}},"13":{"start":{"line":475,"column":47},"end":{"line":475,"column":88}},"14":{"start":{"line":476,"column":4},"end":{"line":480,"column":6}},"15":{"start":{"line":482,"column":23},"end":{"line":482,"column":51}},"16":{"start":{"line":484,"column":24},"end":{"line":484,"column":50}},"17":{"start":{"line":485,"column":20},"end":{"line":485,"column":94}},"18":{"start":{"line":486,"column":25},"end":{"line":486,"column":52}},"19":{"start":{"line":487,"column":29},"end":{"line":489,"column":29}},"20":{"start":{"line":490,"column":25},"end":{"line":490,"column":53}},"21":{"start":{"line":491,"column":25},"end":{"line":493,"column":75}},"22":{"start":{"line":494,"column":19},"end":{"line":497,"column":6}},"23":{"start":{"line":495,"column":44},"end":{"line":495,"column":68}},"24":{"start":{"line":498,"column":18},"end":{"line":498,"column":27}},"25":{"start":{"line":499,"column":26},"end":{"line":499,"column":53}},"26":{"start":{"line":500,"column":4},"end":{"line":503,"column":5}},"27":{"start":{"line":500,"column":21},"end":{"line":500,"column":22}},"28":{"start":{"line":501,"column":22},"end":{"line":501,"column":58}},"29":{"start":{"line":502,"column":8},"end":{"line":502,"column":67}},"30":{"start":{"line":506,"column":21},"end":{"line":506,"column":65}},"31":{"start":{"line":507,"column":4},"end":{"line":510,"column":5}},"32":{"start":{"line":507,"column":21},"end":{"line":507,"column":22}},"33":{"start":{"line":508,"column":30},"end":{"line":508,"column":103}},"34":{"start":{"line":509,"column":8},"end":{"line":509,"column":59}},"35":{"start":{"line":512,"column":13},"end":{"line":713,"column":2}}},"fnMap":{"0":{"name":"(anonymous_0)","decl":{"start":{"line":467,"column":28},"end":{"line":467,"column":29}},"loc":{"start":{"line":467,"column":38},"end":{"line":467,"column":63}}},"1":{"name":"(anonymous_1)","decl":{"start":{"line":468,"column":29},"end":{"line":468,"column":30}},"loc":{"start":{"line":468,"column":39},"end":{"line":468,"column":76}}},"2":{"name":"(anonymous_2)","decl":{"start":{"line":469,"column":24},"end":{"line":469,"column":25}},"loc":{"start":{"line":469,"column":35},"end":{"line":481,"column":1}}},"3":{"name":"(anonymous_3)","decl":{"start":{"line":473,"column":16},"end":{"line":473,"column":17}},"loc":{"start":{"line":473,"column":26},"end":{"line":473,"column":48}}},"4":{"name":"(anonymous_4)","decl":{"start":{"line":474,"column":31},"end":{"line":474,"column":32}},"loc":{"start":{"line":474,"column":46},"end":{"line":474,"column":72}}},"5":{"name":"(anonymous_5)","decl":{"start":{"line":475,"column":32},"end":{"line":475,"column":33}},"loc":{"start":{"line":475,"column":47},"end":{"line":475,"column":88}}},"6":{"name":"renderBanner","decl":{"start":{"line":483,"column":9},"end":{"line":483,"column":21}},"loc":{"start":{"line":483,"column":43},"end":{"line":504,"column":1}}},"7":{"name":"(anonymous_7)","decl":{"start":{"line":495,"column":34},"end":{"line":495,"column":35}},"loc":{"start":{"line":495,"column":44},"end":{"line":495,"column":68}}},"8":{"name":"printAllBanners","decl":{"start":{"line":505,"column":16},"end":{"line":505,"column":31}},"loc":{"start":{"line":505,"column":78},"end":{"line":511,"column":1}}}},"branchMap":{"0":{"loc":{"start":{"line":479,"column":16},"end":{"line":479,"column":52}},"type":"cond-expr","locations":[{"start":{"line":479,"column":42},"end":{"line":479,"column":48}},{"start":{"line":479,"column":51},"end":{"line":479,"column":52}}]},"1":{"loc":{"start":{"line":487,"column":29},"end":{"line":489,"column":29}},"type":"cond-expr","locations":[{"start":{"line":488,"column":10},"end":{"line":488,"column":61}},{"start":{"line":489,"column":10},"end":{"line":489,"column":29}}]},"2":{"loc":{"start":{"line":491,"column":25},"end":{"line":493,"column":75}},"type":"cond-expr","locations":[{"start":{"line":492,"column":10},"end":{"line":492,"column":12}},{"start":{"line":493,"column":10},"end":{"line":493,"column":75}}]},"3":{"loc":{"start":{"line":501,"column":22},"end":{"line":501,"column":58}},"type":"binary-expr","locations":[{"start":{"line":501,"column":22},"end":{"line":501,"column":52}},{"start":{"line":501,"column":56},"end":{"line":501,"column":58}}]},"4":{"loc":{"start":{"line":505,"column":32},"end":{"line":505,"column":78}},"type":"default-arg","locations":[{"start":{"line":505,"column":42},"end":{"line":505,"column":78}}]},"5":{"loc":{"start":{"line":506,"column":21},"end":{"line":506,"column":65}},"type":"cond-expr","locations":[{"start":{"line":506,"column":46},"end":{"line":506,"column":53}},{"start":{"line":506,"column":56},"end":{"line":506,"column":65}}]},"6":{"loc":{"start":{"line":508,"column":30},"end":{"line":508,"column":103}},"type":"binary-expr","locations":[{"start":{"line":508,"column":30},"end":{"line":508,"column":63}},{"start":{"line":508,"column":67},"end":{"line":508,"column":103}}]}},"s":{"0":2,"1":2,"2":2,"3":2,"4":832,"5":2,"6":692,"7":2,"8":94,"9":832,"10":94,"11":692,"12":94,"13":692,"14":94,"15":2,"16":0,"17":0,"18":0,"19":0,"20":0,"21":0,"22":0,"23":0,"24":0,"25":0,"26":0,"27":0,"28":0,"29":0,"30":0,"31":0,"32":0,"33":0,"34":0,"35":2},"f":{"0":832,"1":692,"2":94,"3":832,"4":692,"5":692,"6":0,"7":0,"8":0},"b":{"0":[94,0],"1":[0,0],"2":[0,0],"3":[0,0],"4":[0],"5":[0,0],"6":[0,0]}}
,"/home/tvenceslau/local-workspace/decaf-ts/cli/lib/cjs/constants.js": {"path":"/home/tvenceslau/local-workspace/decaf-ts/cli/lib/cjs/constants.js","statementMap":{"0":{"start":{"line":8,"column":13},"end":{"line":8,"column":42}}},"fnMap":{},"branchMap":{},"s":{"0":2},"f":{},"b":{}}
,"/home/tvenceslau/local-workspace/decaf-ts/cli/lib/cjs/environment.js": {"path":"/home/tvenceslau/local-workspace/decaf-ts/cli/lib/cjs/environment.js","statementMap":{"0":{"start":{"line":1,"column":0},"end":{"line":1,"column":24}},"1":{"start":{"line":2,"column":0},"end":{"line":2,"column":54}},"2":{"start":{"line":3,"column":22},"end":{"line":5,"column":19}},"3":{"start":{"line":6,"column":13},"end":{"line":10,"column":2}},"4":{"start":{"line":11,"column":13},"end":{"line":11,"column":88}}},"fnMap":{},"branchMap":{"0":{"loc":{"start":{"line":3,"column":22},"end":{"line":5,"column":19}},"type":"cond-expr","locations":[{"start":{"line":4,"column":6},"end":{"line":4,"column":47}},{"start":{"line":5,"column":6},"end":{"line":5,"column":19}}]},"1":{"loc":{"start":{"line":3,"column":22},"end":{"line":3,"column":91}},"type":"binary-expr","locations":[{"start":{"line":3,"column":22},"end":{"line":3,"column":49}},{"start":{"line":3,"column":53},"end":{"line":3,"column":91}}]}},"s":{"0":2,"1":2,"2":2,"3":2,"4":2},"f":{},"b":{"0":[0,2],"1":[2,0]}}
,"/home/tvenceslau/local-workspace/decaf-ts/cli/lib/cjs/logging.js": {"path":"/home/tvenceslau/local-workspace/decaf-ts/cli/lib/cjs/logging.js","statementMap":{"0":{"start":{"line":2,"column":0},"end":{"line":2,"column":16}},"1":{"start":{"line":1,"column":0},"end":{"line":1,"column":44}},"2":{"start":{"line":3,"column":24},"end":{"line":3,"column":29}},"3":{"start":{"line":4,"column":17},"end":{"line":4,"column":27}},"4":{"start":{"line":5,"column":4},"end":{"line":8,"column":5}},"5":{"start":{"line":6,"column":8},"end":{"line":6,"column":33}},"6":{"start":{"line":7,"column":8},"end":{"line":7,"column":31}},"7":{"start":{"line":9,"column":16},"end":{"line":11,"column":21}},"8":{"start":{"line":10,"column":8},"end":{"line":10,"column":34}},"9":{"start":{"line":12,"column":4},"end":{"line":12,"column":15}}},"fnMap":{"0":{"name":"getCmdLogger","decl":{"start":{"line":2,"column":16},"end":{"line":2,"column":28}},"loc":{"start":{"line":2,"column":32},"end":{"line":13,"column":1}}},"1":{"name":"(anonymous_1)","decl":{"start":{"line":9,"column":45},"end":{"line":9,"column":46}},"loc":{"start":{"line":9,"column":59},"end":{"line":11,"column":5}}}},"branchMap":{},"s":{"0":2,"1":2,"2":0,"3":0,"4":0,"5":0,"6":0,"7":0,"8":0,"9":0},"f":{"0":0,"1":0},"b":{}}
,"/home/tvenceslau/local-workspace/decaf-ts/cli/lib/cjs/slogans.js": {"path":"/home/tvenceslau/local-workspace/decaf-ts/cli/lib/cjs/slogans.js","statementMap":{"0":{"start":{"line":15,"column":0},"end":{"line":15,"column":16}},"1":{"start":{"line":41,"column":0},"end":{"line":41,"column":16}},"2":{"start":{"line":98,"column":0},"end":{"line":98,"column":16}},"3":{"start":{"line":1,"column":0},"end":{"line":1,"column":24}},"4":{"start":{"line":2,"column":0},"end":{"line":2,"column":20}},"5":{"start":{"line":3,"column":0},"end":{"line":3,"column":45}},"6":{"start":{"line":16,"column":4},"end":{"line":16,"column":31}},"7":{"start":{"line":17,"column":24},"end":{"line":17,"column":81}},"8":{"start":{"line":18,"column":4},"end":{"line":28,"column":5}},"9":{"start":{"line":19,"column":8},"end":{"line":21,"column":9}},"10":{"start":{"line":20,"column":12},"end":{"line":20,"column":29}},"11":{"start":{"line":22,"column":24},"end":{"line":22,"column":52}},"12":{"start":{"line":23,"column":8},"end":{"line":23,"column":46}},"13":{"start":{"line":26,"column":8},"end":{"line":26,"column":71}},"14":{"start":{"line":27,"column":8},"end":{"line":27,"column":25}},"15":{"start":{"line":42,"column":4},"end":{"line":42,"column":34}},"16":{"start":{"line":43,"column":19},"end":{"line":43,"column":21}},"17":{"start":{"line":45,"column":24},"end":{"line":45,"column":50}},"18":{"start":{"line":46,"column":4},"end":{"line":55,"column":5}},"19":{"start":{"line":47,"column":8},"end":{"line":54,"column":9}},"20":{"start":{"line":48,"column":28},"end":{"line":48,"column":56}},"21":{"start":{"line":49,"column":12},"end":{"line":49,"column":42}},"22":{"start":{"line":50,"column":12},"end":{"line":50,"column":83}},"23":{"start":{"line":53,"column":12},"end":{"line":53,"column":78}},"24":{"start":{"line":57,"column":29},"end":{"line":57,"column":77}},"25":{"start":{"line":58,"column":4},"end":{"line":83,"column":5}},"26":{"start":{"line":59,"column":8},"end":{"line":82,"column":9}},"27":{"start":{"line":60,"column":34},"end":{"line":62,"column":14}},"28":{"start":{"line":63,"column":12},"end":{"line":78,"column":13}},"29":{"start":{"line":64,"column":16},"end":{"line":65,"column":29}},"30":{"start":{"line":65,"column":20},"end":{"line":65,"column":29}},"31":{"start":{"line":66,"column":32},"end":{"line":66,"column":69}},"32":{"start":{"line":67,"column":35},"end":{"line":67,"column":60}},"33":{"start":{"line":68,"column":16},"end":{"line":77,"column":17}},"34":{"start":{"line":69,"column":20},"end":{"line":76,"column":21}},"35":{"start":{"line":70,"column":40},"end":{"line":70,"column":67}},"36":{"start":{"line":71,"column":24},"end":{"line":71,"column":53}},"37":{"start":{"line":72,"column":24},"end":{"line":72,"column":94}},"38":{"start":{"line":75,"column":24},"end":{"line":75,"column":91}},"39":{"start":{"line":81,"column":12},"end":{"line":81,"column":69}},"40":{"start":{"line":84,"column":4},"end":{"line":84,"column":18}},"41":{"start":{"line":99,"column":4},"end":{"line":99,"column":46}},"42":{"start":{"line":100,"column":19},"end":{"line":100,"column":21}},"43":{"start":{"line":101,"column":28},"end":{"line":101,"column":61}},"44":{"start":{"line":102,"column":25},"end":{"line":102,"column":27}},"45":{"start":{"line":104,"column":4},"end":{"line":108,"column":5}},"46":{"start":{"line":105,"column":8},"end":{"line":106,"column":21}},"47":{"start":{"line":106,"column":12},"end":{"line":106,"column":21}},"48":{"start":{"line":107,"column":8},"end":{"line":107,"column":38}},"49":{"start":{"line":109,"column":4},"end":{"line":112,"column":5}},"50":{"start":{"line":110,"column":8},"end":{"line":110,"column":49}},"51":{"start":{"line":111,"column":8},"end":{"line":111,"column":22}},"52":{"start":{"line":113,"column":4},"end":{"line":116,"column":5}},"53":{"start":{"line":114,"column":8},"end":{"line":114,"column":96}},"54":{"start":{"line":115,"column":8},"end":{"line":115,"column":28}},"55":{"start":{"line":117,"column":4},"end":{"line":120,"column":5}},"56":{"start":{"line":118,"column":8},"end":{"line":118,"column":69}},"57":{"start":{"line":119,"column":8},"end":{"line":119,"column":31}},"58":{"start":{"line":122,"column":24},"end":{"line":122,"column":25}},"59":{"start":{"line":123,"column":21},"end":{"line":123,"column":22}},"60":{"start":{"line":124,"column":27},"end":{"line":124,"column":31}},"61":{"start":{"line":125,"column":4},"end":{"line":138,"column":5}},"62":{"start":{"line":127,"column":28},"end":{"line":127,"column":58}},"63":{"start":{"line":128,"column":8},"end":{"line":137,"column":9}},"64":{"start":{"line":129,"column":12},"end":{"line":129,"column":58}},"65":{"start":{"line":131,"column":13},"end":{"line":137,"column":9}},"66":{"start":{"line":132,"column":12},"end":{"line":132,"column":52}},"67":{"start":{"line":134,"column":13},"end":{"line":137,"column":9}},"68":{"start":{"line":136,"column":12},"end":{"line":136,"column":58}},"69":{"start":{"line":139,"column":4},"end":{"line":139,"column":91}},"70":{"start":{"line":140,"column":4},"end":{"line":140,"column":18}}},"fnMap":{"0":{"name":"readSlogans","decl":{"start":{"line":15,"column":16},"end":{"line":15,"column":27}},"loc":{"start":{"line":15,"column":41},"end":{"line":29,"column":1}}},"1":{"name":"collectSlogans","decl":{"start":{"line":41,"column":16},"end":{"line":41,"column":30}},"loc":{"start":{"line":41,"column":44},"end":{"line":85,"column":1}}},"2":{"name":"flattenSlogansWithPriority","decl":{"start":{"line":98,"column":16},"end":{"line":98,"column":42}},"loc":{"start":{"line":98,"column":75},"end":{"line":141,"column":1}}}},"branchMap":{"0":{"loc":{"start":{"line":19,"column":8},"end":{"line":21,"column":9}},"type":"if","locations":[{"start":{"line":19,"column":8},"end":{"line":21,"column":9}},{"start":{},"end":{}}]},"1":{"loc":{"start":{"line":46,"column":4},"end":{"line":55,"column":5}},"type":"if","locations":[{"start":{"line":46,"column":4},"end":{"line":55,"column":5}},{"start":{},"end":{}}]},"2":{"loc":{"start":{"line":58,"column":4},"end":{"line":83,"column":5}},"type":"if","locations":[{"start":{"line":58,"column":4},"end":{"line":83,"column":5}},{"start":{},"end":{}}]},"3":{"loc":{"start":{"line":64,"column":16},"end":{"line":65,"column":29}},"type":"if","locations":[{"start":{"line":64,"column":16},"end":{"line":65,"column":29}},{"start":{},"end":{}}]},"4":{"loc":{"start":{"line":68,"column":16},"end":{"line":77,"column":17}},"type":"if","locations":[{"start":{"line":68,"column":16},"end":{"line":77,"column":17}},{"start":{},"end":{}}]},"5":{"loc":{"start":{"line":101,"column":28},"end":{"line":101,"column":61}},"type":"binary-expr","locations":[{"start":{"line":101,"column":28},"end":{"line":101,"column":55}},{"start":{"line":101,"column":59},"end":{"line":101,"column":61}}]},"6":{"loc":{"start":{"line":105,"column":8},"end":{"line":106,"column":21}},"type":"if","locations":[{"start":{"line":105,"column":8},"end":{"line":106,"column":21}},{"start":{},"end":{}}]},"7":{"loc":{"start":{"line":109,"column":4},"end":{"line":112,"column":5}},"type":"if","locations":[{"start":{"line":109,"column":4},"end":{"line":112,"column":5}},{"start":{},"end":{}}]},"8":{"loc":{"start":{"line":109,"column":8},"end":{"line":109,"column":65}},"type":"binary-expr","locations":[{"start":{"line":109,"column":8},"end":{"line":109,"column":36}},{"start":{"line":109,"column":40},"end":{"line":109,"column":65}}]},"9":{"loc":{"start":{"line":113,"column":4},"end":{"line":116,"column":5}},"type":"if","locations":[{"start":{"line":113,"column":4},"end":{"line":116,"column":5}},{"start":{},"end":{}}]},"10":{"loc":{"start":{"line":117,"column":4},"end":{"line":120,"column":5}},"type":"if","locations":[{"start":{"line":117,"column":4},"end":{"line":120,"column":5}},{"start":{},"end":{}}]},"11":{"loc":{"start":{"line":125,"column":11},"end":{"line":126,"column":40}},"type":"binary-expr","locations":[{"start":{"line":125,"column":11},"end":{"line":125,"column":49}},{"start":{"line":126,"column":8},"end":{"line":126,"column":40}}]},"12":{"loc":{"start":{"line":128,"column":8},"end":{"line":137,"column":9}},"type":"if","locations":[{"start":{"line":128,"column":8},"end":{"line":137,"column":9}},{"start":{"line":131,"column":13},"end":{"line":137,"column":9}}]},"13":{"loc":{"start":{"line":128,"column":12},"end":{"line":128,"column":65}},"type":"binary-expr","locations":[{"start":{"line":128,"column":12},"end":{"line":128,"column":23}},{"start":{"line":128,"column":27},"end":{"line":128,"column":65}}]},"14":{"loc":{"start":{"line":131,"column":13},"end":{"line":137,"column":9}},"type":"if","locations":[{"start":{"line":131,"column":13},"end":{"line":137,"column":9}},{"start":{"line":134,"column":13},"end":{"line":137,"column":9}}]},"15":{"loc":{"start":{"line":134,"column":13},"end":{"line":137,"column":9}},"type":"if","locations":[{"start":{"line":134,"column":13},"end":{"line":137,"column":9}},{"start":{},"end":{}}]}},"s":{"0":2,"1":2,"2":2,"3":2,"4":2,"5":2,"6":0,"7":0,"8":0,"9":0,"10":0,"11":0,"12":0,"13":0,"14":0,"15":0,"16":0,"17":0,"18":0,"19":0,"20":0,"21":0,"22":0,"23":0,"24":0,"25":0,"26":0,"27":0,"28":0,"
[...]
,"/home/tvenceslau/local-workspace/decaf-ts/cli/src/utils/command-forwarder.ts": {"path":"/home/tvenceslau/local-workspace/decaf-ts/cli/src/utils/command-forwarder.ts","statementMap":{"0":{"start":{"line":12,"column":0},"end":{"line":12,"column":16}},"1":{"start":{"line":17,"column":0},"end":{"line":17,"column":16}},"2":{"start":{"line":44,"column":0},"end":{"line":44,"column":7}},"3":{"start":{"line":2,"column":0},"end":{"line":2,"column":80}},"4":{"start":{"line":3,"column":0},"end":{"line":3,"column":42}},"5":{"start":{"line":13,"column":2},"end":{"line":13,"column":39}},"6":{"start":{"line":13,"column":27},"end":{"line":13,"column":39}},"7":{"start":{"line":14,"column":2},"end":{"line":14,"column":51}},"8":{"start":{"line":21,"column":15},"end":{"line":21,"column":56}},"9":{"start":{"line":22,"column":2},"end":{"line":41,"column":36}},"10":{"start":{"line":23,"column":18},"end":{"line":23,"column":33}},"11":{"start":{"line":24,"column":4},"end":{"line":39,"column":5}},"12":{"start":{"line":25,"column":6},"end":{"line":27,"column":7}},"13":{"start":{"line":26,"column":8},"end":{"line":26,"column":31}},"14":{"start":{"line":28,"column":11},"end":{"line":39,"column":5}},"15":{"start":{"line":33,"column":6},"end":{"line":33,"column":29}},"16":{"start":{"line":34,"column":11},"end":{"line":39,"column":5}},"17":{"start":{"line":35,"column":25},"end":{"line":37,"column":24}},"18":{"start":{"line":36,"column":23},"end":{"line":36,"column":39}},"19":{"start":{"line":38,"column":6},"end":{"line":38,"column":61}},"20":{"start":{"line":38,"column":33},"end":{"line":38,"column":61}},"21":{"start":{"line":40,"column":4},"end":{"line":40,"column":15}},"22":{"start":{"line":49,"column":14},"end":{"line":49,"column":35}},"23":{"start":{"line":50,"column":18},"end":{"line":50,"column":65}},"24":{"start":{"line":51,"column":21},"end":{"line":51,"column":68}},"25":{"start":{"line":52,"column":2},"end":{"line":54,"column":3}},"26":{"start":{"line":53,"column":4},"end":{"line":53,"column":75}},"27":{"start":{"line":56,"column":2},"end":{"line":56,"column":87}},"28":{"start":{"line":57,"column":2},"end":{"line":60,"column":3}},"29":{"start":{"line":58,"column":4},"end":{"line":58,"column":43}},"30":{"start":{"line":59,"column":4},"end":{"line":59,"column":11}},"31":{"start":{"line":61,"column":2},"end":{"line":64,"column":3}},"32":{"start":{"line":62,"column":4},"end":{"line":62,"column":30}},"33":{"start":{"line":63,"column":4},"end":{"line":63,"column":11}},"34":{"start":{"line":65,"column":2},"end":{"line":65,"column":46}}},"fnMap":{"0":{"name":"parseOptionalBoolean","decl":{"start":{"line":12,"column":16},"end":{"line":12,"column":36}},"loc":{"start":{"line":12,"column":51},"end":{"line":15,"column":1}}},"1":{"name":"buildValueMap","decl":{"start":{"line":17,"column":16},"end":{"line":17,"column":29}},"loc":{"start":{"line":19,"column":21},"end":{"line":42,"column":1}}},"2":{"name":"(anonymous_2)","decl":{"start":{"line":22,"column":22},"end":{"line":22,"column":23}},"loc":{"start":{"line":22,"column":36},"end":{"line":41,"column":3}}},"3":{"name":"(anonymous_3)","decl":{"start":{"line":36,"column":13},"end":{"line":36,"column":14}},"loc":{"start":{"line":36,"column":23},"end":{"line":36,"column":39}}},"4":{"name":"runUtilsCommand","decl":{"start":{"line":44,"column":22},"end":{"line":44,"column":37}},"loc":{"start":{"line":47,"column":18},"end":{"line":66,"column":1}}}},"branchMap":{"0":{"loc":{"start":{"line":13,"column":2},"end":{"line":13,"column":39}},"type":"if","locations":[{"start":{"line":13,"column":2},"end":{"line":13,"column":39}},{"start":{},"end":{}}]},"1":{"loc":{"start":{"line":24,"column":4},"end":{"line":39,"column":5}},"type":"if","locations":[{"start":{"line":24,"column":4},"end":{"line":39,"column":5}},{"start":{"line":28,"column":11},"end":{"line":39,"column":5}}]},"2":{"loc":{"start":{"line":25,"column":6},"end":{"line":27,"column":7}},"type":"if","locations":[{"start":{"line":25,"column":6},"end":{"line":27,"column":7}},{"start":{},"end":{}}]},"3":{"loc":{"start":{"line":25,"column":10},"end":{"line":25,"column":64}},"type":"binary-expr","locations":[{"start":{"line":25,"column":10},"end":{"line":25,"column":24}},{"start":{"line":25,"column":29},"end":{"line":25,"column":44}},{"start":{"line":25,"column":48},"end":{"line":25,"column":63}}]},"4":{"loc":{"start":{"line":28,"column":11},"end":{"line":39,"column":5}},"type":"if","locations":[{"start":{"line":28,"column":11},"end":{"line":39,"column":5}},{"start":{"line":34,"column":11},"end":{"line":39,"column":5}}]},"5":{"loc":{"start":{"line":29,"column":6},"end":{"line":31,"column":22}},"type":"binary-expr","locations":[{"start":{"line":29,"column":6},"end":{"line":29,"column":28}},{"start":{"line":30,"column":6},"end":{"line":30,"column":31}},{"start":{"line":31,"column":6},"end":{"line":31,"column":22}}]},"6":{"loc":{"start":{"line":34,"column":11},"end":{"line":39,"column":5}},"type":"if","locations":[{"start":{"line":34,"column":11},"end":{"line":39,"column":5}},{"start":{},"end":{}}]},"7":{"loc":{"start":{"line":34,"column":15},"end":{"line":34,"column":63}},"type":"binary-expr","locations":[{"start":{"line":34,"column":15},"end":{"line":34,"column":39}},{"start":{"line":34,"column":43},"end":{"line":34,"column":63}}]},"8":{"loc":{"start":{"line":38,"column":6},"end":{"line":38,"column":61}},"type":"if","locations":[{"start":{"line":38,"column":6},"end":{"line":38,"column":61}},{"start":{},"end":{}}]},"9":{"loc":{"start":{"line":52,"column":2},"end":{"line":54,"column":3}},"type":"if","locations":[{"start":{"line":52,"column":2},"end":{"line":54,"column":3}},{"start":{},"end":{}}]},"10":{"loc":{"start":{"line":57,"column":2},"end":{"line":60,"column":3}},"type":"if","locations":[{"start":{"line":57,"column":2},"end":{"line":60,"column":3}},{"start":{},"end":{}}]},"11":{"loc":{"start":{"line":61,"column":2},"end":{"line":64,"column":3}},"type":"if","locations":[{"start":{"line":61,"column":2},"end":{"line":64,"column":3}},{"start":{},"end":{}}]}},"s":{"0":6,"1":6,"2":6,"3":6,"4":6,"5":0,"6":0,"7":0,"8":0,"9":0,"10":0,"11":0,"12":0,"13":0,"14":0,"15":0,"16":0,"17":0,"18":0,"19":0,"20":0,"21":0,"22":0,"23":0,"24":0,"25":0,"26":0,"27":0,"28":0,"29":0,"30":0,"31":0,"32":0,"33":0,"34":0},"f":{"0":0,"1":0,"2":0,"3":0,"4":0},"b":{"0":[0,0],"1":[0,0],"2":[0,0],"3":[0,0,0],"4":[0,0],"5":[0,0,0],"6":[0,0],"7":[0,0],"8":[0,0],"9":[0,0],"10":[0,0],"11":[0,0]}}
,"/home/tvenceslau/local-workspace/decaf-ts/cli/src/utils-module/cli-module.ts": {"path":"/home/tvenceslau/local-workspace/decaf-ts/cli/src/utils-module/cli-module.ts","statementMap":{"0":{"start":{"line":266,"column":0},"end":{"line":266,"column":24}},"1":{"start":{"line":1,"column":0},"end":{"line":1,"column":36}},"2":{"start":{"line":2,"column":0},"end":{"line":2,"column":20}},"3":{"start":{"line":3,"column":0},"end":{"line":3,"column":24}},"4":{"start":{"line":4,"column":0},"end":{"line":4,"column":42}},"5":{"start":{"line":5,"column":0},"end":{"line":5,"column":48}},"6":{"start":{"line":6,"column":0},"end":{"line":6,"column":43}},"7":{"start":{"line":7,"column":0},"end":{"line":7,"column":45}},"8":{"start":{"line":8,"column":0},"end":{"line":8,"column":41}},"9":{"start":{"line":9,"column":0},"end":{"line":9,"column":48}},"10":{"start":{"line":10,"column":0},"end":{"line":10,"column":null}},"11":{"start":{"line":17,"column":0},"end":{"line":17,"column":null}},"12":{"start":{"line":23,"column":18},"end":{"line":53,"column":4}},"13":{"start":{"line":28,"column":16},"end":{"line":29,"column":null}},"14":{"start":{"line":32,"column":20},"end":{"line":32,"column":31}},"15":{"start":{"line":33,"column":16},"end":{"line":33,"column":39}},"16":{"start":{"line":34,"column":4},"end":{"line":36,"column":6}},"17":{"start":{"line":37,"column":23},"end":{"line":37,"column":30}},"18":{"start":{"line":38,"column":17},"end":{"line":38,"column":37}},"19":{"start":{"line":39,"column":4},"end":{"line":52,"column":5}},"20":{"start":{"line":41,"column":8},"end":{"line":41,"column":51}},"21":{"start":{"line":42,"column":8},"end":{"line":42,"column":14}},"22":{"start":{"line":44,"column":8},"end":{"line":46,"column":10}},"23":{"start":{"line":45,"column":10},"end":{"line":45,"column":41}},"24":{"start":{"line":47,"column":8},"end":{"line":47,"column":14}},"25":{"start":{"line":49,"column":8},"end":{"line":51,"column":10}},"26":{"start":{"line":50,"column":10},"end":{"line":50,"column":38}},"27":{"start":{"line":55,"column":26},"end":{"line":100,"column":4}},"28":{"start":{"line":62,"column":16},"end":{"line":63,"column":null}},"29":{"start":{"line":66,"column":20},"end":{"line":66,"column":31}},"30":{"start":{"line":67,"column":16},"end":{"line":67,"column":47}},"31":{"start":{"line":68,"column":4},"end":{"line":70,"column":6}},"32":{"start":{"line":71,"column":23},"end":{"line":71,"column":30}},"33":{"start":{"line":72,"column":16},"end":{"line":72,"column":35}},"34":{"start":{"line":73,"column":20},"end":{"line":83,"column":5}},"35":{"start":{"line":74,"column":6},"end":{"line":82,"column":9}},"36":{"start":{"line":75,"column":23},"end":{"line":75,"column":39}},"37":{"start":{"line":76,"column":24},"end":{"line":76,"column":64}},"38":{"start":{"line":77,"column":8},"end":{"line":81,"column":9}},"39":{"start":{"line":78,"column":10},"end":{"line":78,"column":41}},"40":{"start":{"line":80,"column":10},"end":{"line":80,"column":44}},"41":{"start":{"line":84,"column":4},"end":{"line":99,"column":5}},"42":{"start":{"line":86,"column":8},"end":{"line":86,"column":50}},"43":{"start":{"line":87,"column":8},"end":{"line":87,"column":14}},"44":{"start":{"line":89,"column":30},"end":{"line":89,"column":32}},"45":{"start":{"line":90,"column":8},"end":{"line":90,"column":26}},"46":{"start":{"line":91,"column":8},"end":{"line":91,"column":36}},"47":{"start":{"line":92,"column":8},"end":{"line":92,"column":14}},"48":{"start":{"line":95,"column":30},"end":{"line":95,"column":32}},"49":{"start":{"line":96,"column":8},"end":{"line":96,"column":26}},"50":{"start":{"line":97,"column":8},"end":{"line":97,"column":40}},"51":{"start":{"line":97,"column":27},"end":{"line":97,"column":38}},"52":{"start":{"line":102,"column":31},"end":{"line":113,"column":4}},"53":{"start":{"line":106,"column":16},"end":{"line":106,"column":52}},"54":{"start":{"line":107,"column":20},"end":{"line":107,"column":57}},"55":{"start":{"line":108,"column":29},"end":{"line":110,"column":60}},"56":{"start":{"line":109,"column":22},"end":{"line":109,"column":43}},"57":{"start":{"line":110,"column":44},"end":{"line":110,"column":59}},"58":{"start":{"line":112,"column":4},"end":{"line":112,"column":38}},"59":{"start":{"line":115,"column":43},"end":{"line":118,"column":2}},"60":{"start":{"line":120,"column":23},"end":{"line":135,"column":4}},"61":{"start":{"line":133,"column":19},"end":{"line":133,"column":60}},"62":{"start":{"line":134,"column":4},"end":{"line":134,"column":62}},"63":{"start":{"line":137,"column":44},"end":{"line":143,"column":2}},"64":{"start":{"line":145,"column":23},"end":{"line":174,"column":4}},"65":{"start":{"line":172,"column":19},"end":{"line":172,"column":61}},"66":{"start":{"line":173,"column":4},"end":{"line":173,"column":62}},"67":{"start":{"line":176,"column":45},"end":{"line":180,"column":2}},"68":{"start":{"line":182,"column":24},"end":{"line":203,"column":4}},"69":{"start":{"line":201,"column":19},"end":{"line":201,"column":62}},"70":{"start":{"line":202,"column":4},"end":{"line":202,"column":63}},"71":{"start":{"line":205,"column":47},"end":{"line":219,"column":2}},"72":{"start":{"line":221,"column":43},"end":{"line":225,"column":2}},"73":{"start":{"line":227,"column":22},"end":{"line":243,"column":4}},"74":{"start":{"line":241,"column":19},"end":{"line":241,"column":60}},"75":{"start":{"line":242,"column":4},"end":{"line":242,"column":61}},"76":{"start":{"line":245,"column":26},"end":{"line":264,"column":4}},"77":{"start":{"line":262,"column":19},"end":{"line":262,"column":64}},"78":{"start":{"line":263,"column":4},"end":{"line":263,"column":65}},"79":{"start":{"line":267,"column":19},"end":{"line":269,"column":71}},"80":{"start":{"line":271,"column":2},"end":{"line":271,"column":33}},"81":{"start":{"line":272,"column":2},"end":{"line":272,"column":41}},"82":{"start":{"line":273,"column":2},"end":{"line":273,"column":46}},"83":{"start":{"line":274,"column":2},"end":{"line":274,"column":38}},"84":{"start":{"line":275,"column":2},"end":{"line":275,"column":37}},"85":{"start":{"line":276,"column":2},"end":{"line":276,"column":38}},"86":{"start":{"line":277,"column":2},"end":{"line":277,"column":39}},"87":{"start":{"line":278,"column":2},"end":{"line":278,"column":41}},"88":{"start":{"line":279,"column":2},"end":{"line":279,"column":18}}},"fnMap":{"0":{"name":"(anonymous_1)","decl":{"start":{"line":27,"column":10},"end":{"line":27,"column":15}},"loc":{"start":{"line":27,"column":33},"end":{"line":53,"column":3}}},"1":{"name":"(anonymous_2)","decl":{"start":{"line":44,"column":37},"end":{"line":44,"column":38}},"loc":{"start":{"line":45,"column":10},"end":{"line":45,"column":41}}},"2":{"name":"(anonymous_3)","decl":{"start":{"line":49,"column":37},"end":{"line":49,"column":38}},"loc":{"start":{"line":50,"column":10},"end":{"line":50,"column":38}}},"3":{"name":"(anonymous_4)","decl":{"start":{"line":61,"column":10},"end":{"line":61,"column":15}},"loc":{"start":{"line":61,"column":33},"end":{"line":100,"column":3}}},"4":{"name":"(anonymous_5)","decl":{"start":{"line":73,"column":20},"end":{"line":73,"column":21}},"loc":{"start":{"line":73,"column":63},"end":{"line":83,"column":5}}},"5":{"name":"(anonymous_6)","decl":{"start":{"line":74,"column":34},"end":{"line":74,"column":35}},"loc":{"start":{"line":74,"column":51},"end":{"line":82,"column":7}}},"6":{"name":"(anonymous_7)","decl":{"start":{"line":97,"column":20},"end":{"line":97,"column":21}},"loc":{"start":{"line":97,"column":27},"end":{"line":97,"column":38}}},"7":{"name":"(anonymous_8)","decl":{"start":{"line":105,"column":10},"end":{"line":105,"column":15}},"loc":{"start":{"line":105,"column":21},"end":{"line":113,"column":3}}},"8":{"name":"(anonymous_9)","decl":{"start":{"line":109,"column":11},"end":{"line":109,"column":12}},"loc":{"start":{"line":109,"column":22},"end":{"line":109,"column":43}}},"9":{"name":"(anonymous_10)","decl":{"start":{"line":110,"column":14},"end":{"line":110,"column":15}},"loc":{"start":{"line":110,"column":44},"end":{"line":110,"column":59}}},"10":{"name":"(anonymous_11)","decl":{"start":{"line":132,"column":10},"end":{"line":132,"column":15}},"loc":{"start":{"line":132,"column":15},"end":{"line":135,"column":3}}},"11":{"name":"(anonymous_12)","decl":{"start":{"line":171,"column":10},"end":{"line":171,"column":15}},"loc":{"start":{"line":171,"column":15},"end":{"line":174,"column":3}}},"12":{"name":"(anonymous_13)","decl":{"start":{"line":200,"column":10},"end":{"line":200,"column":15}},"loc":{"start":{"line":200,"column":15},"end":{"line":203,"column":3}}},"13":{"name":"(anonymous_14)","decl":{"start":{"line":240,"column":10},"end":{"line":240,"column":15}},"loc":{"start":{"line":240,"column":15},"end":{"line":243,"column":3}}},"14":{"name":"(anonymous_15)","decl":{"start":{"line":261,"column":10},"end":{"line":261,"column":15}},"loc":{"start":{"line":261,"column":15},"end":{"line":264,"column":3}}},"15":{"name":"utils","decl":{"start":{"line":266,"column":24},"end":{"line":266,"column":29}},"loc":{"start":{"line":266,"column":29},"end":{"line":280,"column":1}}}},"branchMap":{"0":{"loc":{"start":{"line":39,"column":4},"end":{"line":52,"column":5}},"type":"switch","locations":[{"start":{"line":40,"column":6},"end":{"line":42,"column":14}},{"start":{"line":43,"column":6},"end":{"line":47,"column":14}},{"start":{"line":48,"column":6},"end":{"line":51,"column":10}}]},"1":{"loc":{"start":{"line":73,"column":48},"end":{"line":73,"column":59}},"type":"default-arg","locations":[{"start":{"line":73,"column":57},"end":{"line":73,"column":59}}]},"2":{"loc":{"start":{"line":76,"column":24},"end":{"line":76,"column":64}},"type":"cond-expr","locations":[{"start":{"line":76,"column":33},"end":{"line":76,"column":55}},{"start":{"line":76,"column":58},"end":{"line":76,"column":64}}]},"3":{"loc":{"start":{"line":77,"column":8},"end":{"line":81,"column":9}},"type":"if","locations":[{"start":{"line":77,"column":8},"end":{"line":81,"column":9}},{"start":{"line":79,"column":15},"end":{"line":81,"column":9}}]},"4":{"loc":{"start":{"line":77,"column":12},"end":{"line":77,"column":71}},"type":"binary-expr","locations":[{"start":{"line":77,"column":12},"end":{"line":77,"column":17}},{"start":{"line":77,"column":21},"end":{"line":77,"column":46}},{"start":{"line":77,"column":50},"end":{"line":77,"column":71}}]},"5":{"loc":{"start":{"line":84,"column":4},"end":{"line":99,"column":5}},"type":"switch","locations":[{"start":{"line":85,"column":6},"end":{"line":87,"column":14}},{"start":{"line":88,"column":6},"end":{"line":93,"column":7}},{"start":{"line":94,"column":6},"end":{"line":98,"column":7}}]},"6":{"loc":{"start":{"line":107,"column":20},"end":{"line":107,"column":57}},"type":"binary-expr","locations":[{"start":{"line":107,"column":20},"end":{"line":107,"column":51}},{"start":{"line":107,"column":55},"end":{"line":107,"column":57}}]}},"s":{"0":5,"1":5,"2":5,"3":5,"4":5,"5":5,"6":5,"7":5,"8":5,"9":5,"10":5,"11":5,"12":5,"13":0,"14":0,"15":0,"16":0,"17":0,"18":0,"19":0,"20":0,"21":0,"22":0,"23":0,"24":0,"25":0,"26":0,"27":5,"28":0,"29":0,"30":0,"31":0,"32":0,"33":0,"34":0,"35":0,"36":0,"37":0,"38":0,"39":0,"40":0,"41":0,"42":0,"43":0,"44":0,"45":0,"46":0,"47":0,"48":0,"49":0,"50":0,"51":0,"52":5,"53":2,"54":2,"55":2,"56":49,"57":49,"58":2,"59":5,"60":5,"61":0,"62":0,"63":5,"64":5,"65":0,"66":0,"67":5,"68":5,"69":0,"70":0,"71":5,"72":5,"73":5,"74":0,"75":0,"76":5,"77":0,"78":0,"79":6,"80":6,"81":6,"82":6,"83":6,"84":6,"85":6,"86":6,"87":6,"88":6},"f":{"0":0,"1":0,"2":0,"3":0,"4":0,"5":0,"6":0,"7":2,"8":49,"9":49,"10":0,"11":0,"12":0,"13":0,"14":0,"15":6},"b":{"0":[0,0,0],"1":[0],"2":[0,0],"3":[0,0],"4":[0,0,0],"5":[0,0,0],"6":[2,0]}}
,"/home/tvenceslau/local-workspace/decaf-ts/cli/tests/unit/__fixtures__/build/cli-module.cjs": {"path":"/home/tvenceslau/local-workspace/decaf-ts/cli/tests/unit/__fixtures__/build/cli-module.cjs","statementMap":{"0":{"start":{"line":2,"column":20},"end":{"line":2,"column":40}},"1":{"start":{"line":5,"column":0},"end":{"line":13,"column":2}},"2":{"start":{"line":6,"column":2},"end":{"line":12,"column":7}}},"fnMap":{"0":{"name":"build","decl":{"start":{"line":5,"column":26},"end":{"line":5,"column":31}},"loc":{"start":{"line":5,"column":34},"end":{"line":13,"column":1}},"line":5},"1":{"name":"(anonymous_1)","decl":{"start":{"line":10,"column":12},"end":{"line":10,"column":13}},"loc":{"start":{"line":10,"column":24},"end":{"line":12,"column":5}},"line":10}},"branchMap":{},"s":{"0":4,"1":4,"2":5},"f":{"0":5,"1":0},"b":{},"inputSourceMap":null,"_coverageSchema":"1a1c01bbd47fc00a2c39e90264f33305004495a9","hash":"cd2d3a851dea8251e1b95c4f94cb4157d4df0984"}
}
