TN:
SF:lib/cjs/CliWrapper.js
FN:25,(anonymous_1)
FN:38,(anonymous_2)
FN:39,(anonymous_3)
FN:40,(anonymous_4)
FN:44,(anonymous_5)
FN:45,(anonymous_6)
FN:46,(anonymous_7)
FN:56,(anonymous_8)
FN:61,(anonymous_9)
FN:91,(anonymous_10)
FN:109,(anonymous_11)
FN:143,(anonymous_12)
FN:169,(anonymous_13)
FN:211,(anonymous_14)
FN:228,(anonymous_15)
FN:231,(anonymous_16)
FN:246,(anonymous_17)
FN:255,(anonymous_18)
FN:285,(anonymous_19)
FN:298,(anonymous_20)
FN:324,(anonymous_21)
FN:341,(anonymous_22)
FN:386,(anonymous_23)
FN:389,(anonymous_24)
FN:402,(anonymous_25)
FN:407,(anonymous_26)
FN:411,(anonymous_27)
FN:419,(anonymous_28)
FN:423,(anonymous_29)
FN:444,(anonymous_30)
FN:447,(anonymous_31)
FN:460,(anonymous_32)
FN:476,(anonymous_33)
FN:494,(anonymous_34)
FN:496,(anonymous_35)
FN:497,(anonymous_36)
FN:503,(anonymous_37)
FN:514,(anonymous_38)
FN:517,(anonymous_39)
FN:521,(anonymous_40)
FN:538,(anonymous_41)
FN:553,(anonymous_42)
FN:578,(anonymous_43)
FN:584,(anonymous_44)
FN:588,(anonymous_45)
FN:589,(anonymous_46)
FN:591,(anonymous_47)
FN:601,(anonymous_48)
FN:616,(anonymous_49)
FN:628,(anonymous_50)
FN:638,(anonymous_51)
FN:640,(anonymous_52)
FN:642,(anonymous_53)
FN:643,(anonymous_54)
FN:644,(anonymous_55)
FN:645,(anonymous_56)
FN:648,(anonymous_57)
FN:685,(anonymous_58)
FN:693,(anonymous_59)
FN:696,(anonymous_60)
FNF:60
FNH:7
FNDA:2,(anonymous_1)
FNDA:832,(anonymous_2)
FNDA:692,(anonymous_3)
FNDA:94,(anonymous_4)
FNDA:832,(anonymous_5)
FNDA:692,(anonymous_6)
FNDA:692,(anonymous_7)
FNDA:0,(anonymous_8)
FNDA:0,(anonymous_9)
FNDA:0,(anonymous_10)
FNDA:0,(anonymous_11)
FNDA:0,(anonymous_12)
FNDA:0,(anonymous_13)
FNDA:0,(anonymous_14)
FNDA:0,(anonymous_15)
FNDA:0,(anonymous_16)
FNDA:0,(anonymous_17)
FNDA:0,(anonymous_18)
FNDA:0,(anonymous_19)
FNDA:0,(anonymous_20)
FNDA:0,(anonymous_21)
FNDA:0,(anonymous_22)
FNDA:0,(anonymous_23)
FNDA:0,(anonymous_24)
FNDA:0,(anonymous_25)
FNDA:0,(anonymous_26)
FNDA:0,(anonymous_27)
FNDA:0,(anonymous_28)
FNDA:0,(anonymous_29)
FNDA:0,(anonymous_30)
FNDA:0,(anonymous_31)
FNDA:0,(anonymous_32)
FNDA:0,(anonymous_33)
FNDA:0,(anonymous_34)
FNDA:0,(anonymous_35)
FNDA:0,(anonymous_36)
FNDA:0,(anonymous_37)
FNDA:0,(anonymous_38)
FNDA:0,(anonymous_39)
FNDA:0,(anonymous_40)
FNDA:0,(anonymous_41)
FNDA:0,(anonymous_42)
FNDA:0,(anonymous_43)
FNDA:0,(anonymous_44)
FNDA:0,(anonymous_45)
FNDA:0,(anonymous_46)
FNDA:0,(anonymous_47)
FNDA:0,(anonymous_48)
FNDA:0,(anonymous_49)
FNDA:0,(anonymous_50)
FNDA:0,(anonymous_51)
FNDA:0,(anonymous_52)
FNDA:0,(anonymous_53)
FNDA:0,(anonymous_54)
FNDA:0,(anonymous_55)
FNDA:0,(anonymous_56)
FNDA:0,(anonymous_57)
FNDA:0,(anonymous_58)
FNDA:0,(anonymous_59)
FNDA:0,(anonymous_60)
DA:1,2
DA:2,2
DA:3,2
DA:4,2
DA:5,2
DA:6,2
DA:7,2
DA:8,2
DA:9,2
DA:10,2
DA:11,2
DA:12,2
DA:13,2
DA:14,2
DA:15,2
DA:18,2
DA:22,2
DA:25,2
DA:26,2
DA:32,2
DA:33,2
DA:38,832
DA:39,692
DA:40,2
DA:41,94
DA:44,832
DA:45,692
DA:46,692
DA:47,94
DA:53,2
DA:54,2
DA:57,0
DA:58,0
DA:59,0
DA:62,0
DA:65,2
DA:66,2
DA:69,0
DA:71,2
DA:89,2
DA:90,2
DA:92,0
DA:93,0
DA:94,0
DA:95,0
DA:96,0
DA:97,0
DA:98,0
DA:99,0
DA:100,0
DA:101,0
DA:110,0
DA:111,0
DA:112,0
DA:114,0
DA:144,0
DA:146,0
DA:147,0
DA:148,0
DA:149,0
DA:150,0
DA:151,0
DA:152,0
DA:153,0
DA:154,0
DA:155,0
DA:156,0
DA:157,0
DA:158,0
DA:160,0
DA:162,0
DA:165,0
DA:167,0
DA:170,0
DA:171,0
DA:172,0
DA:173,0
DA:174,0
DA:175,0
DA:179,0
DA:212,0
DA:213,0
DA:214,0
DA:215,0
DA:216,0
DA:217,0
DA:218,0
DA:219,0
DA:220,0
DA:221,0
DA:223,0
DA:224,0
DA:225,0
DA:227,0
DA:228,0
DA:232,0
DA:233,0
DA:234,0
DA:235,0
DA:236,0
DA:237,0
DA:239,0
DA:240,0
DA:241,0
DA:243,0
DA:244,0
DA:245,0
DA:246,0
DA:247,0
DA:251,0
DA:256,0
DA:257,0
DA:259,0
DA:260,0
DA:261,0
DA:265,0
DA:267,0
DA:268,0
DA:269,0
DA:270,0
DA:271,0
DA:273,0
DA:275,0
DA:276,0
DA:279,0
DA:280,0
DA:282,0
DA:283,0
DA:285,0
DA:286,0
DA:287,0
DA:288,0
DA:290,0
DA:291,0
DA:294,0
DA:299,0
DA:300,0
DA:301,0
DA:302,0
DA:303,0
DA:305,0
DA:306,0
DA:307,0
DA:308,0
DA:309,0
DA:311,0
DA:312,0
DA:313,0
DA:314,0
DA:315,0
DA:322,0
DA:325,0
DA:326,0
DA:327,0
DA:328,0
DA:329,0
DA:331,0
DA:332,0
DA:333,0
DA:334,0
DA:336,0
DA:337,0
DA:339,0
DA:342,0
DA:343,0
DA:344,0
DA:346,0
DA:347,0
DA:348,0
DA:351,0
DA:352,0
DA:353,0
DA:355,0
DA:356,0
DA:357,0
DA:358,0
DA:361,0
DA:362,0
DA:363,0
DA:364,0
DA:365,0
DA:366,0
DA:367,0
DA:371,0
DA:373,0
DA:375,0
DA:376,0
DA:378,0
DA:384,0
DA:387,0
DA:390,0
DA:391,0
DA:392,0
DA:393,0
DA:395,0
DA:396,0
DA:399,0
DA:403,0
DA:404,0
DA:406,0
DA:407,0
DA:408,0
DA:409,0
DA:411,0
DA:412,0
DA:413,0
DA:415,0
DA:416,0
DA:420,0
DA:421,0
DA:424,0
DA:425,0
DA:426,0
DA:427,0
DA:428,0
DA:429,0
DA:431,0
DA:432,0
DA:445,0
DA:446,0
DA:447,0
DA:448,0
DA:449,0
DA:450,0
DA:451,0
DA:454,0
DA:455,0
DA:457,0
DA:461,0
DA:462,0
DA:463,0
DA:464,0
DA:465,0
DA:467,0
DA:468,0
DA:469,0
DA:470,0
DA:471,0
DA:472,0
DA:474,0
DA:477,0
DA:478,0
DA:481,0
DA:482,0
DA:483,0
DA:485,0
DA:486,0
DA:488,0
DA:489,0
DA:491,0
DA:492,0
DA:495,0
DA:496,0
DA:497,0
DA:498,0
DA:499,0
DA:501,0
DA:504,0
DA:505,0
DA:506,0
DA:507,0
DA:508,0
DA:509,0
DA:510,0
DA:512,0
DA:515,0
DA:516,0
DA:517,0
DA:518,0
DA:522,0
DA:523,0
DA:524,0
DA:525,0
DA:526,0
DA:527,0
DA:528,0
DA:529,0
DA:531,0
DA:532,0
DA:533,0
DA:535,0
DA:536,0
DA:539,0
DA:540,0
DA:541,0
DA:542,0
DA:543,0
DA:544,0
DA:545,0
DA:554,0
DA:555,0
DA:556,0
DA:557,0
DA:559,0
DA:560,0
DA:561,0
DA:562,0
DA:563,0
DA:565,0
DA:567,0
DA:579,0
DA:580,0
DA:581,0
DA:585,0
DA:586,0
DA:587,0
DA:588,0
DA:589,0
DA:592,0
DA:593,0
DA:594,0
DA:595,0
DA:596,0
DA:597,0
DA:602,0
DA:603,0
DA:605,0
DA:607,0
DA:608,0
DA:609,0
DA:612,0
DA:614,0
DA:617,0
DA:618,0
DA:619,0
DA:620,0
DA:623,0
DA:624,0
DA:627,0
DA:628,0
DA:631,0
DA:632,0
DA:633,0
DA:634,0
DA:635,0
DA:639,0
DA:640,0
DA:641,0
DA:642,0
DA:643,0
DA:644,0
DA:645,0
DA:646,0
DA:649,0
DA:650,0
DA:651,0
DA:652,0
DA:653,0
DA:654,0
DA:655,0
DA:656,0
DA:657,0
DA:658,0
DA:659,0
DA:661,0
DA:663,0
DA:686,0
DA:687,0
DA:688,0
DA:689,0
DA:691,0
DA:694,0
DA:697,0
LF:363
LH:36
BRDA:15,0,0,2
BRDA:15,0,1,0
BRDA:18,1,0,2
BRDA:18,1,1,0
BRDA:18,2,0,2
BRDA:18,2,1,2
BRDA:21,3,0,0
BRDA:21,3,1,0
BRDA:22,4,0,2
BRDA:22,4,1,0
BRDA:50,5,0,94
BRDA:50,5,1,0
BRDA:57,6,0,0
BRDA:57,6,1,0
BRDA:91,7,0,0
BRDA:91,8,0,0
BRDA:110,9,0,0
BRDA:110,9,1,0
BRDA:149,10,0,0
BRDA:149,10,1,0
BRDA:151,11,0,0
BRDA:151,11,1,0
BRDA:153,12,0,0
BRDA:153,12,1,0
BRDA:158,13,0,0
BRDA:158,13,1,0
BRDA:158,14,0,0
BRDA:158,14,1,0
BRDA:165,15,0,0
BRDA:165,15,1,0
BRDA:174,16,0,0
BRDA:174,16,1,0
BRDA:236,17,0,0
BRDA:236,17,1,0
BRDA:236,18,0,0
BRDA:236,18,1,0
BRDA:240,19,0,0
BRDA:240,19,1,0
BRDA:246,20,0,0
BRDA:246,20,1,0
BRDA:251,21,0,0
BRDA:251,21,1,0
BRDA:256,22,0,0
BRDA:256,22,1,0
BRDA:260,23,0,0
BRDA:260,23,1,0
BRDA:270,24,0,0
BRDA:270,24,1,0
BRDA:282,25,0,0
BRDA:282,25,1,0
BRDA:286,26,0,0
BRDA:286,26,1,0
BRDA:302,27,0,0
BRDA:302,27,1,0
BRDA:308,28,0,0
BRDA:308,28,1,0
BRDA:308,29,0,0
BRDA:308,29,1,0
BRDA:313,30,0,0
BRDA:313,30,1,0
BRDA:327,31,0,0
BRDA:327,31,1,0
BRDA:328,32,0,0
BRDA:328,32,1,0
BRDA:332,33,0,0
BRDA:332,33,1,0
BRDA:336,34,0,0
BRDA:336,34,1,0
BRDA:343,35,0,0
BRDA:343,35,1,0
BRDA:352,36,0,0
BRDA:352,36,1,0
BRDA:352,37,0,0
BRDA:352,37,1,0
BRDA:356,38,0,0
BRDA:356,38,1,0
BRDA:362,39,0,0
BRDA:362,39,1,0
BRDA:365,40,0,0
BRDA:365,40,1,0
BRDA:375,41,0,0
BRDA:375,41,1,0
BRDA:392,42,0,0
BRDA:392,42,1,0
BRDA:396,43,0,0
BRDA:396,43,1,0
BRDA:403,44,0,0
BRDA:403,44,1,0
BRDA:408,45,0,0
BRDA:408,45,1,0
BRDA:424,46,0,0
BRDA:424,46,1,0
BRDA:428,47,0,0
BRDA:428,47,1,0
BRDA:444,48,0,0
BRDA:445,49,0,0
BRDA:445,49,1,0
BRDA:449,50,0,0
BRDA:449,50,1,0
BRDA:450,51,0,0
BRDA:450,51,1,0
BRDA:454,52,0,0
BRDA:454,52,1,0
BRDA:464,53,0,0
BRDA:464,53,1,0
BRDA:467,54,0,0
BRDA:467,54,1,0
BRDA:470,55,0,0
BRDA:470,55,1,0
BRDA:478,56,0,0
BRDA:478,56,1,0
BRDA:479,57,0,0
BRDA:479,57,1,0
BRDA:482,58,0,0
BRDA:482,58,1,0
BRDA:482,59,0,0
BRDA:482,59,1,0
BRDA:485,60,0,0
BRDA:485,60,1,0
BRDA:488,61,0,0
BRDA:488,61,1,0
BRDA:498,62,0,0
BRDA:498,62,1,0
BRDA:498,63,0,0
BRDA:498,63,1,0
BRDA:515,64,0,0
BRDA:515,64,1,0
BRDA:515,65,0,0
BRDA:515,65,1,0
BRDA:522,66,0,0
BRDA:522,66,1,0
BRDA:528,67,0,0
BRDA:528,67,1,0
BRDA:541,68,0,0
BRDA:541,68,1,0
BRDA:544,69,0,0
BRDA:544,69,1,0
BRDA:544,70,0,0
BRDA:544,70,1,0
BRDA:544,70,2,0
BRDA:556,71,0,0
BRDA:556,71,1,0
BRDA:556,72,0,0
BRDA:556,72,1,0
BRDA:563,73,0,0
BRDA:563,73,1,0
BRDA:563,74,0,0
BRDA:563,74,1,0
BRDA:585,75,0,0
BRDA:585,75,1,0
BRDA:585,76,0,0
BRDA:585,76,1,0
BRDA:588,77,0,0
BRDA:588,77,1,0
BRDA:588,78,0,0
BRDA:588,78,1,0
BRDA:592,79,0,0
BRDA:592,79,1,0
BRDA:594,80,0,0
BRDA:594,80,1,0
BRDA:594,81,0,0
BRDA:594,81,1,0
BRDA:597,82,0,0
BRDA:597,82,1,0
BRDA:597,82,2,0
BRDA:602,83,0,0
BRDA:602,83,1,0
BRDA:620,84,0,0
BRDA:620,84,1,0
BRDA:624,85,0,0
BRDA:624,85,1,0
BRDA:634,86,0,0
BRDA:634,86,1,0
BRDA:639,87,0,0
BRDA:639,87,1,0
BRDA:641,88,0,0
BRDA:641,88,1,0
BRDA:649,89,0,0
BRDA:649,89,1,0
BRDA:649,90,0,0
BRDA:649,90,1,0
BRDA:653,91,0,0
BRDA:653,91,1,0
BRDA:653,92,0,0
BRDA:653,92,1,0
BRDA:656,93,0,0
BRDA:656,93,1,0
BRDA:658,94,0,0
BRDA:658,94,1,0
BRDA:685,95,0,0
BRDA:687,96,0,0
BRDA:687,96,1,0
BRF:192
BRH:6
end_of_record
TN:
SF:lib/cjs/banners.js
FN:467,(anonymous_0)
FN:468,(anonymous_1)
FN:469,(anonymous_2)
FN:473,(anonymous_3)
FN:474,(anonymous_4)
FN:475,(anonymous_5)
FN:483,renderBanner
FN:495,(anonymous_7)
FN:505,printAllBanners
FNF:9
FNH:6
FNDA:832,(anonymous_0)
FNDA:692,(anonymous_1)
FNDA:94,(anonymous_2)
FNDA:832,(anonymous_3)
FNDA:692,(anonymous_4)
FNDA:692,(anonymous_5)
FNDA:0,renderBanner
FNDA:0,(anonymous_7)
FNDA:0,printAllBanners
DA:2,2
DA:3,2
DA:467,832
DA:468,692
DA:469,2
DA:470,94
DA:473,832
DA:474,692
DA:475,692
DA:476,94
DA:482,2
DA:484,0
DA:485,0
DA:486,0
DA:487,0
DA:490,0
DA:491,0
DA:494,0
DA:495,0
DA:498,0
DA:499,0
DA:500,0
DA:501,0
DA:502,0
DA:505,2
DA:506,0
DA:507,0
DA:508,0
DA:509,0
DA:512,2
LF:30
LH:13
BRDA:479,0,0,94
BRDA:479,0,1,0
BRDA:487,1,0,0
BRDA:487,1,1,0
BRDA:491,2,0,0
BRDA:491,2,1,0
BRDA:501,3,0,0
BRDA:501,3,1,0
BRDA:505,4,0,0
BRDA:506,5,0,0
BRDA:506,5,1,0
BRDA:508,6,0,0
BRDA:508,6,1,0
BRF:13
BRH:1
end_of_record
TN:
SF:lib/cjs/constants.js
FNF:0
FNH:0
DA:8,2
LF:1
LH:1
BRF:0
BRH:0
end_of_record
TN:
SF:lib/cjs/environment.js
FNF:0
FNH:0
DA:1,2
DA:2,2
DA:3,2
DA:6,2
DA:11,2
LF:5
LH:5
BRDA:3,0,0,0
BRDA:3,0,1,2
BRDA:3,1,0,2
BRDA:3,1,1,0
BRF:4
BRH:2
end_of_record
TN:
SF:lib/cjs/logging.js
FN:2,getCmdLogger
FN:9,(anonymous_1)
FNF:2
FNH:0
FNDA:0,getCmdLogger
FNDA:0,(anonymous_1)
DA:1,2
DA:2,2
DA:3,0
DA:4,0
DA:5,0
DA:6,0
DA:7,0
DA:9,0
DA:10,0
DA:12,0
LF:10
LH:2
BRF:0
BRH:0
end_of_record
TN:
SF:lib/cjs/slogans.js
FN:15,readSlogans
FN:41,collectSlogans
FN:98,flattenSlogansWithPriority
FNF:3
FNH:0
FNDA:0,readSlogans
FNDA:0,collectSlogans
FNDA:0,flattenSlogansWithPriority
DA:1,2
DA:2,2
DA:3,2
DA:15,2
DA:16,0
DA:17,0
DA:18,0
DA:19,0
DA:20,0
DA:22,0
DA:23,0
DA:26,0
DA:27,0
DA:41,2
DA:42,0
DA:43,0
DA:45,0
DA:46,0
DA:47,0
DA:48,0
DA:49,0
DA:50,0
DA:53,0
DA:57,0
DA:58,0
DA:59,0
DA:60,0
DA:63,0
DA:64,0
DA:65,0
DA:66,0
DA:67,0
DA:68,0
DA:69,0
DA:70,0
DA:71,0
DA:72,0
DA:75,0
DA:81,0
DA:84,0
DA:98,2
DA:99,0
DA:100,0
DA:101,0
DA:102,0
DA:104,0
DA:105,0
DA:106,0
DA:107,0
DA:109,0
DA:110,0
DA:111,0
DA:113,0
DA:114,0
DA:115,0
DA:117,0
DA:118,0
DA:119,0
DA:122,0
DA:123,0
DA:124,0
DA:125,0
DA:127,0
DA:128,0
DA:129,0
DA:131,0
DA:132,0
DA:134,0
DA:136,0
DA:139,0
DA:140,0
LF:71
LH:6
BRDA:19,0,0,0
BRDA:19,0,1,0
BRDA:46,1,0,0
BRDA:46,1,1,0
BRDA:58,2,0,0
BRDA:58,2,1,0
BRDA:64,3,0,0
BRDA:64,3,1,0
BRDA:68,4,0,0
BRDA:68,4,1,0
BRDA:101,5,0,0
BRDA:101,5,1,0
BRDA:105,6,0,0
BRDA:105,6,1,0
BRDA:109,7,0,0
BRDA:109,7,1,0
BRDA:109,8,0,0
BRDA:109,8,1,0
BRDA:113,9,0,0
BRDA:113,9,1,0
BRDA:117,10,0,0
BRDA:117,10,1,0
BRDA:125,11,0,0
BRDA:125,11,1,0
BRDA:128,12,0,0
BRDA:128,12,1,0
BRDA:128,13,0,0
BRDA:128,13,1,0
BRDA:131,14,0,0
BRDA:131,14,1,0
BRDA:134,15,0,0
BRDA:134,15,1,0
BRF:32
BRH:0
end_of_record
TN:
SF:lib/cjs/utils.js
FN:25,(anonymous_10)
FN:27,(anonymous_11)
FN:42,(anonymous_12)
FN:44,(anonymous_13)
FN:54,(anonymous_14)
FN:69,(anonymous_15)
FN:84,(anonymous_16)
FN:94,(anonymous_17)
FNF:8
FNH:0
FNDA:0,(anonymous_10)
FNDA:0,(anonymous_11)
FNDA:0,(anonymous_12)
FNDA:0,(anonymous_13)
FNDA:0,(anonymous_14)
FNDA:0,(anonymous_15)
FNDA:0,(anonymous_16)
FNDA:0,(anonymous_17)
DA:1,2
DA:2,2
DA:17,2
DA:26,0
DA:27,0
DA:30,0
DA:44,0
DA:55,0
DA:56,0
DA:70,0
DA:71,0
DA:74,0
DA:85,0
DA:95,0
DA:96,0
LF:15
LH:3
BRDA:30,0,0,0
BRDA:30,0,1,0
BRDA:44,1,0,0
BRDA:44,1,1,0
BRF:4
BRH:0
end_of_record
TN:
SF:lib/cjs/build-module/cli-module.js
FN:15,buildModule
FN:29,(anonymous_1)
FNF:2
FNH:1
FNDA:3,buildModule
FNDA:0,(anonymous_1)
DA:1,2
DA:2,2
DA:3,2
DA:4,2
DA:15,2
DA:16,3
DA:30,0
DA:31,0
LF:8
LH:6
BRF:0
BRH:0
end_of_record
TN:
SF:lib/cjs/release-module/cli-module.js
FN:34,releaseModule
FN:52,(anonymous_1)
FN:69,(anonymous_2)
FNF:3
FNH:1
FNDA:3,releaseModule
FNDA:0,(anonymous_1)
FNDA:0,(anonymous_2)
DA:1,2
DA:2,2
DA:3,2
DA:4,2
DA:12,2
DA:23,2
DA:34,2
DA:35,3
DA:38,3
DA:53,0
DA:54,0
DA:56,3
DA:70,0
DA:71,0
DA:73,3
LF:15
LH:11
BRF:0
BRH:0
end_of_record
TN:
SF:lib/cjs/utils/command-forwarder.js
FN:3,parseOptionalBoolean
FN:8,buildValueMap
FN:10,(anonymous_2)
FN:24,(anonymous_3)
FN:32,runUtilsCommand
FNF:5
FNH:0
FNDA:0,parseOptionalBoolean
FNDA:0,buildValueMap
FNDA:0,(anonymous_2)
FNDA:0,(anonymous_3)
FNDA:0,runUtilsCommand
DA:1,2
DA:2,2
DA:3,2
DA:4,0
DA:5,0
DA:6,0
DA:8,2
DA:9,0
DA:10,0
DA:11,0
DA:12,0
DA:13,0
DA:14,0
DA:17,0
DA:20,0
DA:22,0
DA:23,0
DA:24,0
DA:26,0
DA:27,0
DA:29,0
DA:32,2
DA:33,0
DA:34,0
DA:35,0
DA:36,0
DA:37,0
DA:39,0
DA:40,0
DA:41,0
DA:42,0
DA:44,0
DA:45,0
DA:46,0
DA:48,0
LF:35
LH:5
BRDA:4,0,0,0
BRDA:4,0,1,0
BRDA:12,1,0,0
BRDA:12,1,1,0
BRDA:13,2,0,0
BRDA:13,2,1,0
BRDA:13,3,0,0
BRDA:13,3,1,0
BRDA:13,3,2,0
BRDA:17,4,0,0
BRDA:17,4,1,0
BRDA:17,5,0,0
BRDA:17,5,1,0
BRDA:17,5,2,0
BRDA:22,6,0,0
BRDA:22,6,1,0
BRDA:22,7,0,0
BRDA:22,7,1,0
BRDA:26,8,0,0
BRDA:26,8,1,0
BRDA:36,9,0,0
BRDA:36,9,1,0
BRDA:40,10,0,0
BRDA:40,10,1,0
BRDA:44,11,0,0
BRDA:44,11,1,0
BRF:26
BRH:0
end_of_record
TN:
SF:lib/cjs/utils-module/cli-module.js
FN:16,(anonymous_1)
FN:28,(anonymous_2)
FN:31,(anonymous_3)
FN:38,(anonymous_4)
FN:45,(anonymous_5)
FN:46,(anonymous_6)
FN:70,(anonymous_7)
FN:77,(anonymous_8)
FN:81,(anonymous_9)
FN:82,(anonymous_10)
FN:95,(anonymous_11)
FN:115,(anonymous_12)
FN:131,(anonymous_13)
FN:162,(anonymous_14)
FN:179,(anonymous_15)
FN:183,utils
FNF:16
FNH:1
FNDA:0,(anonymous_1)
FNDA:0,(anonymous_2)
FNDA:0,(anonymous_3)
FNDA:0,(anonymous_4)
FNDA:0,(anonymous_5)
FNDA:0,(anonymous_6)
FNDA:0,(anonymous_7)
FNDA:0,(anonymous_8)
FNDA:0,(anonymous_9)
FNDA:0,(anonymous_10)
FNDA:0,(anonymous_11)
FNDA:0,(anonymous_12)
FNDA:0,(anonymous_13)
FNDA:0,(anonymous_14)
FNDA:0,(anonymous_15)
FNDA:3,utils
DA:1,2
DA:2,2
DA:3,2
DA:4,2
DA:5,2
DA:6,2
DA:7,2
DA:8,2
DA:9,2
DA:10,2
DA:11,2
DA:12,2
DA:17,0
DA:18,0
DA:19,0
DA:20,0
DA:21,0
DA:22,0
DA:23,0
DA:25,0
DA:26,0
DA:28,0
DA:29,0
DA:31,0
DA:34,2
DA:39,0
DA:40,0
DA:41,0
DA:42,0
DA:43,0
DA:44,0
DA:45,0
DA:46,0
DA:47,0
DA:48,0
DA:49,0
DA:50,0
DA:53,0
DA:57,0
DA:59,0
DA:60,0
DA:62,0
DA:63,0
DA:64,0
DA:65,0
DA:68,0
DA:69,0
DA:70,0
DA:74,2
DA:78,0
DA:79,0
DA:80,0
DA:81,0
DA:82,0
DA:83,0
DA:85,2
DA:89,2
DA:96,0
DA:97,0
DA:99,2
DA:106,2
DA:116,0
DA:117,0
DA:119,2
DA:124,2
DA:132,0
DA:133,0
DA:135,2
DA:150,2
DA:155,2
DA:163,0
DA:164,0
DA:166,2
DA:180,0
DA:181,0
DA:183,2
DA:184,3
DA:187,3
DA:188,3
DA:189,3
DA:190,3
DA:191,3
DA:192,3
DA:193,3
DA:194,3
DA:195,3
LF:86
LH:35
BRDA:23,0,0,0
BRDA:23,0,1,0
BRDA:23,0,2,0
BRDA:45,1,0,0
BRDA:48,2,0,0
BRDA:48,2,1,0
BRDA:49,3,0,0
BRDA:49,3,1,0
BRDA:49,4,0,0
BRDA:49,4,1,0
BRDA:49,4,2,0
BRDA:57,5,0,0
BRDA:57,5,1,0
BRDA:57,5,2,0
BRDA:79,6,0,0
BRDA:79,6,1,0
BRF:16
BRH:0
end_of_record
TN:
SF:src/CliWrapper.ts
FN:36,(anonymous_1)
FN:59,(anonymous_2)
FN:61,(anonymous_3)
FN:64,(anonymous_4)
FN:68,(anonymous_5)
FN:70,(anonymous_6)
FN:72,(anonymous_7)
FN:87,(anonymous_8)
FN:91,(anonymous_9)
FN:133,(anonymous_10)
FN:147,(anonymous_11)
FN:182,(anonymous_12)
FN:219,(anonymous_13)
FN:267,(anonymous_14)
FN:289,(anonymous_15)
FN:294,(anonymous_16)
FN:312,(anonymous_17)
FN:325,(anonymous_18)
FN:363,(anonymous_19)
FN:378,(anonymous_20)
FN:406,(anonymous_21)
FN:423,(anonymous_22)
FN:472,(anonymous_23)
FN:476,(anonymous_24)
FN:489,(anonymous_25)
FN:497,(anonymous_26)
FN:507,(anonymous_27)
FN:517,(anonymous_28)
FN:522,(anonymous_29)
FN:545,(anonymous_30)
FN:547,(anonymous_31)
FN:560,(anonymous_32)
FN:575,(anonymous_33)
FN:598,(anonymous_34)
FN:600,(anonymous_35)
FN:601,(anonymous_36)
FN:608,(anonymous_37)
FN:623,(anonymous_38)
FN:625,(anonymous_39)
FN:630,(anonymous_40)
FN:651,(anonymous_41)
FN:669,(anonymous_42)
FN:699,(anonymous_43)
FN:709,(anonymous_44)
FN:712,(anonymous_45)
FN:713,(anonymous_46)
FN:716,(anonymous_47)
FN:727,(anonymous_48)
FN:744,(anonymous_49)
FN:749,(anonymous_50)
FN:755,(anonymous_51)
FN:773,(anonymous_52)
FN:785,(anonymous_53)
FN:788,(anonymous_54)
FN:793,(anonymous_55)
FN:795,(anonymous_56)
FN:798,(anonymous_57)
FN:800,(anonymous_58)
FN:808,(anonymous_59)
FN:843,(anonymous_60)
FN:852,(anonymous_61)
FN:856,(anonymous_62)
FNF:62
FNH:58
FNDA:12,(anonymous_1)
FNDA:1670,(anonymous_2)
FNDA:1390,(anonymous_3)
FNDA:191,(anonymous_4)
FNDA:1670,(anonymous_5)
FNDA:1390,(anonymous_6)
FNDA:1390,(anonymous_7)
FNDA:0,(anonymous_8)
FNDA:0,(anonymous_9)
FNDA:10,(anonymous_10)
FNDA:38,(anonymous_11)
FNDA:14,(anonymous_12)
FNDA:17,(anonymous_13)
FNDA:4,(anonymous_14)
FNDA:16,(anonymous_15)
FNDA:4,(anonymous_16)
FNDA:12,(anonymous_17)
FNDA:16,(anonymous_18)
FNDA:4,(anonymous_19)
FNDA:4,(anonymous_20)
FNDA:5,(anonymous_21)
FNDA:5,(anonymous_22)
FNDA:8,(anonymous_23)
FNDA:14,(anonymous_24)
FNDA:100,(anonymous_25)
FNDA:382,(anonymous_26)
FNDA:3,(anonymous_27)
FNDA:7,(anonymous_28)
FNDA:7,(anonymous_29)
FNDA:5312,(anonymous_30)
FNDA:40823,(anonymous_31)
FNDA:24,(anonymous_32)
FNDA:1,(anonymous_33)
FNDA:1,(anonymous_34)
FNDA:4,(anonymous_35)
FNDA:3,(anonymous_36)
FNDA:1,(anonymous_37)
FNDA:2,(anonymous_38)
FNDA:972,(anonymous_39)
FNDA:1,(anonymous_40)
FNDA:4,(anonymous_41)
FNDA:1,(anonymous_42)
FNDA:1,(anonymous_43)
FNDA:17,(anonymous_44)
FNDA:816,(anonymous_45)
FNDA:816,(anonymous_46)
FNDA:26,(anonymous_47)
FNDA:2,(anonymous_48)
FNDA:3,(anonymous_49)
FNDA:10,(anonymous_50)
FNDA:2,(anonymous_51)
FNDA:42,(anonymous_52)
FNDA:7,(anonymous_53)
FNDA:241,(anonymous_54)
FNDA:141,(anonymous_55)
FNDA:6627,(anonymous_56)
FNDA:100,(anonymous_57)
FNDA:4436,(anonymous_58)
FNDA:2,(anonymous_59)
FNDA:3,(anonymous_60)
FNDA:0,(anonymous_61)
FNDA:0,(anonymous_62)
DA:1,5
DA:2,5
DA:3,5
DA:4,5
DA:5,5
DA:6,5
DA:13,5
DA:14,5
DA:15,5
DA:16,5
DA:17,5
DA:18,5
DA:20,5
DA:22,5
DA:24,5
DA:28,5
DA:32,5
DA:36,5
DA:37,12
DA:43,5
DA:47,5
DA:59,1670
DA:61,5
DA:62,1390
DA:64,5
DA:65,191
DA:68,1670
DA:70,1390
DA:71,191
DA:72,1390
DA:76,191
DA:83,5
DA:85,5
DA:88,0
DA:89,0
DA:92,0
DA:96,5
DA:97,5
DA:99,0
DA:101,5
DA:120,5
DA:122,10
DA:123,10
DA:126,10
DA:127,10
DA:128,10
DA:129,10
DA:131,5
DA:134,10
DA:135,10
DA:137,10
DA:138,10
DA:148,38
DA:149,4
DA:150,4
DA:152,38
DA:183,14
DA:186,14
DA:187,14
DA:189,14
DA:190,14
DA:191,14
DA:193,14
DA:194,0
DA:198,14
DA:200,14
DA:201,14
DA:202,14
DA:206,9
DA:209,5
DA:211,0
DA:216,5
DA:225,17
DA:227,17
DA:228,17
DA:229,17
DA:230,17
DA:231,17
DA:234,0
DA:268,4
DA:269,4
DA:270,4
DA:271,4
DA:273,4
DA:274,4
DA:275,4
DA:277,4
DA:278,4
DA:279,12
DA:282,4
DA:283,4
DA:284,0
DA:287,4
DA:289,16
DA:295,4
DA:296,4
DA:297,12
DA:298,12
DA:299,12
DA:300,0
DA:303,12
DA:304,12
DA:305,0
DA:307,12
DA:309,12
DA:310,12
DA:312,12
DA:313,12
DA:316,0
DA:330,16
DA:331,0
DA:334,16
DA:335,16
DA:336,0
DA:339,0
DA:342,16
DA:344,16
DA:345,13
DA:346,13
DA:347,0
DA:349,13
DA:352,13
DA:353,13
DA:355,0
DA:356,0
DA:358,13
DA:359,9
DA:362,4
DA:363,4
DA:365,4
DA:366,4
DA:367,4
DA:370,0
DA:371,0
DA:373,0
DA:379,4
DA:380,4
DA:381,4
DA:382,4
DA:383,1
DA:386,4
DA:387,5
DA:388,5
DA:389,5
DA:390,1
DA:393,4
DA:394,4
DA:395,12
DA:396,12
DA:403,4
DA:407,5
DA:408,5
DA:409,5
DA:410,25
DA:411,0
DA:413,25
DA:414,25
DA:415,25
DA:417,5
DA:418,0
DA:420,5
DA:424,5
DA:425,5
DA:426,5
DA:429,0
DA:431,0
DA:432,0
DA:436,0
DA:437,0
DA:438,0
DA:441,0
DA:443,0
DA:444,0
DA:445,0
DA:448,0
DA:449,0
DA:450,0
DA:451,0
DA:452,0
DA:455,0
DA:457,0
DA:460,0
DA:461,0
DA:463,0
DA:469,0
DA:473,8
DA:477,14
DA:478,14
DA:479,14
DA:480,0
DA:482,14
DA:483,14
DA:485,0
DA:490,100
DA:491,0
DA:494,100
DA:496,100
DA:497,382
DA:499,100
DA:500,84
DA:507,100
DA:508,3
DA:509,3
DA:512,100
DA:513,70
DA:518,7
DA:519,7
DA:523,7
DA:524,7
DA:525,7
DA:526,7
DA:527,7
DA:529,0
DA:532,0
DA:546,5312
DA:547,5312
DA:548,40823
DA:549,40823
DA:550,6144
DA:551,5295
DA:553,34679
DA:554,14
DA:556,40823
DA:561,24
DA:562,24
DA:563,24
DA:564,71
DA:565,24
DA:567,47
DA:568,47
DA:569,47
DA:570,47
DA:572,0
DA:576,1
DA:577,1
DA:580,1
DA:582,1
DA:583,0
DA:586,1
DA:587,0
DA:590,1
DA:591,0
DA:594,1
DA:595,1
DA:599,1
DA:600,4
DA:601,3
DA:602,1
DA:603,0
DA:605,1
DA:612,1
DA:613,1
DA:614,1
DA:615,1
DA:616,1
DA:617,486
DA:618,486
DA:620,1
DA:624,2
DA:625,2
DA:626,972
DA:631,1
DA:632,1
DA:633,1
DA:635,1
DA:636,1
DA:637,1
DA:638,0
DA:641,1
DA:642,1
DA:643,1
DA:646,1
DA:648,1
DA:656,4
DA:657,4
DA:658,4
DA:659,4
DA:660,342
DA:661,342
DA:674,1
DA:675,1
DA:676,1
DA:677,0
DA:679,1
DA:680,1
DA:681,3
DA:682,3
DA:683,3
DA:687,0
DA:689,3
DA:703,1
DA:704,1
DA:705,0
DA:710,17
DA:711,17
DA:712,816
DA:713,816
DA:717,26
DA:718,0
DA:719,0
DA:720,0
DA:728,2
DA:729,0
DA:731,2
DA:734,2
DA:735,2
DA:736,2
DA:738,0
DA:741,2
DA:745,3
DA:746,0
DA:749,3
DA:750,10
DA:751,10
DA:756,2
DA:758,2
DA:762,2
DA:764,2
DA:767,2
DA:769,2
DA:772,2
DA:773,42
DA:777,2
DA:778,2
DA:779,2
DA:780,44
DA:781,44
DA:786,7
DA:787,7
DA:788,241
DA:791,7
DA:794,141
DA:795,6627
DA:799,100
DA:800,4436
DA:803,7
DA:809,2
DA:810,1
DA:811,1
DA:812,1
DA:813,1
DA:814,1
DA:815,1
DA:816,1
DA:818,0
DA:820,0
DA:844,3
DA:845,3
DA:846,1
DA:847,1
DA:849,3
DA:853,0
DA:857,0
LF:353
LH:286
BRDA:24,0,0,5
BRDA:24,0,1,0
BRDA:28,1,0,5
BRDA:28,1,1,0
BRDA:28,2,0,5
BRDA:28,2,1,5
BRDA:31,3,0,0
BRDA:31,3,1,0
BRDA:32,4,0,0
BRDA:32,4,1,5
BRDA:79,5,0,191
BRDA:79,5,1,0
BRDA:88,6,0,0
BRDA:88,6,1,0
BRDA:134,7,0,0
BRDA:135,8,0,10
BRDA:148,9,0,4
BRDA:148,9,1,34
BRDA:190,10,0,14
BRDA:190,10,1,0
BRDA:191,11,0,0
BRDA:191,11,1,14
BRDA:193,12,0,0
BRDA:193,12,1,14
BRDA:202,13,0,9
BRDA:202,13,1,5
BRDA:203,14,0,14
BRDA:203,14,1,14
BRDA:212,15,0,0
BRDA:212,15,1,0
BRDA:230,16,0,17
BRDA:230,16,1,0
BRDA:299,17,0,0
BRDA:299,17,1,12
BRDA:299,18,0,12
BRDA:299,18,1,12
BRDA:304,19,0,0
BRDA:304,19,1,12
BRDA:312,20,0,12
BRDA:312,20,1,0
BRDA:318,21,0,0
BRDA:318,21,1,0
BRDA:330,22,0,0
BRDA:330,22,1,16
BRDA:335,23,0,0
BRDA:335,23,1,16
BRDA:346,24,0,0
BRDA:346,24,1,13
BRDA:358,25,0,9
BRDA:358,25,1,4
BRDA:365,26,0,4
BRDA:365,26,1,0
BRDA:382,27,0,1
BRDA:382,27,1,3
BRDA:389,28,0,1
BRDA:389,28,1,4
BRDA:389,29,0,5
BRDA:389,29,1,4
BRDA:395,30,0,0
BRDA:395,30,1,12
BRDA:409,31,0,30
BRDA:409,31,1,30
BRDA:410,32,0,0
BRDA:410,32,1,25
BRDA:414,33,0,0
BRDA:414,33,1,25
BRDA:417,34,0,0
BRDA:417,34,1,5
BRDA:425,35,0,5
BRDA:425,35,1,0
BRDA:437,36,0,0
BRDA:437,36,1,0
BRDA:437,37,0,0
BRDA:437,37,1,0
BRDA:443,38,0,0
BRDA:443,38,1,0
BRDA:449,39,0,0
BRDA:449,39,1,0
BRDA:451,40,0,0
BRDA:451,40,1,0
BRDA:460,41,0,0
BRDA:460,41,1,0
BRDA:479,42,0,0
BRDA:479,42,1,14
BRDA:483,43,0,14
BRDA:483,43,1,0
BRDA:490,44,0,0
BRDA:490,44,1,100
BRDA:499,45,0,84
BRDA:499,45,1,16
BRDA:523,46,0,0
BRDA:523,46,1,7
BRDA:526,47,0,7
BRDA:526,47,1,0
BRDA:545,48,0,1
BRDA:546,49,0,0
BRDA:546,49,1,5312
BRDA:549,50,0,6144
BRDA:549,50,1,34679
BRDA:550,51,0,5295
BRDA:550,51,1,849
BRDA:553,52,0,14
BRDA:553,52,1,34665
BRDA:564,53,0,24
BRDA:564,53,1,47
BRDA:567,54,0,0
BRDA:567,54,1,47
BRDA:569,55,0,0
BRDA:569,55,1,47
BRDA:577,56,0,1
BRDA:577,56,1,0
BRDA:578,57,0,1
BRDA:578,57,1,0
BRDA:582,58,0,0
BRDA:582,58,1,1
BRDA:582,59,0,1
BRDA:582,59,1,0
BRDA:586,60,0,0
BRDA:586,60,1,1
BRDA:590,61,0,0
BRDA:590,61,1,1
BRDA:602,62,0,0
BRDA:602,62,1,1
BRDA:602,63,0,1
BRDA:602,63,1,0
BRDA:624,64,0,0
BRDA:624,64,1,2
BRDA:624,65,0,2
BRDA:624,65,1,2
BRDA:631,66,0,0
BRDA:631,66,1,1
BRDA:637,67,0,0
BRDA:637,67,1,1
BRDA:658,68,0,0
BRDA:658,68,1,4
BRDA:660,69,0,342
BRDA:660,69,1,0
BRDA:660,70,0,342
BRDA:660,70,1,342
BRDA:660,70,2,342
BRDA:676,71,0,0
BRDA:676,71,1,1
BRDA:676,72,0,1
BRDA:676,72,1,1
BRDA:683,73,0,0
BRDA:683,73,1,3
BRDA:684,74,0,3
BRDA:684,74,1,3
BRDA:710,75,0,0
BRDA:710,75,1,17
BRDA:710,76,0,17
BRDA:710,76,1,17
BRDA:712,77,0,816
BRDA:712,77,1,0
BRDA:712,78,0,816
BRDA:712,78,1,816
BRDA:717,79,0,26
BRDA:717,79,1,0
BRDA:718,80,0,0
BRDA:718,80,1,0
BRDA:718,81,0,0
BRDA:718,81,1,0
BRDA:721,82,0,0
BRDA:721,82,1,0
BRDA:721,82,2,0
BRDA:728,83,0,0
BRDA:728,83,1,2
BRDA:745,84,0,0
BRDA:745,84,1,3
BRDA:745,85,0,3
BRDA:745,85,1,3
BRDA:750,86,0,0
BRDA:750,86,1,10
BRDA:751,87,0,10
BRDA:751,87,1,8
BRDA:751,87,2,8
BRDA:764,88,0,0
BRDA:764,88,1,2
BRDA:769,89,0,0
BRDA:769,89,1,2
BRDA:780,90,0,44
BRDA:780,90,1,0
BRDA:786,91,0,7
BRDA:786,91,1,0
BRDA:791,92,0,3
BRDA:791,92,1,4
BRDA:809,93,0,1
BRDA:809,93,1,1
BRDA:809,94,0,2
BRDA:809,94,1,1
BRDA:812,95,0,0
BRDA:812,95,1,1
BRDA:812,96,0,1
BRDA:812,96,1,1
BRDA:814,97,0,0
BRDA:814,97,1,1
BRDA:815,98,0,1
BRDA:815,98,1,0
BRDA:843,99,0,0
BRDA:845,100,0,1
BRDA:845,100,1,2
BRDA:845,101,0,3
BRDA:845,101,1,3
BRF:203
BRH:118
end_of_record
TN:
SF:src/Command.ts
FN:6,(anonymous_0)
FN:10,(anonymous_1)
FN:14,(anonymous_2)
FN:15,init
FN:29,(anonymous_4)
FNF:5
FNH:0
FNDA:0,(anonymous_0)
FNDA:0,(anonymous_1)
FNDA:0,(anonymous_2)
FNDA:0,init
FNDA:0,(anonymous_4)
DA:2,3
DA:3,3
DA:5,3
DA:7,0
DA:11,0
DA:15,0
DA:23,0
DA:24,0
DA:25,0
DA:32,0
LF:10
LH:3
BRDA:11,0,0,0
BRDA:11,0,1,0
BRDA:25,1,0,0
BRDA:25,1,1,0
BRF:4
BRH:0
end_of_record
TN:
SF:src/banners.ts
FN:497,(anonymous_0)
FN:499,(anonymous_1)
FN:502,(anonymous_2)
FN:506,(anonymous_3)
FN:508,(anonymous_4)
FN:510,(anonymous_5)
FN:525,selectBannerMessage
FN:526,(anonymous_7)
FN:537,renderBanner
FN:553,(anonymous_9)
FN:565,printAllBanners
FNF:11
FNH:11
FNDA:1664,(anonymous_0)
FNDA:1384,(anonymous_1)
FNDA:188,(anonymous_2)
FNDA:1664,(anonymous_3)
FNDA:1384,(anonymous_4)
FNDA:1384,(anonymous_5)
FNDA:47,selectBannerMessage
FNDA:2256,(anonymous_7)
FNDA:47,renderBanner
FNDA:346,(anonymous_9)
FNDA:1,printAllBanners
DA:3,4
DA:5,4
DA:497,1664
DA:499,4
DA:500,1384
DA:502,4
DA:503,188
DA:506,1664
DA:508,1384
DA:509,188
DA:510,1384
DA:514,188
DA:521,4
DA:523,4
DA:526,2256
DA:527,47
DA:528,0
DA:531,47
DA:538,47
DA:540,47
DA:542,47
DA:544,47
DA:547,47
DA:549,47
DA:552,47
DA:553,346
DA:557,47
DA:558,47
DA:559,47
DA:560,393
DA:561,393
DA:565,4
DA:568,1
DA:570,1
DA:571,47
DA:572,47
DA:576,4
LF:37
LH:36
BRDA:517,0,0,188
BRDA:517,0,1,0
BRDA:526,1,0,2256
BRDA:526,1,1,2256
BRDA:527,2,0,0
BRDA:527,2,1,47
BRDA:532,3,0,47
BRDA:532,3,1,0
BRDA:544,4,0,15
BRDA:544,4,1,32
BRDA:549,5,0,15
BRDA:549,5,1,32
BRDA:560,6,0,393
BRDA:560,6,1,0
BRDA:566,7,0,0
BRDA:568,8,0,1
BRDA:568,8,1,0
BRF:17
BRH:11
end_of_record
TN:
SF:src/constants.ts
FNF:0
FNH:0
DA:11,6
LF:1
LH:1
BRF:0
BRH:0
end_of_record
TN:
SF:src/environment.ts
FNF:0
FNH:0
DA:1,5
DA:2,5
DA:10,5
DA:14,5
DA:20,5
LF:5
LH:5
BRDA:10,0,0,0
BRDA:10,0,1,5
BRDA:10,1,0,5
BRDA:10,1,1,0
BRF:4
BRH:2
end_of_record
TN:
SF:src/index.ts
FNF:0
FNH:0
DA:1,3
DA:2,3
DA:3,3
LF:3
LH:3
BRF:0
BRH:0
end_of_record
TN:
SF:src/logging.ts
FN:4,getCmdLogger
FN:11,(anonymous_1)
FNF:2
FNH:2
FNDA:2,getCmdLogger
FNDA:6,(anonymous_1)
DA:2,6
DA:4,6
DA:5,2
DA:6,2
DA:7,2
DA:8,4
DA:9,4
DA:11,2
DA:12,6
DA:14,2
LF:10
LH:10
BRF:0
BRH:0
end_of_record
TN:
SF:src/slogans.ts
FN:16,readSlogans
FN:47,collectSlogans
FN:112,flattenSlogansWithPriority
FNF:3
FNH:1
FNDA:23,readSlogans
FNDA:0,collectSlogans
FNDA:0,flattenSlogansWithPriority
DA:1,5
DA:2,5
DA:3,5
DA:16,5
DA:20,23
DA:21,23
DA:23,23
DA:24,23
DA:25,0
DA:28,23
DA:29,23
DA:31,0
DA:32,0
DA:47,5
DA:51,0
DA:52,0
DA:55,0
DA:56,0
DA:57,0
DA:58,0
DA:59,0
DA:60,0
DA:62,0
DA:67,0
DA:68,0
DA:69,0
DA:70,0
DA:74,0
DA:75,0
DA:77,0
DA:78,0
DA:80,0
DA:81,0
DA:82,0
DA:83,0
DA:84,0
DA:88,0
DA:93,0
DA:97,0
DA:112,5
DA:117,0
DA:118,0
DA:119,0
DA:120,0
DA:123,0
DA:124,0
DA:125,0
DA:128,0
DA:129,0
DA:130,0
DA:133,0
DA:134,0
DA:137,0
DA:140,0
DA:141,0
DA:142,0
DA:146,0
DA:147,0
DA:148,0
DA:150,0
DA:154,0
DA:156,0
DA:157,0
DA:158,0
DA:159,0
DA:160,0
DA:162,0
DA:166,0
DA:169,0
LF:69
LH:12
BRDA:24,0,0,0
BRDA:24,0,1,23
BRDA:56,1,0,0
BRDA:56,1,1,0
BRDA:68,2,0,0
BRDA:68,2,1,0
BRDA:75,3,0,0
BRDA:75,3,1,0
BRDA:80,4,0,0
BRDA:80,4,1,0
BRDA:119,5,0,0
BRDA:119,5,1,0
BRDA:124,6,0,0
BRDA:124,6,1,0
BRDA:128,7,0,0
BRDA:128,7,1,0
BRDA:128,8,0,0
BRDA:128,8,1,0
BRDA:133,9,0,0
BRDA:133,9,1,0
BRDA:140,10,0,0
BRDA:140,10,1,0
BRDA:151,11,0,0
BRDA:151,11,1,0
BRDA:156,12,0,0
BRDA:156,12,1,0
BRDA:156,13,0,0
BRDA:156,13,1,0
BRDA:158,14,0,0
BRDA:158,14,1,0
BRDA:160,15,0,0
BRDA:160,15,1,0
BRF:32
BRH:1
end_of_record
TN:
SF:src/utils.ts
FN:28,(anonymous_10)
FN:30,(anonymous_11)
FN:47,(anonymous_12)
FN:50,(anonymous_13)
FN:62,(anonymous_14)
FN:78,(anonymous_15)
FN:95,(anonymous_16)
FN:106,(anonymous_17)
FNF:8
FNH:8
FNDA:17,(anonymous_10)
FNDA:17,(anonymous_11)
FNDA:17,(anonymous_12)
FNDA:15,(anonymous_13)
FNDA:4,(anonymous_14)
FNDA:9,(anonymous_15)
FNDA:4,(anonymous_16)
FNDA:4,(anonymous_17)
DA:1,6
DA:2,6
DA:20,6
DA:29,17
DA:30,17
DA:32,0
DA:49,17
DA:50,15
DA:63,4
DA:64,4
DA:79,9
DA:80,9
DA:84,1
DA:96,4
DA:107,4
DA:108,4
LF:16
LH:15
BRDA:33,0,0,0
BRDA:33,0,1,0
BRDA:50,1,0,15
BRDA:50,1,1,0
BRF:4
BRH:1
end_of_record
TN:
SF:src/version.ts
FNF:0
FNH:0
DA:1,1
DA:9,1
DA:17,1
DA:25,1
DA:34,1
DA:36,1
LF:6
LH:6
BRF:0
BRH:0
end_of_record
TN:
SF:src/build-module/cli-module.ts
FN:21,buildModule
FN:38,(anonymous_1)
FNF:2
FNH:1
FNDA:5,buildModule
FNDA:0,(anonymous_1)
DA:1,6
DA:2,6
DA:3,6
DA:9,6
DA:21,6
DA:22,5
DA:39,0
DA:40,0
LF:8
LH:6
BRF:0
BRH:0
end_of_record
TN:
SF:src/release-module/cli-module.ts
FN:45,releaseModule
FN:82,(anonymous_1)
FN:117,(anonymous_2)
FNF:3
FNH:1
FNDA:4,releaseModule
FNDA:0,(anonymous_1)
FNDA:0,(anonymous_2)
DA:1,5
DA:2,5
DA:6,5
DA:12,5
DA:21,5
DA:33,5
DA:45,5
DA:46,4
DA:50,4
DA:83,0
DA:84,0
DA:87,4
DA:118,0
DA:119,0
DA:122,4
LF:15
LH:11
BRF:0
BRH:0
end_of_record
TN:
SF:src/utils/command-forwarder.ts
FN:12,parseOptionalBoolean
FN:17,buildValueMap
FN:22,(anonymous_2)
FN:36,(anonymous_3)
FN:44,runUtilsCommand
FNF:5
FNH:0
FNDA:0,parseOptionalBoolean
FNDA:0,buildValueMap
FNDA:0,(anonymous_2)
FNDA:0,(anonymous_3)
FNDA:0,runUtilsCommand
DA:2,6
DA:3,6
DA:12,6
DA:13,0
DA:14,0
DA:17,6
DA:21,0
DA:22,0
DA:23,0
DA:24,0
DA:25,0
DA:26,0
DA:28,0
DA:33,0
DA:34,0
DA:35,0
DA:36,0
DA:38,0
DA:40,0
DA:44,6
DA:49,0
DA:50,0
DA:51,0
DA:52,0
DA:53,0
DA:56,0
DA:57,0
DA:58,0
DA:59,0
DA:61,0
DA:62,0
DA:63,0
DA:65,0
LF:33
LH:5
BRDA:13,0,0,0
BRDA:13,0,1,0
BRDA:24,1,0,0
BRDA:24,1,1,0
BRDA:25,2,0,0
BRDA:25,2,1,0
BRDA:25,3,0,0
BRDA:25,3,1,0
BRDA:25,3,2,0
BRDA:28,4,0,0
BRDA:28,4,1,0
BRDA:29,5,0,0
BRDA:29,5,1,0
BRDA:29,5,2,0
BRDA:34,6,0,0
BRDA:34,6,1,0
BRDA:34,7,0,0
BRDA:34,7,1,0
BRDA:38,8,0,0
BRDA:38,8,1,0
BRDA:52,9,0,0
BRDA:52,9,1,0
BRDA:57,10,0,0
BRDA:57,10,1,0
BRDA:61,11,0,0
BRDA:61,11,1,0
BRF:26
BRH:0
end_of_record
TN:
SF:src/utils-module/cli-module.ts
FN:27,(anonymous_1)
FN:44,(anonymous_2)
FN:49,(anonymous_3)
FN:61,(anonymous_4)
FN:73,(anonymous_5)
FN:74,(anonymous_6)
FN:97,(anonymous_7)
FN:105,(anonymous_8)
FN:109,(anonymous_9)
FN:110,(anonymous_10)
FN:132,(anonymous_11)
FN:171,(anonymous_12)
FN:200,(anonymous_13)
FN:240,(anonymous_14)
FN:261,(anonymous_15)
FN:266,utils
FNF:16
FNH:4
FNDA:0,(anonymous_1)
FNDA:0,(anonymous_2)
FNDA:0,(anonymous_3)
FNDA:0,(anonymous_4)
FNDA:0,(anonymous_5)
FNDA:0,(anonymous_6)
FNDA:0,(anonymous_7)
FNDA:2,(anonymous_8)
FNDA:49,(anonymous_9)
FNDA:49,(anonymous_10)
FNDA:0,(anonymous_11)
FNDA:0,(anonymous_12)
FNDA:0,(anonymous_13)
FNDA:0,(anonymous_14)
FNDA:0,(anonymous_15)
FNDA:6,utils
DA:1,5
DA:2,5
DA:3,5
DA:4,5
DA:5,5
DA:6,5
DA:7,5
DA:8,5
DA:9,5
DA:10,5
DA:17,5
DA:23,5
DA:28,0
DA:32,0
DA:33,0
DA:34,0
DA:37,0
DA:38,0
DA:39,0
DA:41,0
DA:42,0
DA:44,0
DA:45,0
DA:47,0
DA:49,0
DA:50,0
DA:55,5
DA:62,0
DA:66,0
DA:67,0
DA:68,0
DA:71,0
DA:72,0
DA:73,0
DA:74,0
DA:75,0
DA:76,0
DA:77,0
DA:78,0
DA:80,0
DA:84,0
DA:86,0
DA:87,0
DA:89,0
DA:90,0
DA:91,0
DA:92,0
DA:95,0
DA:96,0
DA:97,0
DA:102,5
DA:106,2
DA:107,2
DA:108,2
DA:109,49
DA:110,49
DA:112,2
DA:115,5
DA:120,5
DA:133,0
DA:134,0
DA:137,5
DA:145,5
DA:172,0
DA:173,0
DA:176,5
DA:182,5
DA:201,0
DA:202,0
DA:205,5
DA:221,5
DA:227,5
DA:241,0
DA:242,0
DA:245,5
DA:262,0
DA:263,0
DA:266,5
DA:267,6
DA:271,6
DA:272,6
DA:273,6
DA:274,6
DA:275,6
DA:276,6
DA:277,6
DA:278,6
DA:279,6
LF:88
LH:41
BRDA:39,0,0,0
BRDA:39,0,1,0
BRDA:39,0,2,0
BRDA:73,1,0,0
BRDA:76,2,0,0
BRDA:76,2,1,0
BRDA:77,3,0,0
BRDA:77,3,1,0
BRDA:77,4,0,0
BRDA:77,4,1,0
BRDA:77,4,2,0
BRDA:84,5,0,0
BRDA:84,5,1,0
BRDA:84,5,2,0
BRDA:107,6,0,2
BRDA:107,6,1,0
BRF:16
BRH:1
end_of_record
TN:
SF:tests/unit/__fixtures__/build/cli-module.cjs
FN:5,build
FN:10,(anonymous_1)
FNF:2
FNH:1
FNDA:5,build
FNDA:0,(anonymous_1)
DA:2,4
DA:5,4
DA:6,5
LF:3
LH:3
BRF:0
BRH:0
end_of_record
