TN:
SF:src/banners.ts
FNF:0
FNH:0
DA:3,3
DA:5,3
DA:200,3
LF:3
LH:3
BRF:0
BRH:0
end_of_record
TN:
SF:src/constants.ts
FNF:0
FNH:0
DA:11,4
LF:1
LH:1
BRF:0
BRH:0
end_of_record
TN:
SF:src/environment.ts
FNF:0
FNH:0
DA:1,3
DA:2,3
DA:10,3
DA:14,3
DA:19,3
LF:5
LH:5
BRDA:10,0,0,0
BRDA:10,0,1,3
BRDA:10,1,0,3
BRDA:10,1,1,0
BRF:4
BRH:2
end_of_record
TN:
SF:src/index.ts
FNF:0
FNH:0
DA:1,3
DA:2,3
LF:2
LH:2
BRF:0
BRH:0
end_of_record
TN:
SF:src/logging.ts
FN:4,getCmdLogger
FN:11,(anonymous_1)
FNF:2
FNH:0
FNDA:0,getCmdLogger
FNDA:0,(anonymous_1)
DA:2,1
DA:4,1
DA:5,0
DA:6,0
DA:7,0
DA:8,0
DA:9,0
DA:11,0
DA:12,0
DA:14,0
LF:10
LH:2
BRF:0
BRH:0
end_of_record
TN:
SF:src/slogans.ts
FN:16,readSlogans
FN:47,collectSlogans
FN:112,flattenSlogansWithPriority
FNF:3
FNH:1
FNDA:16,readSlogans
FNDA:0,collectSlogans
FNDA:0,flattenSlogansWithPriority
DA:1,3
DA:2,3
DA:3,3
DA:16,3
DA:20,16
DA:21,16
DA:23,16
DA:24,16
DA:25,0
DA:28,16
DA:29,16
DA:31,0
DA:32,0
DA:47,3
DA:51,0
DA:52,0
DA:55,0
DA:56,0
DA:57,0
DA:58,0
DA:59,0
DA:60,0
DA:62,0
DA:67,0
DA:68,0
DA:69,0
DA:70,0
DA:74,0
DA:75,0
DA:77,0
DA:78,0
DA:80,0
DA:81,0
DA:82,0
DA:83,0
DA:84,0
DA:88,0
DA:93,0
DA:97,0
DA:112,3
DA:117,0
DA:118,0
DA:119,0
DA:120,0
DA:123,0
DA:124,0
DA:125,0
DA:128,0
DA:129,0
DA:130,0
DA:133,0
DA:134,0
DA:137,0
DA:140,0
DA:141,0
DA:142,0
DA:146,0
DA:147,0
DA:148,0
DA:150,0
DA:154,0
DA:156,0
DA:157,0
DA:158,0
DA:159,0
DA:160,0
DA:162,0
DA:166,0
DA:169,0
LF:69
LH:12
BRDA:24,0,0,0
BRDA:24,0,1,16
BRDA:56,1,0,0
BRDA:56,1,1,0
BRDA:68,2,0,0
BRDA:68,2,1,0
BRDA:75,3,0,0
BRDA:75,3,1,0
BRDA:80,4,0,0
BRDA:80,4,1,0
BRDA:119,5,0,0
BRDA:119,5,1,0
BRDA:124,6,0,0
BRDA:124,6,1,0
BRDA:128,7,0,0
BRDA:128,7,1,0
BRDA:128,8,0,0
BRDA:128,8,1,0
BRDA:133,9,0,0
BRDA:133,9,1,0
BRDA:140,10,0,0
BRDA:140,10,1,0
BRDA:151,11,0,0
BRDA:151,11,1,0
BRDA:156,12,0,0
BRDA:156,12,1,0
BRDA:156,13,0,0
BRDA:156,13,1,0
BRDA:158,14,0,0
BRDA:158,14,1,0
BRDA:160,15,0,0
BRDA:160,15,1,0
BRF:32
BRH:1
end_of_record
TN:
SF:src/utils.ts
FN:28,(anonymous_10)
FN:30,(anonymous_11)
FN:47,(anonymous_12)
FN:50,(anonymous_13)
FN:62,(anonymous_14)
FN:78,(anonymous_15)
FN:95,(anonymous_16)
FN:106,(anonymous_17)
FNF:8
FNH:8
FNDA:11,(anonymous_10)
FNDA:11,(anonymous_11)
FNDA:11,(anonymous_12)
FNDA:9,(anonymous_13)
FNDA:3,(anonymous_14)
FNDA:7,(anonymous_15)
FNDA:3,(anonymous_16)
FNDA:3,(anonymous_17)
DA:1,4
DA:2,4
DA:20,4
DA:29,11
DA:30,11
DA:32,0
DA:49,11
DA:50,9
DA:63,3
DA:64,3
DA:79,7
DA:80,7
DA:84,1
DA:96,3
DA:107,3
DA:108,3
LF:16
LH:15
BRDA:33,0,0,0
BRDA:33,0,1,0
BRDA:50,1,0,9
BRDA:50,1,1,0
BRF:4
BRH:1
end_of_record
TN:
SF:src/version.ts
FNF:0
FNH:0
DA:1,1
DA:9,1
DA:17,1
DA:19,1
LF:4
LH:4
BRF:0
BRH:0
end_of_record
TN:
SF:src/build-module/cli-module.ts
FN:21,buildModule
FN:34,(anonymous_1)
FNF:2
FNH:1
FNDA:1,buildModule
FNDA:0,(anonymous_1)
DA:1,1
DA:2,1
DA:3,1
DA:9,1
DA:21,1
DA:22,1
DA:35,0
DA:36,0
LF:8
LH:6
BRF:0
BRH:0
end_of_record
TN:
SF:src/release-module/cli-module.ts
FN:46,releaseModule
FN:79,(anonymous_1)
FN:110,(anonymous_2)
FNF:3
FNH:0
FNDA:0,releaseModule
FNDA:0,(anonymous_1)
FNDA:0,(anonymous_2)
DA:1,0
DA:2,0
DA:6,0
DA:13,0
DA:22,0
DA:34,0
DA:46,0
DA:47,0
DA:51,0
DA:80,0
DA:81,0
DA:84,0
DA:111,0
DA:112,0
DA:115,0
LF:15
LH:0
BRF:0
BRH:0
end_of_record
TN:
SF:src/utils/command-forwarder.ts
FN:12,parseOptionalBoolean
FN:17,buildValueMap
FN:22,(anonymous_2)
FN:35,runUtilsCommand
FNF:4
FNH:0
FNDA:0,parseOptionalBoolean
FNDA:0,buildValueMap
FNDA:0,(anonymous_2)
FNDA:0,runUtilsCommand
DA:2,1
DA:3,1
DA:12,1
DA:13,0
DA:14,0
DA:17,1
DA:21,0
DA:22,0
DA:23,0
DA:24,0
DA:25,0
DA:26,0
DA:28,0
DA:29,0
DA:31,0
DA:35,1
DA:40,0
DA:41,0
DA:42,0
DA:43,0
DA:44,0
DA:47,0
DA:48,0
DA:49,0
DA:50,0
DA:52,0
LF:26
LH:5
BRDA:13,0,0,0
BRDA:13,0,1,0
BRDA:24,1,0,0
BRDA:24,1,1,0
BRDA:25,2,0,0
BRDA:25,2,1,0
BRDA:25,3,0,0
BRDA:25,3,1,0
BRDA:25,3,2,0
BRDA:28,4,0,0
BRDA:28,4,1,0
BRDA:28,5,0,0
BRDA:28,5,1,0
BRDA:28,5,2,0
BRDA:43,6,0,0
BRDA:43,6,1,0
BRDA:48,7,0,0
BRDA:48,7,1,0
BRF:18
BRH:0
end_of_record
TN:
SF:src/utils-module/cli-module.ts
FN:13,(anonymous_1)
FN:30,(anonymous_2)
FN:35,(anonymous_3)
FN:47,(anonymous_4)
FN:59,(anonymous_5)
FN:60,(anonymous_6)
FN:83,(anonymous_7)
FN:88,utils
FNF:8
FNH:0
FNDA:0,(anonymous_1)
FNDA:0,(anonymous_2)
FNDA:0,(anonymous_3)
FNDA:0,(anonymous_4)
FNDA:0,(anonymous_5)
FNDA:0,(anonymous_6)
FNDA:0,(anonymous_7)
FNDA:0,utils
DA:1,0
DA:2,0
DA:3,0
DA:4,0
DA:5,0
DA:6,0
DA:7,0
DA:9,0
DA:14,0
DA:18,0
DA:19,0
DA:20,0
DA:23,0
DA:24,0
DA:25,0
DA:27,0
DA:28,0
DA:30,0
DA:31,0
DA:33,0
DA:35,0
DA:36,0
DA:41,0
DA:48,0
DA:52,0
DA:53,0
DA:54,0
DA:57,0
DA:58,0
DA:59,0
DA:60,0
DA:61,0
DA:62,0
DA:63,0
DA:64,0
DA:66,0
DA:70,0
DA:72,0
DA:73,0
DA:75,0
DA:76,0
DA:77,0
DA:78,0
DA:81,0
DA:82,0
DA:83,0
DA:88,0
DA:89,0
DA:93,0
DA:94,0
DA:95,0
LF:51
LH:0
BRDA:25,0,0,0
BRDA:25,0,1,0
BRDA:25,0,2,0
BRDA:59,1,0,0
BRDA:62,2,0,0
BRDA:62,2,1,0
BRDA:63,3,0,0
BRDA:63,3,1,0
BRDA:63,4,0,0
BRDA:63,4,1,0
BRDA:63,4,2,0
BRDA:70,5,0,0
BRDA:70,5,1,0
BRDA:70,5,2,0
BRF:14
BRH:0
end_of_record
